<?xml version="1.0" encoding="UTF-8"?><TestSessionContainer xmlns="http://www.codecover.org/xml/testsession-container" Date="1646102552277" TestSessionContainerId="04e7cab0-c2d0-4069-a0b3-54ba59442428" version="1.0">
    <SrcFileList>
        <SrcFile Content="package org.jfree.data.test;&#13;&#10;&#13;&#10;import static org.junit.Assert.*;&#13;&#10;import org.junit.*;&#13;&#10;import org.jfree.data.*;&#13;&#10;import org.jmock.*;&#13;&#10;import org.jmock.Expectations;&#13;&#10;&#13;&#10;import org.junit.Test;&#13;&#10;&#13;&#10;public class DataUtilitiesTest {&#13;&#10;&#9;Mockery mockingContext;&#13;&#10;&#13;&#10;&#9;    @Before&#13;&#10;&#9;    public void setUp() throws Exception {&#13;&#10;&#9;&#9;mockingContext = new Mockery();&#13;&#10;&#9;    }&#13;&#10;&#13;&#10;&#13;&#10;&#9;    @Test&#13;&#10;&#9;    //This tests for properly calculating a row total&#13;&#10;&#9;    public void calculateRowTotalForTwoValues() {&#13;&#10;&#9;&#9;//Arrange&#13;&#10;&#9;&#9;final Values2D values = mockingContext.mock(Values2D.class);&#13;&#10;&#9;&#9;mockingContext.checking(new Expectations() {&#13;&#10;&#9;&#9;    {&#13;&#10;&#9;&#9;&#9;one(values).getColumnCount();&#13;&#10;&#9;&#9;&#9;will(returnValue(2));&#13;&#10;&#9;&#9;&#9;one(values).getValue(0, 0);&#13;&#10;&#9;&#9;&#9;will(returnValue(7.5));&#13;&#10;&#9;&#9;&#9;one(values).getValue(0, 1);&#13;&#10;&#9;&#9;&#9;will(returnValue(2.5));&#13;&#10;&#9;&#9;    }&#13;&#10;&#9;&#9;});&#13;&#10;&#9;&#9;//Act&#13;&#10;&#9;&#9;double result = DataUtilities.calculateRowTotal(values, 0);&#13;&#10;&#9;&#9;//Assert&#13;&#10;&#9;&#9;assertEquals(result, 10.0, .000000001d);&#13;&#10;&#9;    }&#13;&#10;&#13;&#10;&#13;&#10;&#9;    @Test&#13;&#10;&#9;    //This tests for calculating row total when there is no table&#13;&#10;&#9;    public void calculateRowTotalForNoTable() {&#13;&#10;&#9;&#9;//Arrange&#13;&#10;&#9;&#9;final Values2D values = mockingContext.mock(Values2D.class);&#13;&#10;&#9;&#9;mockingContext.checking(new Expectations() {&#13;&#10;&#9;&#9;    {&#13;&#10;&#9;&#9;&#9;one(values).getColumnCount();&#13;&#10;&#9;&#9;&#9;will(returnValue(0));&#13;&#10;&#9;&#9;    }&#13;&#10;&#9;&#9;});&#13;&#10;&#9;&#9;//Act&#13;&#10;&#9;&#9;double result = DataUtilities.calculateRowTotal(values, 0);&#13;&#10;&#9;&#9;//Assert&#13;&#10;&#9;&#9;assertEquals(result, 0, .000000001d);&#13;&#10;&#9;    }&#13;&#10;&#13;&#10;&#9;    @Test&#13;&#10;&#9;    //This tests for calculating a row with a zero value&#13;&#10;&#9;    public void calculateRowTotalWithOneZeroValue() {&#13;&#10;&#9;&#9;//Arrange&#13;&#10;&#9;&#9;final Values2D values = mockingContext.mock(Values2D.class);&#13;&#10;&#9;&#9;mockingContext.checking(new Expectations() {&#13;&#10;&#9;&#9;    {&#13;&#10;&#9;&#9;&#9;one(values).getColumnCount();&#13;&#10;&#9;&#9;&#9;will(returnValue(3));&#13;&#10;&#9;&#9;&#9;one(values).getValue(0, 0);&#13;&#10;&#9;&#9;&#9;will(returnValue(0));&#13;&#10;&#9;&#9;&#9;one(values).getValue(0, 1);&#13;&#10;&#9;&#9;&#9;will(returnValue(2.5));&#13;&#10;&#9;&#9;&#9;one(values).getValue(0, 2);&#13;&#10;&#9;&#9;&#9;will(returnValue(5));&#13;&#10;&#9;&#9;    }&#13;&#10;&#9;&#9;});&#13;&#10;&#9;&#9;//Act&#13;&#10;&#9;&#9;double result = DataUtilities.calculateRowTotal(values, 0);&#13;&#10;&#9;&#9;//Assert&#13;&#10;&#9;&#9;assertEquals(result, 7.5, .000000001d);&#13;&#10;&#9;    }&#13;&#10;&#13;&#10;&#9;    @Test&#13;&#10;&#9;    //This tests for calculating a row when the row only contains zero values&#13;&#10;&#9;    public void calculateRowTotalForZeroValues() {&#13;&#10;&#9;&#9;//Arrange&#13;&#10;&#9;&#9;final Values2D values = mockingContext.mock(Values2D.class);&#13;&#10;&#9;&#9;mockingContext.checking(new Expectations() {&#13;&#10;&#9;&#9;    {&#13;&#10;&#9;&#9;&#9;one(values).getColumnCount();&#13;&#10;&#9;&#9;&#9;will(returnValue(3));&#13;&#10;&#9;&#9;&#9;one(values).getValue(0, 0);&#13;&#10;&#9;&#9;&#9;will(returnValue(0));&#13;&#10;&#9;&#9;&#9;one(values).getValue(0, 1);&#13;&#10;&#9;&#9;&#9;will(returnValue(0));&#13;&#10;&#9;&#9;&#9;one(values).getValue(0, 2);&#13;&#10;&#9;&#9;&#9;will(returnValue(0));&#13;&#10;&#9;&#9;    }&#13;&#10;&#9;&#9;});&#13;&#10;&#9;&#9;//Act&#13;&#10;&#9;&#9;double result = DataUtilities.calculateRowTotal(values, 0);&#13;&#10;&#9;&#9;//Assert&#13;&#10;&#9;&#9;assertEquals(result, 0, .000000001d);&#13;&#10;&#9;    }&#13;&#10;&#13;&#10;&#9;    @Test&#13;&#10;&#9;    //This tests for calculating a row with a null value&#13;&#10;&#9;    public void calculateRowTotalWithOneNullValue() {&#13;&#10;&#9;&#9;//Arrange&#13;&#10;&#9;&#9;final Values2D values = mockingContext.mock(Values2D.class);&#13;&#10;&#9;&#9;mockingContext.checking(new Expectations() {&#13;&#10;&#9;&#9;    {&#13;&#10;&#9;&#9;&#9;one(values).getColumnCount();&#13;&#10;&#9;&#9;&#9;will(returnValue(3));&#13;&#10;&#9;&#9;&#9;one(values).getValue(0, 0);&#13;&#10;&#9;&#9;&#9;will(returnValue(null));&#13;&#10;&#9;&#9;&#9;one(values).getValue(0, 1);&#13;&#10;&#9;&#9;&#9;will(returnValue(2.5));&#13;&#10;&#9;&#9;&#9;one(values).getValue(0, 2);&#13;&#10;&#9;&#9;&#9;will(returnValue(3));&#13;&#10;&#9;&#9;    }&#13;&#10;&#9;&#9;});&#13;&#10;&#9;&#9;//Act&#13;&#10;&#9;&#9;double result = DataUtilities.calculateRowTotal(values, 0);&#13;&#10;&#9;&#9;//Assert&#13;&#10;&#9;&#9;assertEquals(result, 5.5, .000000001d);&#13;&#10;&#9;    }&#13;&#10;&#13;&#10;&#9;    @Test&#13;&#10;&#9;    //This tests for calculating a row with only null values&#13;&#10;&#9;    public void calculateRowTotalForNullValues() {&#13;&#10;&#9;&#9;//Arrange&#13;&#10;&#9;&#9;final Values2D values = mockingContext.mock(Values2D.class);&#13;&#10;&#9;&#9;mockingContext.checking(new Expectations() {&#13;&#10;&#9;&#9;    {&#13;&#10;&#9;&#9;&#9;one(values).getColumnCount();&#13;&#10;&#9;&#9;&#9;will(returnValue(3));&#13;&#10;&#9;&#9;&#9;one(values).getValue(0, 0);&#13;&#10;&#9;&#9;&#9;will(returnValue(null));&#13;&#10;&#9;&#9;&#9;one(values).getValue(0, 1);&#13;&#10;&#9;&#9;&#9;will(returnValue(null));&#13;&#10;&#9;&#9;&#9;one(values).getValue(0, 2);&#13;&#10;&#9;&#9;&#9;will(returnValue(null));&#13;&#10;&#9;&#9;    }&#13;&#10;&#9;&#9;});&#13;&#10;&#9;&#9;//Act&#13;&#10;&#9;&#9;double result = DataUtilities.calculateRowTotal(values, 0);&#13;&#10;&#9;&#9;//Assert&#13;&#10;&#9;&#9;assertEquals(result, 0, .000000001d);&#13;&#10;&#9;    }&#13;&#10;&#13;&#10;&#9;    @Test(expected = IndexOutOfBoundsException.class)&#13;&#10;&#9;    //This tests for whether calculating a positive out of bounds row will throw an exception&#13;&#10;&#9;    public void calculateRowTotalForPositiveRowWhichDoesNotExist() {&#13;&#10;&#9;&#9;//Arrange&#13;&#10;&#9;&#9;final Values2D values = mockingContext.mock(Values2D.class);&#13;&#10;&#9;&#9;mockingContext.checking(new Expectations() {&#13;&#10;&#9;&#9;    {&#13;&#10;&#9;&#9;&#9;one(values).getColumnCount();&#13;&#10;&#9;&#9;&#9;will(returnValue(3));&#13;&#10;&#9;&#9;&#9;one(values).getValue(3, 0);&#13;&#10;&#9;&#9;&#9;will(returnValue(null));&#13;&#10;&#9;&#9;&#9;one(values).getValue(3, 1);&#13;&#10;&#9;&#9;&#9;will(returnValue(null));&#13;&#10;&#9;&#9;&#9;one(values).getValue(3, 2);&#13;&#10;&#9;&#9;&#9;will(returnValue(null));&#13;&#10;&#9;&#9;    }&#13;&#10;&#9;&#9;});&#13;&#10;&#9;&#9;//Act&#13;&#10;&#9;&#9;double result = DataUtilities.calculateRowTotal(values, 3);&#13;&#10;&#9;&#9;//Assert&#13;&#10;&#9;&#9;assertEquals(result, 0, .000000001d);&#13;&#10;&#13;&#10;&#9;    }&#13;&#10;&#13;&#10;&#9;    @Test(expected = IndexOutOfBoundsException.class)&#13;&#10;&#9;    //This tests for whether calculating a negative out of bounds row will throw an exception&#13;&#10;&#9;    public void calculateRowTotalForNegativeRowWhichDoesNotExist() {&#13;&#10;&#9;&#9;//Arrange&#13;&#10;&#9;&#9;final Values2D values = mockingContext.mock(Values2D.class);&#13;&#10;&#9;&#9;mockingContext.checking(new Expectations() {&#13;&#10;&#9;&#9;    {&#13;&#10;&#9;&#9;&#9;one(values).getColumnCount();&#13;&#10;&#9;&#9;&#9;will(returnValue(3));&#13;&#10;&#9;&#9;&#9;one(values).getValue(-2, 0);&#13;&#10;&#9;&#9;&#9;will(returnValue(null));&#13;&#10;&#9;&#9;&#9;one(values).getValue(-2, 1);&#13;&#10;&#9;&#9;&#9;will(returnValue(null));&#13;&#10;&#9;&#9;&#9;one(values).getValue(-2, 2);&#13;&#10;&#9;&#9;&#9;will(returnValue(null));&#13;&#10;&#9;&#9;    }&#13;&#10;&#9;&#9;});&#13;&#10;&#9;&#9;//Act&#13;&#10;&#9;&#9;double result = DataUtilities.calculateRowTotal(values, -2);&#13;&#10;&#9;&#9;//Assert&#13;&#10;&#9;&#9;assertEquals(result, 0, .000000001d);&#13;&#10;&#13;&#10;&#9;    }&#13;&#10;&#9;    &#13;&#10;&#9;    @Test(expected = IllegalArgumentException.class)&#13;&#10;&#9;    // This test the method with a null parameter, which is not permitted.&#13;&#10;&#9;    public void calculateRowTotalNullParamter() {&#13;&#10;&#9;&#9;&#9;double results = DataUtilities.calculateColumnTotal(null, 0);&#13;&#10;&#9;&#9;&#9;assertEquals(results, 4.75, 0.0000001d);&#13;&#10;&#9;&#9;}&#13;&#10;&#9;    &#13;&#10;&#9;    @Test&#13;&#10;&#9;    //This test is for checking if two equal arrays are equal.&#13;&#10;&#9;    public void EqualArrays() {&#13;&#10;&#9;       //Arrange&#13;&#10;&#9;&#9;double[][] arrayOne = {&#9;{10.5, 20.24},&#13;&#10;&#9;&#9;&#9;&#9;&#9;&#9;&#9;&#9;{4.2, 14.52} };&#13;&#10;&#13;&#10;&#9;&#9;double[][] arrayTwo = {&#9;{10.5, 20.24},&#13;&#10;&#9;&#9;&#9;&#9;&#9;&#9;&#9;&#9;&#9;{4.2, 14.52} };&#13;&#10;&#9;       //Act&#13;&#10;&#9;&#9;boolean result = DataUtilities.equal(arrayOne, arrayTwo);&#13;&#10;&#9;       //Assert&#13;&#10;&#9;&#9;assertTrue(&quot;Arrays should be equal&quot;,result);&#13;&#10;&#9;    }&#13;&#10;&#13;&#10;&#9;    @Test&#13;&#10;&#9;    //This test is for checking if two non equal arrays are equal.&#13;&#10;&#9;    public void NonEqualArrays() {&#13;&#10;&#9;       //Arrange&#13;&#10;&#9;&#9;double[][] arrayOne = {&#9;{10.5, 20.24},&#13;&#10;&#9;&#9;&#9;&#9;&#9;&#9;&#9;&#9;{4.2, 14.52} };&#13;&#10;&#13;&#10;&#9;&#9;double[][] arrayTwo = {&#9;{20.5, 25.24},&#13;&#10;&#9;&#9;&#9;&#9;&#9;&#9;&#9;&#9;&#9;{4.2, 14.92} };&#13;&#10;&#9;       //Act&#13;&#10;&#9;&#9;boolean result = DataUtilities.equal(arrayOne, arrayTwo);&#13;&#10;&#9;       //Assert&#13;&#10;&#9;&#9;assertFalse(&quot;Arrays should not be equal&quot;,result);&#13;&#10;&#9;    }&#13;&#10;&#13;&#10;&#9;    @Test&#13;&#10;&#9;    //This tests for two non-equal arrays due to negative values&#13;&#10;&#9;    public void NonEqualArraysWithNegativeValues() {&#13;&#10;&#9;       //Arrange&#13;&#10;&#9;&#9;double[][] arrayOne = {&#9;{-10.5, 20.24},&#13;&#10;&#9;&#9;&#9;&#9;&#9;&#9;&#9;&#9;{4.2, 14.52} };&#13;&#10;&#13;&#10;&#9;&#9;double[][] arrayTwo = {&#9;{10.5, 20.24},&#13;&#10;&#9;&#9;&#9;&#9;&#9;&#9;&#9;&#9;&#9;{4.2, 14.52} };&#13;&#10;&#9;       //Act&#13;&#10;&#9;&#9;boolean result = DataUtilities.equal(arrayOne, arrayTwo);&#13;&#10;&#9;       //Assert&#13;&#10;&#9;&#9;assertFalse(&quot;Arrays should not be equal due to one array with negative values and second array with only positive values&quot;,result);&#13;&#10;&#9;    }&#13;&#10;&#13;&#10;&#9;    @Test&#13;&#10;&#9;    //This tests for two equal arrays, both with empty elements&#13;&#10;&#9;    public void EqualArraysWithEmptyElements() {&#13;&#10;&#9;       //Arrange&#13;&#10;&#9;&#9;double[][] arrayOne = new double [2][2];&#13;&#10;&#13;&#10;&#9;&#9;double[][] arrayTwo = new double [2][2];&#13;&#10;&#9;&#9;arrayOne[0][0] = 12.4;&#13;&#10;&#9;&#9;arrayTwo[0][0] = 12.4;&#13;&#10;&#9;&#9;arrayOne[1][1] = 42.7;&#13;&#10;&#9;&#9;arrayTwo[1][1] = 42.7;&#13;&#10;&#9;       //Act&#13;&#10;&#9;&#9;boolean result = DataUtilities.equal(arrayOne, arrayTwo);&#13;&#10;&#9;       //Assert&#13;&#10;&#9;&#9;assertTrue(&quot;Arrays should be equal with both having same empty elements&quot;,result);&#13;&#10;&#9;    }&#13;&#10;&#13;&#10;&#9;    @Test&#13;&#10;&#9;    //This tests for two equal arrays, both null&#13;&#10;&#9;    public void EqualArraysWithNullArrays() {&#13;&#10;&#9;       //Arrange&#13;&#10;&#9;&#9;double[][] arrayOne = null;&#13;&#10;&#13;&#10;&#9;&#9;double[][] arrayTwo = null;&#13;&#10;&#9;       //Act&#13;&#10;&#9;&#9;boolean result = DataUtilities.equal(arrayOne, arrayTwo);&#13;&#10;&#9;       //Assert&#13;&#10;&#9;&#9;assertTrue(&quot;Arrays should be equal due to both being null arrays&quot;,result);&#13;&#10;&#9;    }&#13;&#10;&#13;&#10;&#9;    @Test&#13;&#10;&#9;    //This tests for equal arrays, both with empty arrays&#13;&#10;&#9;    public void EqualArraysWithEmptyArrays() {&#13;&#10;&#9;       //Arrange&#13;&#10;&#9;&#9;double[][] arrayOne = new double [3][3];&#13;&#10;&#13;&#10;&#9;&#9;double[][] arrayTwo = new double [3][3];&#13;&#10;&#9;       //Act&#13;&#10;&#9;&#9;boolean result = DataUtilities.equal(arrayOne, arrayTwo);&#13;&#10;&#9;       //Assert&#13;&#10;&#9;&#9;assertTrue(&quot;Arrays should be equal due to both being empty arrays&quot;,result);&#13;&#10;&#9;    }&#13;&#10;&#13;&#10;&#9;    @Test&#13;&#10;&#9;    //This tests for non equal arrays, both with differing row sizes&#13;&#10;&#9;    public void NonEqualArraysOfDifferentRowSizes() {&#13;&#10;&#9;       //Arrange&#13;&#10;&#9;&#9;double[][] arrayOne = {&#9;{10.5, 20.24},&#13;&#10;&#9;&#9;&#9;&#9;&#9;&#9;&#9;&#9;{4.2, 14.52} };&#13;&#10;&#13;&#10;&#9;&#9;double[][] arrayTwo = new double [3][2];&#13;&#10;&#9;&#9;arrayTwo[0][0] = 10.5;&#13;&#10;&#9;&#9;arrayTwo[0][1] = 20.24;&#13;&#10;&#9;&#9;arrayTwo[1][0] = 4.2;&#13;&#10;&#9;&#9;arrayTwo[1][1] = 14.52;&#13;&#10;&#9;       //Act&#13;&#10;&#9;&#9;boolean result = DataUtilities.equal(arrayOne, arrayTwo);&#13;&#10;&#9;       //Assert&#13;&#10;&#9;&#9;assertFalse(&quot;Arrays should not be equal due to different row sizes&quot;,result);&#13;&#10;&#9;    }&#13;&#10;&#13;&#10;&#9;    @Test&#13;&#10;&#9;    //This tests for non equal arrays, both with differing row sizes&#13;&#10;&#9;    public void NonEqualArraysOfDifferentColumnSizes() {&#13;&#10;&#9;       //Arrange&#13;&#10;&#9;&#9;double[][] arrayOne = {&#9;{10.5, 20.24},&#13;&#10;&#9;&#9;&#9;&#9;&#9;&#9;&#9;&#9;{4.2, 14.52} };&#13;&#10;&#13;&#10;&#9;&#9;double[][] arrayTwo = new double [2][3];&#13;&#10;&#9;&#9;arrayTwo[0][0] = 10.5;&#13;&#10;&#9;&#9;arrayTwo[0][1] = 20.24;&#13;&#10;&#9;&#9;arrayTwo[1][0] = 4.2;&#13;&#10;&#9;&#9;arrayTwo[1][1] = 14.52;&#13;&#10;&#9;       //Act&#13;&#10;&#9;&#9;boolean result = DataUtilities.equal(arrayOne, arrayTwo);&#13;&#10;&#9;       //Assert&#13;&#10;&#9;&#9;assertFalse(&quot;Arrays should not be equal due to different column sizes&quot;,result);&#13;&#10;&#9;    }&#13;&#10;&#13;&#10;&#9;    @Test&#13;&#10;&#9;    //This tests for equal arrays, both with negative values&#13;&#10;&#9;    public void EqualArraysWithNegativeValues() {&#13;&#10;&#9;       //Arrange&#13;&#10;&#9;&#9;double[][] arrayOne = {&#9;{-10.5, 20.24},&#13;&#10;&#9;&#9;&#9;&#9;&#9;&#9;&#9;&#9;{4.2, -14.52} };&#13;&#10;&#13;&#10;&#9;&#9;double[][] arrayTwo = {&#9;{-10.5, 20.24},&#13;&#10;&#9;&#9;&#9;&#9;&#9;&#9;&#9;&#9;&#9;{4.2, -14.52} };&#13;&#10;&#9;       //Act&#13;&#10;&#9;&#9;boolean result = DataUtilities.equal(arrayOne, arrayTwo);&#13;&#10;&#9;       //Assert&#13;&#10;&#9;&#9;assertTrue(&quot;Arrays should be equal with negative values&quot;,result);&#13;&#10;&#9;    }&#13;&#10;&#9;@Test&#13;&#10;&#9;// This is just a basic test with positive values to see if it works as intended using column 0&#13;&#10;&#9;public void testBasicCalculateColumnTotal() {&#13;&#10;&#9;&#9;Mockery context = new Mockery();&#13;&#10;&#9;&#9;final Values2D values = context.mock(Values2D.class);&#13;&#10;&#9;&#9;context.checking(new org.jmock.Expectations() {&#13;&#10;&#9;&#9;&#9;{&#13;&#10;&#9;&#9;&#9;&#9;one(values).getRowCount();&#13;&#10;&#9;&#9;&#9;&#9;will(returnValue(2));&#13;&#10;&#9;&#9;&#9;&#9;one(values).getValue(0,0);&#13;&#10;&#9;&#9;&#9;&#9;will(returnValue(7.5));&#13;&#10;&#9;&#9;&#9;&#9;one(values).getValue(1,0);&#13;&#10;&#9;&#9;&#9;&#9;will(returnValue(2.5));&#13;&#10;&#9;&#9;&#9;}&#13;&#10;&#9;&#9;});&#13;&#10;&#9;&#9;double results = DataUtilities.calculateColumnTotal(values, 0);&#13;&#10;&#9;&#9;assertEquals(results, 10.0, 0.0000001d);&#13;&#10;&#9;}&#13;&#10;&#9;&#13;&#10;&#9;@Test&#13;&#10;&#9;// This tests to see if null values are ignored when calculating the total by adding a single null value in a column.&#13;&#10;&#9;public void testCalculateColumnTotalWithNull() {&#13;&#10;&#9;&#9;Mockery context = new Mockery();&#13;&#10;&#9;&#9;final Values2D values = context.mock(Values2D.class);&#13;&#10;&#9;&#9;context.checking(new org.jmock.Expectations() {&#13;&#10;&#9;&#9;&#9;{&#13;&#10;&#9;&#9;&#9;&#9;one(values).getRowCount();&#13;&#10;&#9;&#9;&#9;&#9;will(returnValue(2));&#13;&#10;&#9;&#9;&#9;&#9;one(values).getValue(0,0);&#13;&#10;&#9;&#9;&#9;&#9;will(returnValue(7.5));&#13;&#10;&#9;&#9;&#9;&#9;one(values).getValue(1,0);&#13;&#10;&#9;&#9;&#9;&#9;will(returnValue(null));&#13;&#10;&#9;&#9;&#9;}&#13;&#10;&#9;&#9;});&#13;&#10;&#9;&#9;double results = DataUtilities.calculateColumnTotal(values, 0);&#13;&#10;&#9;&#9;assertEquals(results, 7.5, 0.0000001d);&#13;&#10;&#9;}&#13;&#10;&#9;&#13;&#10;&#9;@Test&#13;&#10;&#9;// This tests to see if null values are ignored when calculating the total by having an entire column null&#13;&#10;&#9;public void testCalculateColumnTotalWithAllNulls() {&#13;&#10;&#9;&#9;Mockery context = new Mockery();&#13;&#10;&#9;&#9;final Values2D values = context.mock(Values2D.class);&#13;&#10;&#9;&#9;context.checking(new org.jmock.Expectations() {&#13;&#10;&#9;&#9;&#9;{&#13;&#10;&#9;&#9;&#9;&#9;one(values).getRowCount();&#13;&#10;&#9;&#9;&#9;&#9;will(returnValue(2));&#13;&#10;&#9;&#9;&#9;&#9;one(values).getValue(0,0);&#13;&#10;&#9;&#9;&#9;&#9;will(returnValue(null));&#13;&#10;&#9;&#9;&#9;&#9;one(values).getValue(1,0);&#13;&#10;&#9;&#9;&#9;&#9;will(returnValue(null));&#13;&#10;&#9;&#9;&#9;}&#13;&#10;&#9;&#9;});&#13;&#10;&#9;&#9;double results = DataUtilities.calculateColumnTotal(values, 0);&#13;&#10;&#9;&#9;assertEquals(results, 0, 0.0000001d);&#13;&#10;&#9;}&#13;&#10;&#9;&#13;&#10;&#9;@Test&#13;&#10;&#9;// This tests to see if the calculated value is 0 when there are no rows.&#13;&#10;&#9;public void testCalculateColumnTotalWithNoRows() {&#13;&#10;&#9;&#9;Mockery context = new Mockery();&#13;&#10;&#9;&#9;final Values2D values = context.mock(Values2D.class);&#13;&#10;&#9;&#9;context.checking(new org.jmock.Expectations() {&#13;&#10;&#9;&#9;&#9;{&#13;&#10;&#9;&#9;&#9;&#9;one(values).getRowCount();&#13;&#10;&#9;&#9;&#9;&#9;will(returnValue(0));&#13;&#10;&#9;&#9;&#9;}&#13;&#10;&#9;&#9;});&#13;&#10;&#9;&#9;double results = DataUtilities.calculateColumnTotal(values, 0);&#13;&#10;&#9;&#9;assertEquals(results, 0, 0.0000001d);&#13;&#10;&#9;}&#13;&#10;&#9;&#13;&#10;&#9;@Test(expected = IndexOutOfBoundsException.class)&#13;&#10;&#9;// This tests to see if an IndexOutOfBoundsException is thrown when entering the column -1&#13;&#10;&#9;public void testCalculateColumnTotalOutOfBoundsNegative() {&#13;&#10;&#9;&#9;Mockery context = new Mockery();&#13;&#10;&#9;&#9;final Values2D values = context.mock(Values2D.class);&#13;&#10;&#9;&#9;context.checking(new org.jmock.Expectations() {&#13;&#10;&#9;&#9;&#9;{&#13;&#10;&#9;&#9;&#9;&#9;one(values).getRowCount();&#13;&#10;&#9;&#9;&#9;&#9;will(returnValue(2));&#13;&#10;&#9;&#9;&#9;&#9;one(values).getValue(0, -1);&#13;&#10;&#9;&#9;&#9;&#9;will(returnValue(null));&#13;&#10;&#9;&#9;&#9;&#9;one(values).getValue(1, -1);&#13;&#10;&#9;&#9;&#9;&#9;will(returnValue(null));&#13;&#10;&#9;&#9;&#9;}&#13;&#10;&#9;&#9;});&#13;&#10;&#9;&#9;double results = DataUtilities.calculateColumnTotal(values, -1);&#13;&#10;&#9;&#9;assertEquals(results, 0, 0.0000001d);&#13;&#10;&#9;}&#13;&#10;&#9;&#13;&#10;&#9;@Test(expected = IndexOutOfBoundsException.class)&#13;&#10;&#9;// This tests to see if an IndexOutOfBoundsException is thrown when entering a column greater than the maximum index allows (in this case, column 2)&#13;&#10;&#9;public void testCalculateColumnTotalOutOfBoundsPositive() {&#13;&#10;&#9;&#9;Mockery context = new Mockery();&#13;&#10;&#9;&#9;final Values2D values = context.mock(Values2D.class);&#13;&#10;&#9;&#9;context.checking(new org.jmock.Expectations() {&#13;&#10;&#9;&#9;&#9;{&#13;&#10;&#9;&#9;&#9;&#9;one(values).getRowCount();&#13;&#10;&#9;&#9;&#9;&#9;will(returnValue(2));&#13;&#10;&#9;&#9;&#9;&#9;one(values).getColumnCount();&#13;&#10;&#9;&#9;&#9;&#9;will(returnValue(2));&#13;&#10;&#9;&#9;&#9;&#9;one(values).getValue(0, 2);&#13;&#10;&#9;&#9;&#9;&#9;will(returnValue(null));&#13;&#10;&#9;&#9;&#9;&#9;one(values).getValue(1, 2);&#13;&#10;&#9;&#9;&#9;&#9;will(returnValue(null));&#13;&#10;&#9;&#9;&#9;}&#13;&#10;&#9;&#9;});&#13;&#10;&#9;&#9;double results = DataUtilities.calculateColumnTotal(values, 2);&#13;&#10;&#9;&#9;assertEquals(results, 0, 0.0000001d);&#13;&#10;&#9;}&#13;&#10;&#9;&#13;&#10;&#9;@Test&#13;&#10;&#9;// This tests to see if the method still works as intended when selecting the positive bound (in this case, column 1)&#13;&#10;&#9;public void testCalculateColumnPositiveBound() {&#13;&#10;&#9;&#9;Mockery context = new Mockery();&#13;&#10;&#9;&#9;final Values2D values = context.mock(Values2D.class);&#13;&#10;&#9;&#9;context.checking(new org.jmock.Expectations() {&#13;&#10;&#9;&#9;&#9;{&#13;&#10;&#9;&#9;&#9;&#9;one(values).getRowCount();&#13;&#10;&#9;&#9;&#9;&#9;will(returnValue(2));&#13;&#10;&#9;&#9;&#9;&#9;one(values).getColumnCount();&#13;&#10;&#9;&#9;&#9;&#9;will(returnValue(2));&#13;&#10;&#9;&#9;&#9;&#9;one(values).getValue(0, 1);&#13;&#10;&#9;&#9;&#9;&#9;will(returnValue(-1));&#13;&#10;&#9;&#9;&#9;&#9;one(values).getValue(1, 1);&#13;&#10;&#9;&#9;&#9;&#9;will(returnValue(-0.35));&#13;&#10;&#9;&#9;&#9;}&#13;&#10;&#9;&#9;});&#13;&#10;&#9;&#9;double results = DataUtilities.calculateColumnTotal(values, 1);&#13;&#10;&#9;&#9;assertEquals(results, -1.35, 0.0000001d);&#13;&#10;&#9;}&#13;&#10;&#9;&#13;&#10;&#9;@Test(expected = IllegalArgumentException.class)&#13;&#10;&#9;// This tests to see if an exception is thrown when the method is given a null parameter, which is not permitted.&#13;&#10;&#9;public void testCalculateColumnNullParameter() {&#13;&#10;&#9;&#9;double results = DataUtilities.calculateColumnTotal(null, 0);&#13;&#10;&#9;}&#13;&#10;&#9;&#13;&#10;&#9;@Test&#13;&#10;&#9;// This tests to see if the method still works as intended when selecting the positive bound (in this case, column 1)&#13;&#10;&#9;public void testCalculateColumnValidRows() {&#13;&#10;&#9;&#9;Mockery context = new Mockery();&#13;&#10;&#9;&#9;final Values2D values = context.mock(Values2D.class);&#13;&#10;&#9;&#9;context.checking(new org.jmock.Expectations() {&#13;&#10;&#9;&#9;&#9;{&#13;&#10;&#9;&#9;&#9;&#9;one(values).getRowCount();&#13;&#10;&#9;&#9;&#9;&#9;will(returnValue(5));&#13;&#10;&#9;&#9;&#9;&#9;one(values).getValue(0, 0);&#13;&#10;&#9;&#9;&#9;&#9;will(returnValue(2));&#13;&#10;&#9;&#9;&#9;&#9;one(values).getValue(1, 0);&#13;&#10;&#9;&#9;&#9;&#9;will(returnValue(3.75));&#13;&#10;&#9;&#9;&#9;&#9;one(values).getValue(2, 0);&#13;&#10;&#9;&#9;&#9;&#9;will(returnValue(-1));&#13;&#10;&#9;&#9;&#9;&#9;one(values).getValue(3, 0);&#13;&#10;&#9;&#9;&#9;&#9;will(returnValue(-0.35));&#13;&#10;&#9;&#9;&#9;&#9;one(values).getValue(4, 0);&#13;&#10;&#9;&#9;&#9;&#9;will(returnValue(-1.5));&#13;&#10;&#9;&#9;&#9;}&#13;&#10;&#9;&#9;});&#13;&#10;&#9;&#9;int[] validRows = {0, 1, 2};&#13;&#10;&#9;&#9;double results = DataUtilities.calculateColumnTotal(values, 0, validRows);&#13;&#10;&#9;&#9;assertEquals(results, 4.75, 0.0000001d);&#13;&#10;&#9;}&#13;&#10;&#9;&#13;&#10;&#9;@Test&#13;&#10;&#9;// This tests the method using positive integers and decimals&#13;&#10;&#9;public void testCreateNumberArrayPositiveValues() {&#13;&#10;&#9;&#9;double[] testArray = {1.5, 2.244, 3.325, 2, 5, 23.4, 2.00001, 0};&#13;&#10;&#9;&#9;Number[] results = DataUtilities.createNumberArray(testArray);&#13;&#10;&#9;&#9;assertEquals(results[0].doubleValue(), 1.5, 0.0000001d);&#13;&#10;&#9;&#9;assertEquals(results[1].doubleValue(), 2.244, 0.0000001d);&#13;&#10;&#9;&#9;assertEquals(results[2].doubleValue(), 3.325, 0.0000001d);&#13;&#10;&#9;&#9;assertEquals(results[3].doubleValue(), 2, 0.0000001d);&#13;&#10;&#9;&#9;assertEquals(results[4].doubleValue(), 5, 0.0000001d);&#13;&#10;&#9;&#9;assertEquals(results[5].doubleValue(), 23.4, 0.0000001d);&#13;&#10;&#9;&#9;assertEquals(results[6].doubleValue(), 2.00001, 0.0000001d);&#13;&#10;&#9;&#9;assertEquals(results[7].doubleValue(), 0, 0.0000001d);&#13;&#10;&#9;}&#13;&#10;&#9;&#13;&#10;&#9;@Test&#13;&#10;&#9;// This tests the method using negative integers and decimals&#13;&#10;&#9;public void testCreateNumberArrayNegativeValues() {&#13;&#10;&#9;&#9;double[] testArray = {-1.5, -2.244, -3.325, -2, -5, -23.4, -2.00001, 0};&#13;&#10;&#9;&#9;Number[] results = DataUtilities.createNumberArray(testArray);&#13;&#10;&#9;&#9;assertEquals(results[0].doubleValue(), -1.5, 0.0000001d);&#13;&#10;&#9;&#9;assertEquals(results[1].doubleValue(), -2.244, 0.0000001d);&#13;&#10;&#9;&#9;assertEquals(results[2].doubleValue(), -3.325, 0.0000001d);&#13;&#10;&#9;&#9;assertEquals(results[3].doubleValue(), -2, 0.0000001d);&#13;&#10;&#9;&#9;assertEquals(results[4].doubleValue(), -5, 0.0000001d);&#13;&#10;&#9;&#9;assertEquals(results[5].doubleValue(), -23.4, 0.0000001d);&#13;&#10;&#9;&#9;assertEquals(results[6].doubleValue(), -2.00001, 0.0000001d);&#13;&#10;&#9;&#9;assertEquals(results[7].doubleValue(), -0, 0.0000001d);&#13;&#10;&#9;}&#13;&#10;&#9;&#13;&#10;&#9;@Test(expected = IllegalArgumentException.class)&#13;&#10;&#9;// This tests the method using null values, which are not permitted. Thus, it should throw an illegal argument exception.&#13;&#10;&#9;public void testCreateNumberArrayNullParameter() {&#13;&#10;&#9;&#9;Number[] results = DataUtilities.createNumberArray(null);&#13;&#10;&#9;}&#13;&#10;&#9;&#13;&#10;&#9;@Test&#13;&#10;&#9;// This tests the method using only positive integers&#13;&#10;&#9;public void testGetCumulativePercentagesPositiveIntegers() {&#13;&#10;&#9;&#9;Mockery context = new Mockery();&#13;&#10;&#9;&#9;final KeyedValues values = context.mock(KeyedValues.class);&#13;&#10;&#9;&#9;context.checking(new org.jmock.Expectations() {&#13;&#10;&#9;&#9;&#9;{&#13;&#10;&#9;&#9;&#9;&#9;allowing(values).getItemCount();&#13;&#10;&#9;&#9;&#9;&#9;will(returnValue(3));&#13;&#10;&#9;&#9;&#9;&#9;allowing(values).getKey(0);&#13;&#10;&#9;&#9;&#9;&#9;will(returnValue(&quot;2010 Plagiarism Incidents&quot;));&#13;&#10;&#9;&#9;&#9;&#9;allowing(values).getKey(1);&#13;&#10;&#9;&#9;&#9;&#9;will(returnValue(&quot;2011 Plagiarism Incidents&quot;));&#13;&#10;&#9;&#9;&#9;&#9;allowing(values).getKey(2);&#13;&#10;&#9;&#9;&#9;&#9;will(returnValue(&quot;2012 Plagiarism Incidents&quot;));&#13;&#10;&#9;&#9;&#9;&#9;allowing(values).getIndex(&quot;2010 Plagiarism Incidents&quot;);&#13;&#10;&#9;&#9;&#9;&#9;will(returnValue(0));&#13;&#10;&#9;&#9;&#9;&#9;allowing(values).getIndex(&quot;2011 Plagiarism Incidents&quot;);&#13;&#10;&#9;&#9;&#9;&#9;will(returnValue(1));&#13;&#10;&#9;&#9;&#9;&#9;allowing(values).getIndex(&quot;2012 Plagiarism Incidents&quot;);&#13;&#10;&#9;&#9;&#9;&#9;will(returnValue(2));&#13;&#10;&#9;&#9;&#9;&#9;allowing(values).getValue(0);&#13;&#10;&#9;&#9;&#9;&#9;will(returnValue(10));&#13;&#10;&#9;&#9;&#9;&#9;allowing(values).getValue(1);&#13;&#10;&#9;&#9;&#9;&#9;will(returnValue(5));&#13;&#10;&#9;&#9;&#9;&#9;allowing(values).getValue(2);&#13;&#10;&#9;&#9;&#9;&#9;will(returnValue(5));&#13;&#10;&#9;&#9;&#9;}&#13;&#10;&#9;&#9;});&#13;&#10;&#9;&#9;KeyedValues results = DataUtilities.getCumulativePercentages(values);&#13;&#10;&#9;&#9;assertEquals(results.getValue(0).doubleValue(), 0.5, 0.001d);&#13;&#10;&#9;&#9;assertEquals(results.getValue(1).doubleValue(), 0.75, 0.001d);&#13;&#10;&#9;&#9;assertEquals(results.getValue(2).doubleValue(), 1.0, 0.001d);&#13;&#10;&#9;}&#13;&#10;&#9;&#13;&#10;&#9;@Test&#13;&#10;&#9;// This tests the method using doubles&#13;&#10;&#9;public void testGetCumulativePercentagesDoubles() {&#13;&#10;&#9;&#9;Mockery context = new Mockery();&#13;&#10;&#9;&#9;final KeyedValues values = context.mock(KeyedValues.class);&#13;&#10;&#9;&#9;context.checking(new org.jmock.Expectations() {&#13;&#10;&#9;&#9;&#9;{&#13;&#10;&#9;&#9;&#9;&#9;allowing(values).getItemCount();&#13;&#10;&#9;&#9;&#9;&#9;will(returnValue(3));&#13;&#10;&#9;&#9;&#9;&#9;allowing(values).getKey(0);&#13;&#10;&#9;&#9;&#9;&#9;will(returnValue(&quot;2010 Score&quot;));&#13;&#10;&#9;&#9;&#9;&#9;allowing(values).getKey(1);&#13;&#10;&#9;&#9;&#9;&#9;will(returnValue(&quot;2011 Score&quot;));&#13;&#10;&#9;&#9;&#9;&#9;allowing(values).getKey(2);&#13;&#10;&#9;&#9;&#9;&#9;will(returnValue(&quot;2012 Score&quot;));&#13;&#10;&#9;&#9;&#9;&#9;allowing(values).getIndex(&quot;2010 Score&quot;);&#13;&#10;&#9;&#9;&#9;&#9;will(returnValue(0));&#13;&#10;&#9;&#9;&#9;&#9;allowing(values).getIndex(&quot;2011 Score&quot;);&#13;&#10;&#9;&#9;&#9;&#9;will(returnValue(1));&#13;&#10;&#9;&#9;&#9;&#9;allowing(values).getIndex(&quot;2012 Score&quot;);&#13;&#10;&#9;&#9;&#9;&#9;will(returnValue(2));&#13;&#10;&#9;&#9;&#9;&#9;allowing(values).getValue(0);&#13;&#10;&#9;&#9;&#9;&#9;will(returnValue(2234.643));&#13;&#10;&#9;&#9;&#9;&#9;allowing(values).getValue(1);&#13;&#10;&#9;&#9;&#9;&#9;will(returnValue(100.34));&#13;&#10;&#9;&#9;&#9;&#9;allowing(values).getValue(2);&#13;&#10;&#9;&#9;&#9;&#9;will(returnValue(3345));&#13;&#10;&#9;&#9;&#9;}&#13;&#10;&#9;&#9;});&#13;&#10;&#9;&#9;KeyedValues results = DataUtilities.getCumulativePercentages(values);&#13;&#10;&#9;&#9;assertEquals(results.getValue(0).doubleValue(), 0.3934, 0.001d);&#13;&#10;&#9;&#9;assertEquals(results.getValue(1).doubleValue(), 0.4111, 0.001d);&#13;&#10;&#9;&#9;assertEquals(results.getValue(2).doubleValue(), 1.0, 0.001d);&#13;&#10;&#9;}&#13;&#10;&#9;&#13;&#10;&#9;@Test&#13;&#10;&#9;// This tests the methods to see if it still works as intended with a negative integer.&#13;&#10;&#9;public void testGetCumulativePercentagesNegativeIntegers() {&#13;&#10;&#9;&#9;Mockery context = new Mockery();&#13;&#10;&#9;&#9;final KeyedValues values = context.mock(KeyedValues.class);&#13;&#10;&#9;&#9;context.checking(new org.jmock.Expectations() {&#13;&#10;&#9;&#9;&#9;{&#13;&#10;&#9;&#9;&#9;&#9;allowing(values).getItemCount();&#13;&#10;&#9;&#9;&#9;&#9;will(returnValue(3));&#13;&#10;&#9;&#9;&#9;&#9;allowing(values).getKey(0);&#13;&#10;&#9;&#9;&#9;&#9;will(returnValue(&quot;2010 Plagiarism Incidents&quot;));&#13;&#10;&#9;&#9;&#9;&#9;allowing(values).getKey(1);&#13;&#10;&#9;&#9;&#9;&#9;will(returnValue(&quot;2011 Plagiarism Incidents&quot;));&#13;&#10;&#9;&#9;&#9;&#9;allowing(values).getKey(2);&#13;&#10;&#9;&#9;&#9;&#9;will(returnValue(&quot;2012 Plagiarism Incidents&quot;));&#13;&#10;&#9;&#9;&#9;&#9;allowing(values).getIndex(&quot;2010 Plagiarism Incidents&quot;);&#13;&#10;&#9;&#9;&#9;&#9;will(returnValue(0));&#13;&#10;&#9;&#9;&#9;&#9;allowing(values).getIndex(&quot;2011 Plagiarism Incidents&quot;);&#13;&#10;&#9;&#9;&#9;&#9;will(returnValue(1));&#13;&#10;&#9;&#9;&#9;&#9;allowing(values).getIndex(&quot;2012 Plagiarism Incidents&quot;);&#13;&#10;&#9;&#9;&#9;&#9;will(returnValue(2));&#13;&#10;&#9;&#9;&#9;&#9;allowing(values).getValue(0);&#13;&#10;&#9;&#9;&#9;&#9;will(returnValue(10));&#13;&#10;&#9;&#9;&#9;&#9;allowing(values).getValue(1);&#13;&#10;&#9;&#9;&#9;&#9;will(returnValue(5));&#13;&#10;&#9;&#9;&#9;&#9;allowing(values).getValue(2);&#13;&#10;&#9;&#9;&#9;&#9;will(returnValue(-5));&#13;&#10;&#9;&#9;&#9;}&#13;&#10;&#9;&#9;});&#13;&#10;&#9;&#9;KeyedValues results = DataUtilities.getCumulativePercentages(values);&#13;&#10;&#9;&#9;assertEquals(results.getValue(0).doubleValue(), 1.0, 0.001d);&#13;&#10;&#9;&#9;assertEquals(results.getValue(1).doubleValue(), 1.5, 0.001d);&#13;&#10;&#9;&#9;assertEquals(results.getValue(2).doubleValue(), 1.0, 0.001d);&#13;&#10;&#9;}&#13;&#10;}&#13;&#10;" Filename="DataUtilitiesTest.java" Intrnl_Id="1"/>
        <SrcFile Content="package org.jfree.data.test;&#13;&#10;&#13;&#10;import static org.junit.Assert.*; import org.jfree.data.Range; import org.junit.*;&#13;&#10;&#13;&#10;public class RangeTest {&#13;&#10;    private Range exampleRange, exampleRangePositive, exampleRangeNegative, exampleRangeZero,exampleLargeRange, decimalRange;&#13;&#10;    @BeforeClass public static void setUpBeforeClass() throws Exception {&#13;&#10;    }&#13;&#10;&#13;&#10;&#13;&#10;    @Before&#13;&#10;    public void setUp() throws Exception { &#13;&#10;    &#9;exampleRange = new Range(-10, 10);&#13;&#10;    &#9;exampleRangePositive = new Range(1,100);&#13;&#10;    &#9;exampleRangeNegative = new Range(-100,-1);&#13;&#10;    &#9;exampleRangeZero = new Range(0,0);&#13;&#10;    &#9;exampleLargeRange = new Range(-1000000000,1000000000);&#13;&#10;&#9;decimalRange = new Range(-5.567,8.546);&#13;&#10;    }&#13;&#10;&#13;&#10;    //getCentralValue Method Testing&#13;&#10;    &#13;&#10;    @Test&#13;&#10;    // This tests for the central value of a range spanning from negative to positive values&#13;&#10;    public void centralValueMixedRange() {&#13;&#10;        assertEquals(&quot;The central value of -10 and 10 should be 0&quot;,&#13;&#10;        0, exampleRange.getCentralValue(), .000000001d);&#13;&#10;    }&#13;&#10;    @Test&#13;&#10;    // This tests for the central value of a range restricted to positive values&#13;&#10;    public void centralValuePositiveRange() {&#13;&#10;        assertEquals(&quot;The central value of 1 and 100 should be 50.5&quot;,&#13;&#10;        50.5, exampleRangePositive.getCentralValue(), .000000001d);&#13;&#10;    }&#13;&#10;    &#13;&#10;    @Test&#13;&#10;    // This tests for the central value of a zero width range from 0 to 0 &#13;&#10;    public void centralValueZeroWidthRange() {&#13;&#10;    &#9;assertEquals(&quot;The central value of 0 and 0 should be 0&quot;,&#13;&#10;        0, exampleRangeZero.getCentralValue(), .000000001d);&#13;&#10;    }&#13;&#10;    @Test&#13;&#10;    // This tests for the central value of a range restricted to negative numbers&#13;&#10;    public void centralValueNegativeRange() {&#13;&#10;        assertEquals(&quot;The central value of -100 and -1 should be -50.5&quot;,&#13;&#10;        -50.5, exampleRangeNegative.getCentralValue(), .000000001d);&#13;&#10;    }&#13;&#10;    @Test&#13;&#10;    // This tests for the central value of a range restricted to negative numbers&#13;&#10;    public void centralValueLargeRange() {&#13;&#10;        assertEquals(&quot;The central value of -1000000000 and 1000000000 should be 0&quot;,&#13;&#10;        0, exampleLargeRange.getCentralValue(), .000000001d);&#13;&#10;    }&#13;&#10;&#9;@Test&#13;&#10;    // This tests that central value can return a correct number when the range includes non integers&#13;&#10;    public void centralValueNonIntRange() {&#13;&#10;        assertEquals(&quot;The central value of -5.567 and 8.546 should be 1.4895&quot;,&#13;&#10;        1.4895, decimalRange.getCentralValue(), .000000001d);&#13;&#10;    }&#13;&#10;    &#13;&#10;    // Contains method Testing&#13;&#10;    &#13;&#10;    @Test&#13;&#10;    // This tests a range with an input variable that is within the range&#13;&#10;    public void containsValueInRange() {&#13;&#10;    &#9;assertTrue(&quot;The value 0 is in the range -10 to 10&quot;, exampleRange.contains(0));&#13;&#10;    }&#13;&#10;    // this tests a range with an input variable that is less than the range&#13;&#10;    @Test &#13;&#10;    public void containsValueLessThanRange() {&#13;&#10;    &#9;assertFalse(&quot;The value -11 is not in the range -10 to 10&quot;, exampleRange.contains(-11));&#13;&#10;    }&#13;&#10;    // this tests a range with an input variable that is greater than the range&#13;&#10;    @Test&#13;&#10;    public void containsValueGreaterThanRange() {&#13;&#10;    &#9;assertFalse(&quot;The value 11 is not in the range -10 to 10&quot;, exampleRange.contains(11));&#13;&#10;    }&#13;&#10;    @Test&#13;&#10;    // this tests a range where the input value is the lower boundary&#13;&#10;    public void containsValueIsLowerBound() {&#13;&#10;    &#9;assertTrue(&quot;The value -10 is in the range -10 to 10&quot;, exampleRange.contains(-10));&#13;&#10;    }&#13;&#10;    @Test&#13;&#10;    // this tests a range where the input value is the upper boundary&#13;&#10;    public void containsValueisUpperBound() {&#13;&#10;    &#9;assertTrue(&quot;The value 10 is in the range -10 to 10&quot;, exampleRange.contains(10));&#13;&#10;    }&#13;&#10;    @Test&#13;&#10;    // This tests a zero width range to see if the value used for both boundaries is contained&#13;&#10;    public void containsValueisUpperAndLowerBound() {&#13;&#10;    &#9;assertTrue(&quot;The value 0 is in the range 0 to 0&quot;, exampleRangeZero.contains(0));&#13;&#10;    }&#13;&#10;    &#13;&#10;    //getLength method testing&#13;&#10;    &#13;&#10;    @Test&#13;&#10;    // This tests a range that spans from negative to positive&#13;&#10;    public void getLengthMixedRange() {&#13;&#10;        assertEquals(&quot;The length of -10 and 10 should be 20&quot;,&#13;&#10;        20, exampleRange.getLength(), .000000001d);&#13;&#10;    }&#13;&#10;    @Test&#13;&#10;    // This tests a range that is constrained to negative values&#13;&#10;    public void getLengthNegativeRange() {&#13;&#10;        assertEquals(&quot;The length of -100 and -1 should be 99&quot;,&#13;&#10;        99, exampleRangeNegative.getLength(), .000000001d);&#13;&#10;    }&#13;&#10;    @Test&#13;&#10;    // This tests a range that is constrained to positive values&#13;&#10;    public void getLengthPositiveRange() {&#13;&#10;        assertEquals(&quot;The length of 1 and 100 should be 100&quot;,&#13;&#10;        99, exampleRangePositive.getLength(), .000000001d);&#13;&#10;    }&#13;&#10;    @Test&#13;&#10;    // This tests a zero width range from 0 to 0&#13;&#10;    public void getLengthZeroRange() {&#13;&#10;        assertEquals(&quot;The length of 0 and 0 should be 0&quot;,&#13;&#10;        0, exampleRangeZero.getLength(), .000000001d);&#13;&#10;    }&#13;&#10;    @Test&#13;&#10;    // This tests a zero width range from 0 to 0&#13;&#10;    public void getLengthLargeRange() {&#13;&#10;        assertEquals(&quot;The length of 0 and 0 should be 0&quot;,&#13;&#10;        2000000000, exampleLargeRange.getLength(), .000000001d);&#13;&#10;    }&#13;&#10;&#9;@Test&#13;&#10;    // This tests a range with non integer boundaries&#13;&#10;    public void getLengthNonIntRange() {&#13;&#10;        assertEquals(&quot;The length of -5.567 and 8.546 should be 14.113&quot;,&#13;&#10;        14.113, decimalRange.getLength(), .000000001d);&#13;&#10;    }&#13;&#10;    &#13;&#10;    // getLowerBound() testing&#13;&#10;    @Test&#13;&#10;    // Tests a range with a negative lower bound&#13;&#10;    public void testNegativeLowerBound() {&#13;&#10;    &#9;exampleRange = new Range(-2, 4);&#13;&#10;        assertEquals(&quot;The lower bound of -2 and 4 should be -2&quot;,&#13;&#10;        -2, exampleRange.getLowerBound(), .000000001d);&#13;&#10;    }&#13;&#10;    &#13;&#10;    @Test&#13;&#10;    // Tests a range with a positive lower bound&#13;&#10;    public void testPositiveLowerBound() {&#13;&#10;    &#9;exampleRange = new Range(3, 10);&#13;&#10;        assertEquals(&quot;The lower bound of 3 and 10 should be 3&quot;,&#13;&#10;        3, exampleRange.getLowerBound(), .000000001d);&#13;&#10;    }&#13;&#10;    &#13;&#10;    @Test&#13;&#10;    // Tests a range with the same positive upper and lower bound&#13;&#10;    public void testSamePositiveValuesLowerBound() {&#13;&#10;    &#9;exampleRange = new Range(1, 1);&#13;&#10;    &#9;assertEquals(&quot;The lower bound of 1 and 1 should be 1&quot;,&#13;&#10;    &#9;1, exampleRange.getLowerBound(), .000000001d);&#13;&#10;    }&#13;&#10;    &#13;&#10;    @Test&#13;&#10;    // Tests a range with the same negative upper and lower bound&#13;&#10;    public void testSameNegativeValuesLowerBound() {&#13;&#10;    &#9;exampleRange = new Range(-1, -1);&#13;&#10;    &#9;assertEquals(&quot;The lower bound of -1 and -1 should be -1&quot;,&#13;&#10;    &#9;-1, exampleRange.getLowerBound(), .000000001d);&#13;&#10;    }&#13;&#10;    &#13;&#10;    @Test&#13;&#10;    // Tests a range with a negative decimal lower bound&#13;&#10;    public void testNegativeDecimalLowerBound() {&#13;&#10;    &#9;exampleRange = new Range(-2.03, 4.15);&#13;&#10;        assertEquals(&quot;The lower bound of -2.03 and 4.15 should be -2.03&quot;,&#13;&#10;        -2.03, exampleRange.getLowerBound(), .000000001d);&#13;&#10;    }&#13;&#10;    &#13;&#10;    @Test&#13;&#10;    // Tests a range with a positive decimal lower bound&#13;&#10;    public void testPositiveDecimalLowerBound() {&#13;&#10;    &#9;exampleRange = new Range(3.54, 10.002);&#13;&#10;        assertEquals(&quot;The lower bound of 3.54 and 10.002 should be 3.54&quot;,&#13;&#10;        3.54, exampleRange.getLowerBound(), .000000001d);&#13;&#10;    }&#13;&#10;    &#13;&#10;    @Test&#13;&#10;    // Tests a range with the same positive decimal upper and lower bound&#13;&#10;    public void testSamePositiveValuesDecimalLowerBound() {&#13;&#10;    &#9;exampleRange = new Range(1.112, 1.112);&#13;&#10;    &#9;assertEquals(&quot;The lower bound of 1.112 and 1.112 should be 1.112&quot;,&#13;&#10;    &#9;1.112, exampleRange.getLowerBound(), .000000001d);&#13;&#10;    }&#13;&#10;    &#13;&#10;    @Test&#13;&#10;    // Tests a range with the same negative decimal upper and lower bound&#13;&#10;    public void testSameNegativeValuesDecimalLowerBound() {&#13;&#10;    &#9;exampleRange = new Range(-1.112, -1.112);&#13;&#10;    &#9;assertEquals(&quot;The lower bound of -1.112 and -1.112 should be -1.112&quot;,&#13;&#10;    &#9;-1.112, exampleRange.getLowerBound(), .000000001d);&#13;&#10;    }&#13;&#10;    &#13;&#10;    @Test&#13;&#10;    // Tests a range with a very large lower bound&#13;&#10;    public void testLargeLowerBound() {&#13;&#10;    &#9;exampleRange = new Range(1000000000, 1000000001);&#13;&#10;    &#9;assertEquals(&quot;The lower bound of 1000000000 and 1000000001 should be 1000000000&quot;,&#13;&#10;    &#9;1000000000, exampleRange.getLowerBound(), .000000001d);&#13;&#10;    }&#13;&#10;    &#13;&#10;    @Test&#13;&#10;    // Tests a range with a very small lower bound&#13;&#10;    public void testSmallLowerBound() {&#13;&#10;    &#9;exampleRange = new Range(-1000000000, 1000000001);&#13;&#10;    &#9;assertEquals(&quot;The lower bound of -1000000000 and 1000000001 should be -1000000000&quot;,&#13;&#10;    &#9;-1000000000, exampleRange.getLowerBound(), .000000001d);&#13;&#10;    }&#13;&#10;    &#13;&#10;    // getUpperBound() testing&#13;&#10;    @Test&#13;&#10;    // Tests a range with a negative upper bound&#13;&#10;    public void testNegativeUpperBound() {&#13;&#10;    &#9;exampleRange = new Range(-2, 4);&#13;&#10;        assertEquals(&quot;The upper bound of -2 and 4 should be 4&quot;,&#13;&#10;        4, exampleRange.getUpperBound(), .000000001d);&#13;&#10;    }&#13;&#10;    &#13;&#10;    @Test&#13;&#10;    // Tests a range with a positive upper bound&#13;&#10;    public void testPositiveUpperBound() {&#13;&#10;    &#9;exampleRange = new Range(3, 10);&#13;&#10;        assertEquals(&quot;The upper bound of 3 and 10 should be 10&quot;,&#13;&#10;        10, exampleRange.getUpperBound(), .000000001d);&#13;&#10;    }&#13;&#10;    &#13;&#10;    @Test&#13;&#10;    // Tests a range with the same positive upper and lower bound&#13;&#10;    public void testSamePositiveValuesUpperBound() {&#13;&#10;    &#9;exampleRange = new Range(1,1);&#13;&#10;    &#9;assertEquals(&quot;The upper bound of 1 and 1 should be 1&quot;,&#13;&#10;    &#9;1, exampleRange.getUpperBound(), .000000001d);&#13;&#10;    }&#13;&#10;    &#13;&#10;    @Test&#13;&#10;    // Tests a range with the same negative upper and lower bound&#13;&#10;    public void testSameNegativeValuesUpperBound() {&#13;&#10;    &#9;exampleRange = new Range(-1, -1);&#13;&#10;    &#9;assertEquals(&quot;The lower bound of -1 and -1 should be -1&quot;,&#13;&#10;    &#9;-1, exampleRange.getLowerBound(), .000000001d);&#13;&#10;    }&#13;&#10;    &#13;&#10;    @Test&#13;&#10;    // Tests a range with a negative decimal upper bound&#13;&#10;    public void testNegativeDecimalUpperBound() {&#13;&#10;    &#9;exampleRange = new Range(-4.45, -2.36);&#13;&#10;        assertEquals(&quot;The upper bound of -2.36 and -4.45 should be -2.36&quot;,&#13;&#10;        -2.36, exampleRange.getUpperBound(), .000000001d);&#13;&#10;    }&#13;&#10;    &#13;&#10;    @Test&#13;&#10;    // Tests a range with a positive decimal upper bound&#13;&#10;    public void testPositiveDecimalUpperBound() {&#13;&#10;    &#9;exampleRange = new Range(3.09, 10.69);&#13;&#10;        assertEquals(&quot;The upper bound of 3.09 and 10.69 should be 10.69&quot;,&#13;&#10;        10.69, exampleRange.getUpperBound(), .000000001d);&#13;&#10;    }&#13;&#10;    &#13;&#10;    @Test&#13;&#10;    // Tests a range with the same positive decimal upper and lower bound&#13;&#10;    public void testSamePositiveValuesDecimalUpperBound() {&#13;&#10;    &#9;exampleRange = new Range(1.17, 1.17);&#13;&#10;    &#9;assertEquals(&quot;The upper bound of 1.17 and 1.17 should be 1.17&quot;,&#13;&#10;    &#9;1.17, exampleRange.getUpperBound(), .000000001d);&#13;&#10;    }&#13;&#10;    &#13;&#10;    @Test&#13;&#10;    // Tests a range with the same negative decimal upper and lower bound&#13;&#10;    public void testSameNegativeValuesDecimalUpperBound() {&#13;&#10;    &#9;exampleRange = new Range(-1.17, -1.17);&#13;&#10;    &#9;assertEquals(&quot;The upper bound of -1.17 and -1.17 should be -1.17&quot;,&#13;&#10;    &#9;-1.17, exampleRange.getUpperBound(), .000000001d);&#13;&#10;    }&#13;&#10;    &#13;&#10;    @Test&#13;&#10;    // Tests a range with a very large upper bound&#13;&#10;    public void testLargeUpperBound() {&#13;&#10;    &#9;exampleRange = new Range(1000000000, 1000000001);&#13;&#10;    &#9;assertEquals(&quot;The upper bound of 1000000000 and 1000000001 should be 1000000001&quot;,&#13;&#10;    &#9;1000000001, exampleRange.getUpperBound(), .000000001d);&#13;&#10;    }&#13;&#10;    &#13;&#10;    @Test&#13;&#10;    // Tests a range with a very small upper bound&#13;&#10;    public void testSmallUpperBound() {&#13;&#10;    &#9;exampleRange = new Range(-1000000001, -1000000000);&#13;&#10;    &#9;assertEquals(&quot;The upper bound of -1000000001 and -1000000000 should be -1000000000&quot;,&#13;&#10;    &#9;-1000000000, exampleRange.getUpperBound(), .000000001d);&#13;&#10;    }&#13;&#10;    &#13;&#10;&#13;&#10;    @After&#13;&#10;    public void tearDown() throws Exception {&#13;&#10;    }&#13;&#10;&#13;&#10;    @AfterClass&#13;&#10;    public static void tearDownAfterClass() throws Exception {&#13;&#10;    }&#13;&#10;}&#13;&#10;" Filename="RangeTest.java" Intrnl_Id="2"/>
    </SrcFileList>
    <CritList>
        <CritListEntry Name="org.codecover.model.utils.criteria.ConditionCoverage" PluginName="org.codecover"/>
        <CritListEntry Name="org.codecover.model.utils.criteria.BranchCoverage" PluginName="org.codecover"/>
        <CritListEntry Name="org.codecover.model.utils.criteria.StatementCoverage" PluginName="org.codecover"/>
    </CritList>
    <BoolOpList/>
    <HierarchyLvlTypeList>
        <HierarchyLvlType EnglishName="package" IntrnlName="package" Intrnl_Id="3"/>
        <HierarchyLvlType EnglishName="anonymous class" IntrnlName="class" Intrnl_Id="4"/>
        <HierarchyLvlType EnglishName="method" IntrnlName="method" Intrnl_Id="5"/>
        <HierarchyLvlType EnglishName="class" IntrnlName="class" Intrnl_Id="6"/>
        <HierarchyLvlType EnglishName="default package" IntrnlName="default package" Intrnl_Id="7"/>
    </HierarchyLvlTypeList>
    <MASTRoot>
        <HierarchyLvl HierarchyLvlId="103" HierarchyLvlTypeId="7" Intrnl_Id="8" Name="default package">
            <Header/>
            <LocList/>
            <HierarchyLvl HierarchyLvlId="102" HierarchyLvlTypeId="3" Intrnl_Id="9" Name="org">
                <Header/>
                <LocList/>
                <HierarchyLvl HierarchyLvlId="101" HierarchyLvlTypeId="3" Intrnl_Id="10" Name="jfree">
                    <Header/>
                    <LocList/>
                    <HierarchyLvl HierarchyLvlId="100" HierarchyLvlTypeId="3" Intrnl_Id="11" Name="data">
                        <Header/>
                        <LocList/>
                        <HierarchyLvl HierarchyLvlId="99" HierarchyLvlTypeId="3" Intrnl_Id="12" Name="test">
                            <Header/>
                            <LocList/>
                            <HierarchyLvl HierarchyLvlId="55" HierarchyLvlTypeId="6" Intrnl_Id="13" Name="DataUtilitiesTest">
                                <Header>
                                    <Loc EndOffset="225" SrcFileId="1" StartOffset="195"/>
                                </Header>
                                <LocList>
                                    <Loc EndOffset="21637" SrcFileId="1" StartOffset="195"/>
                                </LocList>
                                <HierarchyLvl HierarchyLvlId="2" HierarchyLvlTypeId="5" Intrnl_Id="14" Name="setUp">
                                    <Header>
                                        <Loc EndOffset="312" SrcFileId="1" StartOffset="262"/>
                                    </Header>
                                    <LocList>
                                        <Loc EndOffset="357" SrcFileId="1" StartOffset="262"/>
                                    </LocList>
                                    <StmntSeq Intrnl_Id="15">
                                        <LocList>
                                            <Loc EndOffset="349" SrcFileId="1" StartOffset="318"/>
                                        </LocList>
                                        <BasicStmnt CovItemId="S1" CovItemPrefix="org.jfree.data.test.DataUtilitiesTest.java" Intrnl_Id="16">
                                            <LocList>
                                                <Loc EndOffset="349" SrcFileId="1" StartOffset="318"/>
                                            </LocList>
                                        </BasicStmnt>
                                    </StmntSeq>
                                </HierarchyLvl>
                                <HierarchyLvl HierarchyLvlId="4" HierarchyLvlTypeId="5" Intrnl_Id="17" Name="calculateRowTotalForTwoValues">
                                    <Header>
                                        <Loc EndOffset="479" SrcFileId="1" StartOffset="368"/>
                                    </Header>
                                    <LocList>
                                        <Loc EndOffset="947" SrcFileId="1" StartOffset="368"/>
                                    </LocList>
                                    <StmntSeq Intrnl_Id="18">
                                        <LocList>
                                            <Loc EndOffset="558" SrcFileId="1" StartOffset="498"/>
                                            <Loc EndOffset="586" SrcFileId="1" StartOffset="562"/>
                                            <Loc EndOffset="811" SrcFileId="1" StartOffset="809"/>
                                            <Loc EndOffset="883" SrcFileId="1" StartOffset="824"/>
                                            <Loc EndOffset="939" SrcFileId="1" StartOffset="899"/>
                                        </LocList>
                                        <BasicStmnt CovItemId="S2" CovItemPrefix="org.jfree.data.test.DataUtilitiesTest.java" Intrnl_Id="19">
                                            <LocList>
                                                <Loc EndOffset="558" SrcFileId="1" StartOffset="498"/>
                                            </LocList>
                                        </BasicStmnt>
                                        <BasicStmnt CovItemId="S3" CovItemPrefix="org.jfree.data.test.DataUtilitiesTest.java" Intrnl_Id="20">
                                            <LocList>
                                                <Loc EndOffset="586" SrcFileId="1" StartOffset="562"/>
                                                <Loc EndOffset="811" SrcFileId="1" StartOffset="809"/>
                                            </LocList>
                                        </BasicStmnt>
                                        <BasicStmnt CovItemId="S10" CovItemPrefix="org.jfree.data.test.DataUtilitiesTest.java" Intrnl_Id="21">
                                            <LocList>
                                                <Loc EndOffset="883" SrcFileId="1" StartOffset="824"/>
                                            </LocList>
                                        </BasicStmnt>
                                        <BasicStmnt CovItemId="S11" CovItemPrefix="org.jfree.data.test.DataUtilitiesTest.java" Intrnl_Id="22">
                                            <LocList>
                                                <Loc EndOffset="939" SrcFileId="1" StartOffset="899"/>
                                            </LocList>
                                        </BasicStmnt>
                                    </StmntSeq>
                                    <HierarchyLvl HierarchyLvlId="3" HierarchyLvlTypeId="4" Intrnl_Id="23" Name="Expectations">
                                        <Header>
                                            <Loc EndOffset="604" SrcFileId="1" StartOffset="590"/>
                                        </Header>
                                        <LocList>
                                            <Loc EndOffset="809" SrcFileId="1" StartOffset="586"/>
                                        </LocList>
                                        <StmntSeq Intrnl_Id="24">
                                            <LocList>
                                                <Loc EndOffset="649" SrcFileId="1" StartOffset="620"/>
                                                <Loc EndOffset="675" SrcFileId="1" StartOffset="654"/>
                                                <Loc EndOffset="707" SrcFileId="1" StartOffset="680"/>
                                                <Loc EndOffset="735" SrcFileId="1" StartOffset="712"/>
                                                <Loc EndOffset="767" SrcFileId="1" StartOffset="740"/>
                                                <Loc EndOffset="795" SrcFileId="1" StartOffset="772"/>
                                            </LocList>
                                            <BasicStmnt CovItemId="S4" CovItemPrefix="org.jfree.data.test.DataUtilitiesTest.java" Intrnl_Id="25">
                                                <LocList>
                                                    <Loc EndOffset="649" SrcFileId="1" StartOffset="620"/>
                                                </LocList>
                                            </BasicStmnt>
                                            <BasicStmnt CovItemId="S5" CovItemPrefix="org.jfree.data.test.DataUtilitiesTest.java" Intrnl_Id="26">
                                                <LocList>
                                                    <Loc EndOffset="675" SrcFileId="1" StartOffset="654"/>
                                                </LocList>
                                            </BasicStmnt>
                                            <BasicStmnt CovItemId="S6" CovItemPrefix="org.jfree.data.test.DataUtilitiesTest.java" Intrnl_Id="27">
                                                <LocList>
                                                    <Loc EndOffset="707" SrcFileId="1" StartOffset="680"/>
                                                </LocList>
                                            </BasicStmnt>
                                            <BasicStmnt CovItemId="S7" CovItemPrefix="org.jfree.data.test.DataUtilitiesTest.java" Intrnl_Id="28">
                                                <LocList>
                                                    <Loc EndOffset="735" SrcFileId="1" StartOffset="712"/>
                                                </LocList>
                                            </BasicStmnt>
                                            <BasicStmnt CovItemId="S8" CovItemPrefix="org.jfree.data.test.DataUtilitiesTest.java" Intrnl_Id="29">
                                                <LocList>
                                                    <Loc EndOffset="767" SrcFileId="1" StartOffset="740"/>
                                                </LocList>
                                            </BasicStmnt>
                                            <BasicStmnt CovItemId="S9" CovItemPrefix="org.jfree.data.test.DataUtilitiesTest.java" Intrnl_Id="30">
                                                <LocList>
                                                    <Loc EndOffset="795" SrcFileId="1" StartOffset="772"/>
                                                </LocList>
                                            </BasicStmnt>
                                        </StmntSeq>
                                    </HierarchyLvl>
                                </HierarchyLvl>
                                <HierarchyLvl HierarchyLvlId="6" HierarchyLvlTypeId="5" Intrnl_Id="31" Name="calculateRowTotalForNoTable">
                                    <Header>
                                        <Loc EndOffset="1079" SrcFileId="1" StartOffset="958"/>
                                    </Header>
                                    <LocList>
                                        <Loc EndOffset="1424" SrcFileId="1" StartOffset="958"/>
                                    </LocList>
                                    <StmntSeq Intrnl_Id="32">
                                        <LocList>
                                            <Loc EndOffset="1158" SrcFileId="1" StartOffset="1098"/>
                                            <Loc EndOffset="1186" SrcFileId="1" StartOffset="1162"/>
                                            <Loc EndOffset="1291" SrcFileId="1" StartOffset="1289"/>
                                            <Loc EndOffset="1363" SrcFileId="1" StartOffset="1304"/>
                                            <Loc EndOffset="1416" SrcFileId="1" StartOffset="1379"/>
                                        </LocList>
                                        <BasicStmnt CovItemId="S12" CovItemPrefix="org.jfree.data.test.DataUtilitiesTest.java" Intrnl_Id="33">
                                            <LocList>
                                                <Loc EndOffset="1158" SrcFileId="1" StartOffset="1098"/>
                                            </LocList>
                                        </BasicStmnt>
                                        <BasicStmnt CovItemId="S13" CovItemPrefix="org.jfree.data.test.DataUtilitiesTest.java" Intrnl_Id="34">
                                            <LocList>
                                                <Loc EndOffset="1186" SrcFileId="1" StartOffset="1162"/>
                                                <Loc EndOffset="1291" SrcFileId="1" StartOffset="1289"/>
                                            </LocList>
                                        </BasicStmnt>
                                        <BasicStmnt CovItemId="S16" CovItemPrefix="org.jfree.data.test.DataUtilitiesTest.java" Intrnl_Id="35">
                                            <LocList>
                                                <Loc EndOffset="1363" SrcFileId="1" StartOffset="1304"/>
                                            </LocList>
                                        </BasicStmnt>
                                        <BasicStmnt CovItemId="S17" CovItemPrefix="org.jfree.data.test.DataUtilitiesTest.java" Intrnl_Id="36">
                                            <LocList>
                                                <Loc EndOffset="1416" SrcFileId="1" StartOffset="1379"/>
                                            </LocList>
                                        </BasicStmnt>
                                    </StmntSeq>
                                    <HierarchyLvl HierarchyLvlId="5" HierarchyLvlTypeId="4" Intrnl_Id="37" Name="Expectations">
                                        <Header>
                                            <Loc EndOffset="1204" SrcFileId="1" StartOffset="1190"/>
                                        </Header>
                                        <LocList>
                                            <Loc EndOffset="1289" SrcFileId="1" StartOffset="1186"/>
                                        </LocList>
                                        <StmntSeq Intrnl_Id="38">
                                            <LocList>
                                                <Loc EndOffset="1249" SrcFileId="1" StartOffset="1220"/>
                                                <Loc EndOffset="1275" SrcFileId="1" StartOffset="1254"/>
                                            </LocList>
                                            <BasicStmnt CovItemId="S14" CovItemPrefix="org.jfree.data.test.DataUtilitiesTest.java" Intrnl_Id="39">
                                                <LocList>
                                                    <Loc EndOffset="1249" SrcFileId="1" StartOffset="1220"/>
                                                </LocList>
                                            </BasicStmnt>
                                            <BasicStmnt CovItemId="S15" CovItemPrefix="org.jfree.data.test.DataUtilitiesTest.java" Intrnl_Id="40">
                                                <LocList>
                                                    <Loc EndOffset="1275" SrcFileId="1" StartOffset="1254"/>
                                                </LocList>
                                            </BasicStmnt>
                                        </StmntSeq>
                                    </HierarchyLvl>
                                </HierarchyLvl>
                                <HierarchyLvl HierarchyLvlId="8" HierarchyLvlTypeId="5" Intrnl_Id="41" Name="calculateRowTotalWithOneZeroValue">
                                    <Header>
                                        <Loc EndOffset="1551" SrcFileId="1" StartOffset="1433"/>
                                    </Header>
                                    <LocList>
                                        <Loc EndOffset="2074" SrcFileId="1" StartOffset="1433"/>
                                    </LocList>
                                    <StmntSeq Intrnl_Id="42">
                                        <LocList>
                                            <Loc EndOffset="1630" SrcFileId="1" StartOffset="1570"/>
                                            <Loc EndOffset="1658" SrcFileId="1" StartOffset="1634"/>
                                            <Loc EndOffset="1939" SrcFileId="1" StartOffset="1937"/>
                                            <Loc EndOffset="2011" SrcFileId="1" StartOffset="1952"/>
                                            <Loc EndOffset="2066" SrcFileId="1" StartOffset="2027"/>
                                        </LocList>
                                        <BasicStmnt CovItemId="S18" CovItemPrefix="org.jfree.data.test.DataUtilitiesTest.java" Intrnl_Id="43">
                                            <LocList>
                                                <Loc EndOffset="1630" SrcFileId="1" StartOffset="1570"/>
                                            </LocList>
                                        </BasicStmnt>
                                        <BasicStmnt CovItemId="S19" CovItemPrefix="org.jfree.data.test.DataUtilitiesTest.java" Intrnl_Id="44">
                                            <LocList>
                                                <Loc EndOffset="1658" SrcFileId="1" StartOffset="1634"/>
                                                <Loc EndOffset="1939" SrcFileId="1" StartOffset="1937"/>
                                            </LocList>
                                        </BasicStmnt>
                                        <BasicStmnt CovItemId="S28" CovItemPrefix="org.jfree.data.test.DataUtilitiesTest.java" Intrnl_Id="45">
                                            <LocList>
                                                <Loc EndOffset="2011" SrcFileId="1" StartOffset="1952"/>
                                            </LocList>
                                        </BasicStmnt>
                                        <BasicStmnt CovItemId="S29" CovItemPrefix="org.jfree.data.test.DataUtilitiesTest.java" Intrnl_Id="46">
                                            <LocList>
                                                <Loc EndOffset="2066" SrcFileId="1" StartOffset="2027"/>
                                            </LocList>
                                        </BasicStmnt>
                                    </StmntSeq>
                                    <HierarchyLvl HierarchyLvlId="7" HierarchyLvlTypeId="4" Intrnl_Id="47" Name="Expectations">
                                        <Header>
                                            <Loc EndOffset="1676" SrcFileId="1" StartOffset="1662"/>
                                        </Header>
                                        <LocList>
                                            <Loc EndOffset="1937" SrcFileId="1" StartOffset="1658"/>
                                        </LocList>
                                        <StmntSeq Intrnl_Id="48">
                                            <LocList>
                                                <Loc EndOffset="1721" SrcFileId="1" StartOffset="1692"/>
                                                <Loc EndOffset="1747" SrcFileId="1" StartOffset="1726"/>
                                                <Loc EndOffset="1779" SrcFileId="1" StartOffset="1752"/>
                                                <Loc EndOffset="1805" SrcFileId="1" StartOffset="1784"/>
                                                <Loc EndOffset="1837" SrcFileId="1" StartOffset="1810"/>
                                                <Loc EndOffset="1865" SrcFileId="1" StartOffset="1842"/>
                                                <Loc EndOffset="1897" SrcFileId="1" StartOffset="1870"/>
                                                <Loc EndOffset="1923" SrcFileId="1" StartOffset="1902"/>
                                            </LocList>
                                            <BasicStmnt CovItemId="S20" CovItemPrefix="org.jfree.data.test.DataUtilitiesTest.java" Intrnl_Id="49">
                                                <LocList>
                                                    <Loc EndOffset="1721" SrcFileId="1" StartOffset="1692"/>
                                                </LocList>
                                            </BasicStmnt>
                                            <BasicStmnt CovItemId="S21" CovItemPrefix="org.jfree.data.test.DataUtilitiesTest.java" Intrnl_Id="50">
                                                <LocList>
                                                    <Loc EndOffset="1747" SrcFileId="1" StartOffset="1726"/>
                                                </LocList>
                                            </BasicStmnt>
                                            <BasicStmnt CovItemId="S22" CovItemPrefix="org.jfree.data.test.DataUtilitiesTest.java" Intrnl_Id="51">
                                                <LocList>
                                                    <Loc EndOffset="1779" SrcFileId="1" StartOffset="1752"/>
                                                </LocList>
                                            </BasicStmnt>
                                            <BasicStmnt CovItemId="S23" CovItemPrefix="org.jfree.data.test.DataUtilitiesTest.java" Intrnl_Id="52">
                                                <LocList>
                                                    <Loc EndOffset="1805" SrcFileId="1" StartOffset="1784"/>
                                                </LocList>
                                            </BasicStmnt>
                                            <BasicStmnt CovItemId="S24" CovItemPrefix="org.jfree.data.test.DataUtilitiesTest.java" Intrnl_Id="53">
                                                <LocList>
                                                    <Loc EndOffset="1837" SrcFileId="1" StartOffset="1810"/>
                                                </LocList>
                                            </BasicStmnt>
                                            <BasicStmnt CovItemId="S25" CovItemPrefix="org.jfree.data.test.DataUtilitiesTest.java" Intrnl_Id="54">
                                                <LocList>
                                                    <Loc EndOffset="1865" SrcFileId="1" StartOffset="1842"/>
                                                </LocList>
                                            </BasicStmnt>
                                            <BasicStmnt CovItemId="S26" CovItemPrefix="org.jfree.data.test.DataUtilitiesTest.java" Intrnl_Id="55">
                                                <LocList>
                                                    <Loc EndOffset="1897" SrcFileId="1" StartOffset="1870"/>
                                                </LocList>
                                            </BasicStmnt>
                                            <BasicStmnt CovItemId="S27" CovItemPrefix="org.jfree.data.test.DataUtilitiesTest.java" Intrnl_Id="56">
                                                <LocList>
                                                    <Loc EndOffset="1923" SrcFileId="1" StartOffset="1902"/>
                                                </LocList>
                                            </BasicStmnt>
                                        </StmntSeq>
                                    </HierarchyLvl>
                                </HierarchyLvl>
                                <HierarchyLvl HierarchyLvlId="10" HierarchyLvlTypeId="5" Intrnl_Id="57" Name="calculateRowTotalForZeroValues">
                                    <Header>
                                        <Loc EndOffset="2219" SrcFileId="1" StartOffset="2083"/>
                                    </Header>
                                    <LocList>
                                        <Loc EndOffset="2738" SrcFileId="1" StartOffset="2083"/>
                                    </LocList>
                                    <StmntSeq Intrnl_Id="58">
                                        <LocList>
                                            <Loc EndOffset="2298" SrcFileId="1" StartOffset="2238"/>
                                            <Loc EndOffset="2326" SrcFileId="1" StartOffset="2302"/>
                                            <Loc EndOffset="2605" SrcFileId="1" StartOffset="2603"/>
                                            <Loc EndOffset="2677" SrcFileId="1" StartOffset="2618"/>
                                            <Loc EndOffset="2730" SrcFileId="1" StartOffset="2693"/>
                                        </LocList>
                                        <BasicStmnt CovItemId="S30" CovItemPrefix="org.jfree.data.test.DataUtilitiesTest.java" Intrnl_Id="59">
                                            <LocList>
                                                <Loc EndOffset="2298" SrcFileId="1" StartOffset="2238"/>
                                            </LocList>
                                        </BasicStmnt>
                                        <BasicStmnt CovItemId="S31" CovItemPrefix="org.jfree.data.test.DataUtilitiesTest.java" Intrnl_Id="60">
                                            <LocList>
                                                <Loc EndOffset="2326" SrcFileId="1" StartOffset="2302"/>
                                                <Loc EndOffset="2605" SrcFileId="1" StartOffset="2603"/>
                                            </LocList>
                                        </BasicStmnt>
                                        <BasicStmnt CovItemId="S40" CovItemPrefix="org.jfree.data.test.DataUtilitiesTest.java" Intrnl_Id="61">
                                            <LocList>
                                                <Loc EndOffset="2677" SrcFileId="1" StartOffset="2618"/>
                                            </LocList>
                                        </BasicStmnt>
                                        <BasicStmnt CovItemId="S41" CovItemPrefix="org.jfree.data.test.DataUtilitiesTest.java" Intrnl_Id="62">
                                            <LocList>
                                                <Loc EndOffset="2730" SrcFileId="1" StartOffset="2693"/>
                                            </LocList>
                                        </BasicStmnt>
                                    </StmntSeq>
                                    <HierarchyLvl HierarchyLvlId="9" HierarchyLvlTypeId="4" Intrnl_Id="63" Name="Expectations">
                                        <Header>
                                            <Loc EndOffset="2344" SrcFileId="1" StartOffset="2330"/>
                                        </Header>
                                        <LocList>
                                            <Loc EndOffset="2603" SrcFileId="1" StartOffset="2326"/>
                                        </LocList>
                                        <StmntSeq Intrnl_Id="64">
                                            <LocList>
                                                <Loc EndOffset="2389" SrcFileId="1" StartOffset="2360"/>
                                                <Loc EndOffset="2415" SrcFileId="1" StartOffset="2394"/>
                                                <Loc EndOffset="2447" SrcFileId="1" StartOffset="2420"/>
                                                <Loc EndOffset="2473" SrcFileId="1" StartOffset="2452"/>
                                                <Loc EndOffset="2505" SrcFileId="1" StartOffset="2478"/>
                                                <Loc EndOffset="2531" SrcFileId="1" StartOffset="2510"/>
                                                <Loc EndOffset="2563" SrcFileId="1" StartOffset="2536"/>
                                                <Loc EndOffset="2589" SrcFileId="1" StartOffset="2568"/>
                                            </LocList>
                                            <BasicStmnt CovItemId="S32" CovItemPrefix="org.jfree.data.test.DataUtilitiesTest.java" Intrnl_Id="65">
                                                <LocList>
                                                    <Loc EndOffset="2389" SrcFileId="1" StartOffset="2360"/>
                                                </LocList>
                                            </BasicStmnt>
                                            <BasicStmnt CovItemId="S33" CovItemPrefix="org.jfree.data.test.DataUtilitiesTest.java" Intrnl_Id="66">
                                                <LocList>
                                                    <Loc EndOffset="2415" SrcFileId="1" StartOffset="2394"/>
                                                </LocList>
                                            </BasicStmnt>
                                            <BasicStmnt CovItemId="S34" CovItemPrefix="org.jfree.data.test.DataUtilitiesTest.java" Intrnl_Id="67">
                                                <LocList>
                                                    <Loc EndOffset="2447" SrcFileId="1" StartOffset="2420"/>
                                                </LocList>
                                            </BasicStmnt>
                                            <BasicStmnt CovItemId="S35" CovItemPrefix="org.jfree.data.test.DataUtilitiesTest.java" Intrnl_Id="68">
                                                <LocList>
                                                    <Loc EndOffset="2473" SrcFileId="1" StartOffset="2452"/>
                                                </LocList>
                                            </BasicStmnt>
                                            <BasicStmnt CovItemId="S36" CovItemPrefix="org.jfree.data.test.DataUtilitiesTest.java" Intrnl_Id="69">
                                                <LocList>
                                                    <Loc EndOffset="2505" SrcFileId="1" StartOffset="2478"/>
                                                </LocList>
                                            </BasicStmnt>
                                            <BasicStmnt CovItemId="S37" CovItemPrefix="org.jfree.data.test.DataUtilitiesTest.java" Intrnl_Id="70">
                                                <LocList>
                                                    <Loc EndOffset="2531" SrcFileId="1" StartOffset="2510"/>
                                                </LocList>
                                            </BasicStmnt>
                                            <BasicStmnt CovItemId="S38" CovItemPrefix="org.jfree.data.test.DataUtilitiesTest.java" Intrnl_Id="71">
                                                <LocList>
                                                    <Loc EndOffset="2563" SrcFileId="1" StartOffset="2536"/>
                                                </LocList>
                                            </BasicStmnt>
                                            <BasicStmnt CovItemId="S39" CovItemPrefix="org.jfree.data.test.DataUtilitiesTest.java" Intrnl_Id="72">
                                                <LocList>
                                                    <Loc EndOffset="2589" SrcFileId="1" StartOffset="2568"/>
                                                </LocList>
                                            </BasicStmnt>
                                        </StmntSeq>
                                    </HierarchyLvl>
                                </HierarchyLvl>
                                <HierarchyLvl HierarchyLvlId="12" HierarchyLvlTypeId="5" Intrnl_Id="73" Name="calculateRowTotalWithOneNullValue">
                                    <Header>
                                        <Loc EndOffset="2865" SrcFileId="1" StartOffset="2747"/>
                                    </Header>
                                    <LocList>
                                        <Loc EndOffset="3391" SrcFileId="1" StartOffset="2747"/>
                                    </LocList>
                                    <StmntSeq Intrnl_Id="74">
                                        <LocList>
                                            <Loc EndOffset="2944" SrcFileId="1" StartOffset="2884"/>
                                            <Loc EndOffset="2972" SrcFileId="1" StartOffset="2948"/>
                                            <Loc EndOffset="3256" SrcFileId="1" StartOffset="3254"/>
                                            <Loc EndOffset="3328" SrcFileId="1" StartOffset="3269"/>
                                            <Loc EndOffset="3383" SrcFileId="1" StartOffset="3344"/>
                                        </LocList>
                                        <BasicStmnt CovItemId="S42" CovItemPrefix="org.jfree.data.test.DataUtilitiesTest.java" Intrnl_Id="75">
                                            <LocList>
                                                <Loc EndOffset="2944" SrcFileId="1" StartOffset="2884"/>
                                            </LocList>
                                        </BasicStmnt>
                                        <BasicStmnt CovItemId="S43" CovItemPrefix="org.jfree.data.test.DataUtilitiesTest.java" Intrnl_Id="76">
                                            <LocList>
                                                <Loc EndOffset="2972" SrcFileId="1" StartOffset="2948"/>
                                                <Loc EndOffset="3256" SrcFileId="1" StartOffset="3254"/>
                                            </LocList>
                                        </BasicStmnt>
                                        <BasicStmnt CovItemId="S52" CovItemPrefix="org.jfree.data.test.DataUtilitiesTest.java" Intrnl_Id="77">
                                            <LocList>
                                                <Loc EndOffset="3328" SrcFileId="1" StartOffset="3269"/>
                                            </LocList>
                                        </BasicStmnt>
                                        <BasicStmnt CovItemId="S53" CovItemPrefix="org.jfree.data.test.DataUtilitiesTest.java" Intrnl_Id="78">
                                            <LocList>
                                                <Loc EndOffset="3383" SrcFileId="1" StartOffset="3344"/>
                                            </LocList>
                                        </BasicStmnt>
                                    </StmntSeq>
                                    <HierarchyLvl HierarchyLvlId="11" HierarchyLvlTypeId="4" Intrnl_Id="79" Name="Expectations">
                                        <Header>
                                            <Loc EndOffset="2990" SrcFileId="1" StartOffset="2976"/>
                                        </Header>
                                        <LocList>
                                            <Loc EndOffset="3254" SrcFileId="1" StartOffset="2972"/>
                                        </LocList>
                                        <StmntSeq Intrnl_Id="80">
                                            <LocList>
                                                <Loc EndOffset="3035" SrcFileId="1" StartOffset="3006"/>
                                                <Loc EndOffset="3061" SrcFileId="1" StartOffset="3040"/>
                                                <Loc EndOffset="3093" SrcFileId="1" StartOffset="3066"/>
                                                <Loc EndOffset="3122" SrcFileId="1" StartOffset="3098"/>
                                                <Loc EndOffset="3154" SrcFileId="1" StartOffset="3127"/>
                                                <Loc EndOffset="3182" SrcFileId="1" StartOffset="3159"/>
                                                <Loc EndOffset="3214" SrcFileId="1" StartOffset="3187"/>
                                                <Loc EndOffset="3240" SrcFileId="1" StartOffset="3219"/>
                                            </LocList>
                                            <BasicStmnt CovItemId="S44" CovItemPrefix="org.jfree.data.test.DataUtilitiesTest.java" Intrnl_Id="81">
                                                <LocList>
                                                    <Loc EndOffset="3035" SrcFileId="1" StartOffset="3006"/>
                                                </LocList>
                                            </BasicStmnt>
                                            <BasicStmnt CovItemId="S45" CovItemPrefix="org.jfree.data.test.DataUtilitiesTest.java" Intrnl_Id="82">
                                                <LocList>
                                                    <Loc EndOffset="3061" SrcFileId="1" StartOffset="3040"/>
                                                </LocList>
                                            </BasicStmnt>
                                            <BasicStmnt CovItemId="S46" CovItemPrefix="org.jfree.data.test.DataUtilitiesTest.java" Intrnl_Id="83">
                                                <LocList>
                                                    <Loc EndOffset="3093" SrcFileId="1" StartOffset="3066"/>
                                                </LocList>
                                            </BasicStmnt>
                                            <BasicStmnt CovItemId="S47" CovItemPrefix="org.jfree.data.test.DataUtilitiesTest.java" Intrnl_Id="84">
                                                <LocList>
                                                    <Loc EndOffset="3122" SrcFileId="1" StartOffset="3098"/>
                                                </LocList>
                                            </BasicStmnt>
                                            <BasicStmnt CovItemId="S48" CovItemPrefix="org.jfree.data.test.DataUtilitiesTest.java" Intrnl_Id="85">
                                                <LocList>
                                                    <Loc EndOffset="3154" SrcFileId="1" StartOffset="3127"/>
                                                </LocList>
                                            </BasicStmnt>
                                            <BasicStmnt CovItemId="S49" CovItemPrefix="org.jfree.data.test.DataUtilitiesTest.java" Intrnl_Id="86">
                                                <LocList>
                                                    <Loc EndOffset="3182" SrcFileId="1" StartOffset="3159"/>
                                                </LocList>
                                            </BasicStmnt>
                                            <BasicStmnt CovItemId="S50" CovItemPrefix="org.jfree.data.test.DataUtilitiesTest.java" Intrnl_Id="87">
                                                <LocList>
                                                    <Loc EndOffset="3214" SrcFileId="1" StartOffset="3187"/>
                                                </LocList>
                                            </BasicStmnt>
                                            <BasicStmnt CovItemId="S51" CovItemPrefix="org.jfree.data.test.DataUtilitiesTest.java" Intrnl_Id="88">
                                                <LocList>
                                                    <Loc EndOffset="3240" SrcFileId="1" StartOffset="3219"/>
                                                </LocList>
                                            </BasicStmnt>
                                        </StmntSeq>
                                    </HierarchyLvl>
                                </HierarchyLvl>
                                <HierarchyLvl HierarchyLvlId="14" HierarchyLvlTypeId="5" Intrnl_Id="89" Name="calculateRowTotalForNullValues">
                                    <Header>
                                        <Loc EndOffset="3519" SrcFileId="1" StartOffset="3400"/>
                                    </Header>
                                    <LocList>
                                        <Loc EndOffset="4047" SrcFileId="1" StartOffset="3400"/>
                                    </LocList>
                                    <StmntSeq Intrnl_Id="90">
                                        <LocList>
                                            <Loc EndOffset="3598" SrcFileId="1" StartOffset="3538"/>
                                            <Loc EndOffset="3626" SrcFileId="1" StartOffset="3602"/>
                                            <Loc EndOffset="3914" SrcFileId="1" StartOffset="3912"/>
                                            <Loc EndOffset="3986" SrcFileId="1" StartOffset="3927"/>
                                            <Loc EndOffset="4039" SrcFileId="1" StartOffset="4002"/>
                                        </LocList>
                                        <BasicStmnt CovItemId="S54" CovItemPrefix="org.jfree.data.test.DataUtilitiesTest.java" Intrnl_Id="91">
                                            <LocList>
                                                <Loc EndOffset="3598" SrcFileId="1" StartOffset="3538"/>
                                            </LocList>
                                        </BasicStmnt>
                                        <BasicStmnt CovItemId="S55" CovItemPrefix="org.jfree.data.test.DataUtilitiesTest.java" Intrnl_Id="92">
                                            <LocList>
                                                <Loc EndOffset="3626" SrcFileId="1" StartOffset="3602"/>
                                                <Loc EndOffset="3914" SrcFileId="1" StartOffset="3912"/>
                                            </LocList>
                                        </BasicStmnt>
                                        <BasicStmnt CovItemId="S64" CovItemPrefix="org.jfree.data.test.DataUtilitiesTest.java" Intrnl_Id="93">
                                            <LocList>
                                                <Loc EndOffset="3986" SrcFileId="1" StartOffset="3927"/>
                                            </LocList>
                                        </BasicStmnt>
                                        <BasicStmnt CovItemId="S65" CovItemPrefix="org.jfree.data.test.DataUtilitiesTest.java" Intrnl_Id="94">
                                            <LocList>
                                                <Loc EndOffset="4039" SrcFileId="1" StartOffset="4002"/>
                                            </LocList>
                                        </BasicStmnt>
                                    </StmntSeq>
                                    <HierarchyLvl HierarchyLvlId="13" HierarchyLvlTypeId="4" Intrnl_Id="95" Name="Expectations">
                                        <Header>
                                            <Loc EndOffset="3644" SrcFileId="1" StartOffset="3630"/>
                                        </Header>
                                        <LocList>
                                            <Loc EndOffset="3912" SrcFileId="1" StartOffset="3626"/>
                                        </LocList>
                                        <StmntSeq Intrnl_Id="96">
                                            <LocList>
                                                <Loc EndOffset="3689" SrcFileId="1" StartOffset="3660"/>
                                                <Loc EndOffset="3715" SrcFileId="1" StartOffset="3694"/>
                                                <Loc EndOffset="3747" SrcFileId="1" StartOffset="3720"/>
                                                <Loc EndOffset="3776" SrcFileId="1" StartOffset="3752"/>
                                                <Loc EndOffset="3808" SrcFileId="1" StartOffset="3781"/>
                                                <Loc EndOffset="3837" SrcFileId="1" StartOffset="3813"/>
                                                <Loc EndOffset="3869" SrcFileId="1" StartOffset="3842"/>
                                                <Loc EndOffset="3898" SrcFileId="1" StartOffset="3874"/>
                                            </LocList>
                                            <BasicStmnt CovItemId="S56" CovItemPrefix="org.jfree.data.test.DataUtilitiesTest.java" Intrnl_Id="97">
                                                <LocList>
                                                    <Loc EndOffset="3689" SrcFileId="1" StartOffset="3660"/>
                                                </LocList>
                                            </BasicStmnt>
                                            <BasicStmnt CovItemId="S57" CovItemPrefix="org.jfree.data.test.DataUtilitiesTest.java" Intrnl_Id="98">
                                                <LocList>
                                                    <Loc EndOffset="3715" SrcFileId="1" StartOffset="3694"/>
                                                </LocList>
                                            </BasicStmnt>
                                            <BasicStmnt CovItemId="S58" CovItemPrefix="org.jfree.data.test.DataUtilitiesTest.java" Intrnl_Id="99">
                                                <LocList>
                                                    <Loc EndOffset="3747" SrcFileId="1" StartOffset="3720"/>
                                                </LocList>
                                            </BasicStmnt>
                                            <BasicStmnt CovItemId="S59" CovItemPrefix="org.jfree.data.test.DataUtilitiesTest.java" Intrnl_Id="100">
                                                <LocList>
                                                    <Loc EndOffset="3776" SrcFileId="1" StartOffset="3752"/>
                                                </LocList>
                                            </BasicStmnt>
                                            <BasicStmnt CovItemId="S60" CovItemPrefix="org.jfree.data.test.DataUtilitiesTest.java" Intrnl_Id="101">
                                                <LocList>
                                                    <Loc EndOffset="3808" SrcFileId="1" StartOffset="3781"/>
                                                </LocList>
                                            </BasicStmnt>
                                            <BasicStmnt CovItemId="S61" CovItemPrefix="org.jfree.data.test.DataUtilitiesTest.java" Intrnl_Id="102">
                                                <LocList>
                                                    <Loc EndOffset="3837" SrcFileId="1" StartOffset="3813"/>
                                                </LocList>
                                            </BasicStmnt>
                                            <BasicStmnt CovItemId="S62" CovItemPrefix="org.jfree.data.test.DataUtilitiesTest.java" Intrnl_Id="103">
                                                <LocList>
                                                    <Loc EndOffset="3869" SrcFileId="1" StartOffset="3842"/>
                                                </LocList>
                                            </BasicStmnt>
                                            <BasicStmnt CovItemId="S63" CovItemPrefix="org.jfree.data.test.DataUtilitiesTest.java" Intrnl_Id="104">
                                                <LocList>
                                                    <Loc EndOffset="3898" SrcFileId="1" StartOffset="3874"/>
                                                </LocList>
                                            </BasicStmnt>
                                        </StmntSeq>
                                    </HierarchyLvl>
                                </HierarchyLvl>
                                <HierarchyLvl HierarchyLvlId="16" HierarchyLvlTypeId="5" Intrnl_Id="105" Name="calculateRowTotalForPositiveRowWhichDoesNotExist">
                                    <Header>
                                        <Loc EndOffset="4270" SrcFileId="1" StartOffset="4056"/>
                                    </Header>
                                    <LocList>
                                        <Loc EndOffset="4800" SrcFileId="1" StartOffset="4056"/>
                                    </LocList>
                                    <StmntSeq Intrnl_Id="106">
                                        <LocList>
                                            <Loc EndOffset="4349" SrcFileId="1" StartOffset="4289"/>
                                            <Loc EndOffset="4377" SrcFileId="1" StartOffset="4353"/>
                                            <Loc EndOffset="4665" SrcFileId="1" StartOffset="4663"/>
                                            <Loc EndOffset="4737" SrcFileId="1" StartOffset="4678"/>
                                            <Loc EndOffset="4790" SrcFileId="1" StartOffset="4753"/>
                                        </LocList>
                                        <BasicStmnt CovItemId="S66" CovItemPrefix="org.jfree.data.test.DataUtilitiesTest.java" Intrnl_Id="107">
                                            <LocList>
                                                <Loc EndOffset="4349" SrcFileId="1" StartOffset="4289"/>
                                            </LocList>
                                        </BasicStmnt>
                                        <BasicStmnt CovItemId="S67" CovItemPrefix="org.jfree.data.test.DataUtilitiesTest.java" Intrnl_Id="108">
                                            <LocList>
                                                <Loc EndOffset="4377" SrcFileId="1" StartOffset="4353"/>
                                                <Loc EndOffset="4665" SrcFileId="1" StartOffset="4663"/>
                                            </LocList>
                                        </BasicStmnt>
                                        <BasicStmnt CovItemId="S76" CovItemPrefix="org.jfree.data.test.DataUtilitiesTest.java" Intrnl_Id="109">
                                            <LocList>
                                                <Loc EndOffset="4737" SrcFileId="1" StartOffset="4678"/>
                                            </LocList>
                                        </BasicStmnt>
                                        <BasicStmnt CovItemId="S77" CovItemPrefix="org.jfree.data.test.DataUtilitiesTest.java" Intrnl_Id="110">
                                            <LocList>
                                                <Loc EndOffset="4790" SrcFileId="1" StartOffset="4753"/>
                                            </LocList>
                                        </BasicStmnt>
                                    </StmntSeq>
                                    <HierarchyLvl HierarchyLvlId="15" HierarchyLvlTypeId="4" Intrnl_Id="111" Name="Expectations">
                                        <Header>
                                            <Loc EndOffset="4395" SrcFileId="1" StartOffset="4381"/>
                                        </Header>
                                        <LocList>
                                            <Loc EndOffset="4663" SrcFileId="1" StartOffset="4377"/>
                                        </LocList>
                                        <StmntSeq Intrnl_Id="112">
                                            <LocList>
                                                <Loc EndOffset="4440" SrcFileId="1" StartOffset="4411"/>
                                                <Loc EndOffset="4466" SrcFileId="1" StartOffset="4445"/>
                                                <Loc EndOffset="4498" SrcFileId="1" StartOffset="4471"/>
                                                <Loc EndOffset="4527" SrcFileId="1" StartOffset="4503"/>
                                                <Loc EndOffset="4559" SrcFileId="1" StartOffset="4532"/>
                                                <Loc EndOffset="4588" SrcFileId="1" StartOffset="4564"/>
                                                <Loc EndOffset="4620" SrcFileId="1" StartOffset="4593"/>
                                                <Loc EndOffset="4649" SrcFileId="1" StartOffset="4625"/>
                                            </LocList>
                                            <BasicStmnt CovItemId="S68" CovItemPrefix="org.jfree.data.test.DataUtilitiesTest.java" Intrnl_Id="113">
                                                <LocList>
                                                    <Loc EndOffset="4440" SrcFileId="1" StartOffset="4411"/>
                                                </LocList>
                                            </BasicStmnt>
                                            <BasicStmnt CovItemId="S69" CovItemPrefix="org.jfree.data.test.DataUtilitiesTest.java" Intrnl_Id="114">
                                                <LocList>
                                                    <Loc EndOffset="4466" SrcFileId="1" StartOffset="4445"/>
                                                </LocList>
                                            </BasicStmnt>
                                            <BasicStmnt CovItemId="S70" CovItemPrefix="org.jfree.data.test.DataUtilitiesTest.java" Intrnl_Id="115">
                                                <LocList>
                                                    <Loc EndOffset="4498" SrcFileId="1" StartOffset="4471"/>
                                                </LocList>
                                            </BasicStmnt>
                                            <BasicStmnt CovItemId="S71" CovItemPrefix="org.jfree.data.test.DataUtilitiesTest.java" Intrnl_Id="116">
                                                <LocList>
                                                    <Loc EndOffset="4527" SrcFileId="1" StartOffset="4503"/>
                                                </LocList>
                                            </BasicStmnt>
                                            <BasicStmnt CovItemId="S72" CovItemPrefix="org.jfree.data.test.DataUtilitiesTest.java" Intrnl_Id="117">
                                                <LocList>
                                                    <Loc EndOffset="4559" SrcFileId="1" StartOffset="4532"/>
                                                </LocList>
                                            </BasicStmnt>
                                            <BasicStmnt CovItemId="S73" CovItemPrefix="org.jfree.data.test.DataUtilitiesTest.java" Intrnl_Id="118">
                                                <LocList>
                                                    <Loc EndOffset="4588" SrcFileId="1" StartOffset="4564"/>
                                                </LocList>
                                            </BasicStmnt>
                                            <BasicStmnt CovItemId="S74" CovItemPrefix="org.jfree.data.test.DataUtilitiesTest.java" Intrnl_Id="119">
                                                <LocList>
                                                    <Loc EndOffset="4620" SrcFileId="1" StartOffset="4593"/>
                                                </LocList>
                                            </BasicStmnt>
                                            <BasicStmnt CovItemId="S75" CovItemPrefix="org.jfree.data.test.DataUtilitiesTest.java" Intrnl_Id="120">
                                                <LocList>
                                                    <Loc EndOffset="4649" SrcFileId="1" StartOffset="4625"/>
                                                </LocList>
                                            </BasicStmnt>
                                        </StmntSeq>
                                    </HierarchyLvl>
                                </HierarchyLvl>
                                <HierarchyLvl HierarchyLvlId="18" HierarchyLvlTypeId="5" Intrnl_Id="121" Name="calculateRowTotalForNegativeRowWhichDoesNotExist">
                                    <Header>
                                        <Loc EndOffset="5023" SrcFileId="1" StartOffset="4809"/>
                                    </Header>
                                    <LocList>
                                        <Loc EndOffset="5557" SrcFileId="1" StartOffset="4809"/>
                                    </LocList>
                                    <StmntSeq Intrnl_Id="122">
                                        <LocList>
                                            <Loc EndOffset="5102" SrcFileId="1" StartOffset="5042"/>
                                            <Loc EndOffset="5130" SrcFileId="1" StartOffset="5106"/>
                                            <Loc EndOffset="5421" SrcFileId="1" StartOffset="5419"/>
                                            <Loc EndOffset="5494" SrcFileId="1" StartOffset="5434"/>
                                            <Loc EndOffset="5547" SrcFileId="1" StartOffset="5510"/>
                                        </LocList>
                                        <BasicStmnt CovItemId="S78" CovItemPrefix="org.jfree.data.test.DataUtilitiesTest.java" Intrnl_Id="123">
                                            <LocList>
                                                <Loc EndOffset="5102" SrcFileId="1" StartOffset="5042"/>
                                            </LocList>
                                        </BasicStmnt>
                                        <BasicStmnt CovItemId="S79" CovItemPrefix="org.jfree.data.test.DataUtilitiesTest.java" Intrnl_Id="124">
                                            <LocList>
                                                <Loc EndOffset="5130" SrcFileId="1" StartOffset="5106"/>
                                                <Loc EndOffset="5421" SrcFileId="1" StartOffset="5419"/>
                                            </LocList>
                                        </BasicStmnt>
                                        <BasicStmnt CovItemId="S88" CovItemPrefix="org.jfree.data.test.DataUtilitiesTest.java" Intrnl_Id="125">
                                            <LocList>
                                                <Loc EndOffset="5494" SrcFileId="1" StartOffset="5434"/>
                                            </LocList>
                                        </BasicStmnt>
                                        <BasicStmnt CovItemId="S89" CovItemPrefix="org.jfree.data.test.DataUtilitiesTest.java" Intrnl_Id="126">
                                            <LocList>
                                                <Loc EndOffset="5547" SrcFileId="1" StartOffset="5510"/>
                                            </LocList>
                                        </BasicStmnt>
                                    </StmntSeq>
                                    <HierarchyLvl HierarchyLvlId="17" HierarchyLvlTypeId="4" Intrnl_Id="127" Name="Expectations">
                                        <Header>
                                            <Loc EndOffset="5148" SrcFileId="1" StartOffset="5134"/>
                                        </Header>
                                        <LocList>
                                            <Loc EndOffset="5419" SrcFileId="1" StartOffset="5130"/>
                                        </LocList>
                                        <StmntSeq Intrnl_Id="128">
                                            <LocList>
                                                <Loc EndOffset="5193" SrcFileId="1" StartOffset="5164"/>
                                                <Loc EndOffset="5219" SrcFileId="1" StartOffset="5198"/>
                                                <Loc EndOffset="5252" SrcFileId="1" StartOffset="5224"/>
                                                <Loc EndOffset="5281" SrcFileId="1" StartOffset="5257"/>
                                                <Loc EndOffset="5314" SrcFileId="1" StartOffset="5286"/>
                                                <Loc EndOffset="5343" SrcFileId="1" StartOffset="5319"/>
                                                <Loc EndOffset="5376" SrcFileId="1" StartOffset="5348"/>
                                                <Loc EndOffset="5405" SrcFileId="1" StartOffset="5381"/>
                                            </LocList>
                                            <BasicStmnt CovItemId="S80" CovItemPrefix="org.jfree.data.test.DataUtilitiesTest.java" Intrnl_Id="129">
                                                <LocList>
                                                    <Loc EndOffset="5193" SrcFileId="1" StartOffset="5164"/>
                                                </LocList>
                                            </BasicStmnt>
                                            <BasicStmnt CovItemId="S81" CovItemPrefix="org.jfree.data.test.DataUtilitiesTest.java" Intrnl_Id="130">
                                                <LocList>
                                                    <Loc EndOffset="5219" SrcFileId="1" StartOffset="5198"/>
                                                </LocList>
                                            </BasicStmnt>
                                            <BasicStmnt CovItemId="S82" CovItemPrefix="org.jfree.data.test.DataUtilitiesTest.java" Intrnl_Id="131">
                                                <LocList>
                                                    <Loc EndOffset="5252" SrcFileId="1" StartOffset="5224"/>
                                                </LocList>
                                            </BasicStmnt>
                                            <BasicStmnt CovItemId="S83" CovItemPrefix="org.jfree.data.test.DataUtilitiesTest.java" Intrnl_Id="132">
                                                <LocList>
                                                    <Loc EndOffset="5281" SrcFileId="1" StartOffset="5257"/>
                                                </LocList>
                                            </BasicStmnt>
                                            <BasicStmnt CovItemId="S84" CovItemPrefix="org.jfree.data.test.DataUtilitiesTest.java" Intrnl_Id="133">
                                                <LocList>
                                                    <Loc EndOffset="5314" SrcFileId="1" StartOffset="5286"/>
                                                </LocList>
                                            </BasicStmnt>
                                            <BasicStmnt CovItemId="S85" CovItemPrefix="org.jfree.data.test.DataUtilitiesTest.java" Intrnl_Id="134">
                                                <LocList>
                                                    <Loc EndOffset="5343" SrcFileId="1" StartOffset="5319"/>
                                                </LocList>
                                            </BasicStmnt>
                                            <BasicStmnt CovItemId="S86" CovItemPrefix="org.jfree.data.test.DataUtilitiesTest.java" Intrnl_Id="135">
                                                <LocList>
                                                    <Loc EndOffset="5376" SrcFileId="1" StartOffset="5348"/>
                                                </LocList>
                                            </BasicStmnt>
                                            <BasicStmnt CovItemId="S87" CovItemPrefix="org.jfree.data.test.DataUtilitiesTest.java" Intrnl_Id="136">
                                                <LocList>
                                                    <Loc EndOffset="5405" SrcFileId="1" StartOffset="5381"/>
                                                </LocList>
                                            </BasicStmnt>
                                        </StmntSeq>
                                    </HierarchyLvl>
                                </HierarchyLvl>
                                <HierarchyLvl HierarchyLvlId="19" HierarchyLvlTypeId="5" Intrnl_Id="137" Name="calculateRowTotalNullParamter">
                                    <Header>
                                        <Loc EndOffset="5746" SrcFileId="1" StartOffset="5571"/>
                                    </Header>
                                    <LocList>
                                        <Loc EndOffset="5864" SrcFileId="1" StartOffset="5571"/>
                                    </LocList>
                                    <StmntSeq Intrnl_Id="138">
                                        <LocList>
                                            <Loc EndOffset="5814" SrcFileId="1" StartOffset="5753"/>
                                            <Loc EndOffset="5859" SrcFileId="1" StartOffset="5819"/>
                                        </LocList>
                                        <BasicStmnt CovItemId="S90" CovItemPrefix="org.jfree.data.test.DataUtilitiesTest.java" Intrnl_Id="139">
                                            <LocList>
                                                <Loc EndOffset="5814" SrcFileId="1" StartOffset="5753"/>
                                            </LocList>
                                        </BasicStmnt>
                                        <BasicStmnt CovItemId="S91" CovItemPrefix="org.jfree.data.test.DataUtilitiesTest.java" Intrnl_Id="140">
                                            <LocList>
                                                <Loc EndOffset="5859" SrcFileId="1" StartOffset="5819"/>
                                            </LocList>
                                        </BasicStmnt>
                                    </StmntSeq>
                                </HierarchyLvl>
                                <HierarchyLvl HierarchyLvlId="20" HierarchyLvlTypeId="5" Intrnl_Id="141" Name="EqualArrays">
                                    <Header>
                                        <Loc EndOffset="5980" SrcFileId="1" StartOffset="5878"/>
                                    </Header>
                                    <LocList>
                                        <Loc EndOffset="6288" SrcFileId="1" StartOffset="5878"/>
                                    </LocList>
                                    <StmntSeq Intrnl_Id="142">
                                        <LocList>
                                            <Loc EndOffset="6068" SrcFileId="1" StartOffset="6005"/>
                                            <Loc EndOffset="6138" SrcFileId="1" StartOffset="6074"/>
                                            <Loc EndOffset="6214" SrcFileId="1" StartOffset="6157"/>
                                            <Loc EndOffset="6280" SrcFileId="1" StartOffset="6236"/>
                                        </LocList>
                                        <BasicStmnt CovItemId="S92" CovItemPrefix="org.jfree.data.test.DataUtilitiesTest.java" Intrnl_Id="143">
                                            <LocList>
                                                <Loc EndOffset="6068" SrcFileId="1" StartOffset="6005"/>
                                            </LocList>
                                        </BasicStmnt>
                                        <BasicStmnt CovItemId="S93" CovItemPrefix="org.jfree.data.test.DataUtilitiesTest.java" Intrnl_Id="144">
                                            <LocList>
                                                <Loc EndOffset="6138" SrcFileId="1" StartOffset="6074"/>
                                            </LocList>
                                        </BasicStmnt>
                                        <BasicStmnt CovItemId="S94" CovItemPrefix="org.jfree.data.test.DataUtilitiesTest.java" Intrnl_Id="145">
                                            <LocList>
                                                <Loc EndOffset="6214" SrcFileId="1" StartOffset="6157"/>
                                            </LocList>
                                        </BasicStmnt>
                                        <BasicStmnt CovItemId="S95" CovItemPrefix="org.jfree.data.test.DataUtilitiesTest.java" Intrnl_Id="146">
                                            <LocList>
                                                <Loc EndOffset="6280" SrcFileId="1" StartOffset="6236"/>
                                            </LocList>
                                        </BasicStmnt>
                                    </StmntSeq>
                                </HierarchyLvl>
                                <HierarchyLvl HierarchyLvlId="21" HierarchyLvlTypeId="5" Intrnl_Id="147" Name="NonEqualArrays">
                                    <Header>
                                        <Loc EndOffset="6406" SrcFileId="1" StartOffset="6297"/>
                                    </Header>
                                    <LocList>
                                        <Loc EndOffset="6719" SrcFileId="1" StartOffset="6297"/>
                                    </LocList>
                                    <StmntSeq Intrnl_Id="148">
                                        <LocList>
                                            <Loc EndOffset="6494" SrcFileId="1" StartOffset="6431"/>
                                            <Loc EndOffset="6564" SrcFileId="1" StartOffset="6500"/>
                                            <Loc EndOffset="6640" SrcFileId="1" StartOffset="6583"/>
                                            <Loc EndOffset="6711" SrcFileId="1" StartOffset="6662"/>
                                        </LocList>
                                        <BasicStmnt CovItemId="S96" CovItemPrefix="org.jfree.data.test.DataUtilitiesTest.java" Intrnl_Id="149">
                                            <LocList>
                                                <Loc EndOffset="6494" SrcFileId="1" StartOffset="6431"/>
                                            </LocList>
                                        </BasicStmnt>
                                        <BasicStmnt CovItemId="S97" CovItemPrefix="org.jfree.data.test.DataUtilitiesTest.java" Intrnl_Id="150">
                                            <LocList>
                                                <Loc EndOffset="6564" SrcFileId="1" StartOffset="6500"/>
                                            </LocList>
                                        </BasicStmnt>
                                        <BasicStmnt CovItemId="S98" CovItemPrefix="org.jfree.data.test.DataUtilitiesTest.java" Intrnl_Id="151">
                                            <LocList>
                                                <Loc EndOffset="6640" SrcFileId="1" StartOffset="6583"/>
                                            </LocList>
                                        </BasicStmnt>
                                        <BasicStmnt CovItemId="S99" CovItemPrefix="org.jfree.data.test.DataUtilitiesTest.java" Intrnl_Id="152">
                                            <LocList>
                                                <Loc EndOffset="6711" SrcFileId="1" StartOffset="6662"/>
                                            </LocList>
                                        </BasicStmnt>
                                    </StmntSeq>
                                </HierarchyLvl>
                                <HierarchyLvl HierarchyLvlId="22" HierarchyLvlTypeId="5" Intrnl_Id="153" Name="NonEqualArraysWithNegativeValues">
                                    <Header>
                                        <Loc EndOffset="6853" SrcFileId="1" StartOffset="6728"/>
                                    </Header>
                                    <LocList>
                                        <Loc EndOffset="7248" SrcFileId="1" StartOffset="6728"/>
                                    </LocList>
                                    <StmntSeq Intrnl_Id="154">
                                        <LocList>
                                            <Loc EndOffset="6942" SrcFileId="1" StartOffset="6878"/>
                                            <Loc EndOffset="7012" SrcFileId="1" StartOffset="6948"/>
                                            <Loc EndOffset="7088" SrcFileId="1" StartOffset="7031"/>
                                            <Loc EndOffset="7240" SrcFileId="1" StartOffset="7110"/>
                                        </LocList>
                                        <BasicStmnt CovItemId="S100" CovItemPrefix="org.jfree.data.test.DataUtilitiesTest.java" Intrnl_Id="155">
                                            <LocList>
                                                <Loc EndOffset="6942" SrcFileId="1" StartOffset="6878"/>
                                            </LocList>
                                        </BasicStmnt>
                                        <BasicStmnt CovItemId="S101" CovItemPrefix="org.jfree.data.test.DataUtilitiesTest.java" Intrnl_Id="156">
                                            <LocList>
                                                <Loc EndOffset="7012" SrcFileId="1" StartOffset="6948"/>
                                            </LocList>
                                        </BasicStmnt>
                                        <BasicStmnt CovItemId="S102" CovItemPrefix="org.jfree.data.test.DataUtilitiesTest.java" Intrnl_Id="157">
                                            <LocList>
                                                <Loc EndOffset="7088" SrcFileId="1" StartOffset="7031"/>
                                            </LocList>
                                        </BasicStmnt>
                                        <BasicStmnt CovItemId="S103" CovItemPrefix="org.jfree.data.test.DataUtilitiesTest.java" Intrnl_Id="158">
                                            <LocList>
                                                <Loc EndOffset="7240" SrcFileId="1" StartOffset="7110"/>
                                            </LocList>
                                        </BasicStmnt>
                                    </StmntSeq>
                                </HierarchyLvl>
                                <HierarchyLvl HierarchyLvlId="23" HierarchyLvlTypeId="5" Intrnl_Id="159" Name="EqualArraysWithEmptyElements">
                                    <Header>
                                        <Loc EndOffset="7377" SrcFileId="1" StartOffset="7257"/>
                                    </Header>
                                    <LocList>
                                        <Loc EndOffset="7779" SrcFileId="1" StartOffset="7257"/>
                                    </LocList>
                                    <StmntSeq Intrnl_Id="160">
                                        <LocList>
                                            <Loc EndOffset="7442" SrcFileId="1" StartOffset="7402"/>
                                            <Loc EndOffset="7488" SrcFileId="1" StartOffset="7448"/>
                                            <Loc EndOffset="7514" SrcFileId="1" StartOffset="7492"/>
                                            <Loc EndOffset="7540" SrcFileId="1" StartOffset="7518"/>
                                            <Loc EndOffset="7566" SrcFileId="1" StartOffset="7544"/>
                                            <Loc EndOffset="7592" SrcFileId="1" StartOffset="7570"/>
                                            <Loc EndOffset="7668" SrcFileId="1" StartOffset="7611"/>
                                            <Loc EndOffset="7771" SrcFileId="1" StartOffset="7690"/>
                                        </LocList>
                                        <BasicStmnt CovItemId="S104" CovItemPrefix="org.jfree.data.test.DataUtilitiesTest.java" Intrnl_Id="161">
                                            <LocList>
                                                <Loc EndOffset="7442" SrcFileId="1" StartOffset="7402"/>
                                            </LocList>
                                        </BasicStmnt>
                                        <BasicStmnt CovItemId="S105" CovItemPrefix="org.jfree.data.test.DataUtilitiesTest.java" Intrnl_Id="162">
                                            <LocList>
                                                <Loc EndOffset="7488" SrcFileId="1" StartOffset="7448"/>
                                            </LocList>
                                        </BasicStmnt>
                                        <BasicStmnt CovItemId="S106" CovItemPrefix="org.jfree.data.test.DataUtilitiesTest.java" Intrnl_Id="163">
                                            <LocList>
                                                <Loc EndOffset="7514" SrcFileId="1" StartOffset="7492"/>
                                            </LocList>
                                        </BasicStmnt>
                                        <BasicStmnt CovItemId="S107" CovItemPrefix="org.jfree.data.test.DataUtilitiesTest.java" Intrnl_Id="164">
                                            <LocList>
                                                <Loc EndOffset="7540" SrcFileId="1" StartOffset="7518"/>
                                            </LocList>
                                        </BasicStmnt>
                                        <BasicStmnt CovItemId="S108" CovItemPrefix="org.jfree.data.test.DataUtilitiesTest.java" Intrnl_Id="165">
                                            <LocList>
                                                <Loc EndOffset="7566" SrcFileId="1" StartOffset="7544"/>
                                            </LocList>
                                        </BasicStmnt>
                                        <BasicStmnt CovItemId="S109" CovItemPrefix="org.jfree.data.test.DataUtilitiesTest.java" Intrnl_Id="166">
                                            <LocList>
                                                <Loc EndOffset="7592" SrcFileId="1" StartOffset="7570"/>
                                            </LocList>
                                        </BasicStmnt>
                                        <BasicStmnt CovItemId="S110" CovItemPrefix="org.jfree.data.test.DataUtilitiesTest.java" Intrnl_Id="167">
                                            <LocList>
                                                <Loc EndOffset="7668" SrcFileId="1" StartOffset="7611"/>
                                            </LocList>
                                        </BasicStmnt>
                                        <BasicStmnt CovItemId="S111" CovItemPrefix="org.jfree.data.test.DataUtilitiesTest.java" Intrnl_Id="168">
                                            <LocList>
                                                <Loc EndOffset="7771" SrcFileId="1" StartOffset="7690"/>
                                            </LocList>
                                        </BasicStmnt>
                                    </StmntSeq>
                                </HierarchyLvl>
                                <HierarchyLvl HierarchyLvlId="24" HierarchyLvlTypeId="5" Intrnl_Id="169" Name="EqualArraysWithNullArrays">
                                    <Header>
                                        <Loc EndOffset="7890" SrcFileId="1" StartOffset="7788"/>
                                    </Header>
                                    <LocList>
                                        <Loc EndOffset="8155" SrcFileId="1" StartOffset="7788"/>
                                    </LocList>
                                    <StmntSeq Intrnl_Id="170">
                                        <LocList>
                                            <Loc EndOffset="7942" SrcFileId="1" StartOffset="7915"/>
                                            <Loc EndOffset="7975" SrcFileId="1" StartOffset="7948"/>
                                            <Loc EndOffset="8051" SrcFileId="1" StartOffset="7994"/>
                                            <Loc EndOffset="8147" SrcFileId="1" StartOffset="8073"/>
                                        </LocList>
                                        <BasicStmnt CovItemId="S112" CovItemPrefix="org.jfree.data.test.DataUtilitiesTest.java" Intrnl_Id="171">
                                            <LocList>
                                                <Loc EndOffset="7942" SrcFileId="1" StartOffset="7915"/>
                                            </LocList>
                                        </BasicStmnt>
                                        <BasicStmnt CovItemId="S113" CovItemPrefix="org.jfree.data.test.DataUtilitiesTest.java" Intrnl_Id="172">
                                            <LocList>
                                                <Loc EndOffset="7975" SrcFileId="1" StartOffset="7948"/>
                                            </LocList>
                                        </BasicStmnt>
                                        <BasicStmnt CovItemId="S114" CovItemPrefix="org.jfree.data.test.DataUtilitiesTest.java" Intrnl_Id="173">
                                            <LocList>
                                                <Loc EndOffset="8051" SrcFileId="1" StartOffset="7994"/>
                                            </LocList>
                                        </BasicStmnt>
                                        <BasicStmnt CovItemId="S115" CovItemPrefix="org.jfree.data.test.DataUtilitiesTest.java" Intrnl_Id="174">
                                            <LocList>
                                                <Loc EndOffset="8147" SrcFileId="1" StartOffset="8073"/>
                                            </LocList>
                                        </BasicStmnt>
                                    </StmntSeq>
                                </HierarchyLvl>
                                <HierarchyLvl HierarchyLvlId="25" HierarchyLvlTypeId="5" Intrnl_Id="175" Name="EqualArraysWithEmptyArrays">
                                    <Header>
                                        <Loc EndOffset="8276" SrcFileId="1" StartOffset="8164"/>
                                    </Header>
                                    <LocList>
                                        <Loc EndOffset="8568" SrcFileId="1" StartOffset="8164"/>
                                    </LocList>
                                    <StmntSeq Intrnl_Id="176">
                                        <LocList>
                                            <Loc EndOffset="8341" SrcFileId="1" StartOffset="8301"/>
                                            <Loc EndOffset="8387" SrcFileId="1" StartOffset="8347"/>
                                            <Loc EndOffset="8463" SrcFileId="1" StartOffset="8406"/>
                                            <Loc EndOffset="8560" SrcFileId="1" StartOffset="8485"/>
                                        </LocList>
                                        <BasicStmnt CovItemId="S116" CovItemPrefix="org.jfree.data.test.DataUtilitiesTest.java" Intrnl_Id="177">
                                            <LocList>
                                                <Loc EndOffset="8341" SrcFileId="1" StartOffset="8301"/>
                                            </LocList>
                                        </BasicStmnt>
                                        <BasicStmnt CovItemId="S117" CovItemPrefix="org.jfree.data.test.DataUtilitiesTest.java" Intrnl_Id="178">
                                            <LocList>
                                                <Loc EndOffset="8387" SrcFileId="1" StartOffset="8347"/>
                                            </LocList>
                                        </BasicStmnt>
                                        <BasicStmnt CovItemId="S118" CovItemPrefix="org.jfree.data.test.DataUtilitiesTest.java" Intrnl_Id="179">
                                            <LocList>
                                                <Loc EndOffset="8463" SrcFileId="1" StartOffset="8406"/>
                                            </LocList>
                                        </BasicStmnt>
                                        <BasicStmnt CovItemId="S119" CovItemPrefix="org.jfree.data.test.DataUtilitiesTest.java" Intrnl_Id="180">
                                            <LocList>
                                                <Loc EndOffset="8560" SrcFileId="1" StartOffset="8485"/>
                                            </LocList>
                                        </BasicStmnt>
                                    </StmntSeq>
                                </HierarchyLvl>
                                <HierarchyLvl HierarchyLvlId="26" HierarchyLvlTypeId="5" Intrnl_Id="181" Name="NonEqualArraysOfDifferentRowSizes">
                                    <Header>
                                        <Loc EndOffset="8707" SrcFileId="1" StartOffset="8577"/>
                                    </Header>
                                    <LocList>
                                        <Loc EndOffset="9128" SrcFileId="1" StartOffset="8577"/>
                                    </LocList>
                                    <StmntSeq Intrnl_Id="182">
                                        <LocList>
                                            <Loc EndOffset="8795" SrcFileId="1" StartOffset="8732"/>
                                            <Loc EndOffset="8841" SrcFileId="1" StartOffset="8801"/>
                                            <Loc EndOffset="8867" SrcFileId="1" StartOffset="8845"/>
                                            <Loc EndOffset="8894" SrcFileId="1" StartOffset="8871"/>
                                            <Loc EndOffset="8919" SrcFileId="1" StartOffset="8898"/>
                                            <Loc EndOffset="8946" SrcFileId="1" StartOffset="8923"/>
                                            <Loc EndOffset="9022" SrcFileId="1" StartOffset="8965"/>
                                            <Loc EndOffset="9120" SrcFileId="1" StartOffset="9044"/>
                                        </LocList>
                                        <BasicStmnt CovItemId="S120" CovItemPrefix="org.jfree.data.test.DataUtilitiesTest.java" Intrnl_Id="183">
                                            <LocList>
                                                <Loc EndOffset="8795" SrcFileId="1" StartOffset="8732"/>
                                            </LocList>
                                        </BasicStmnt>
                                        <BasicStmnt CovItemId="S121" CovItemPrefix="org.jfree.data.test.DataUtilitiesTest.java" Intrnl_Id="184">
                                            <LocList>
                                                <Loc EndOffset="8841" SrcFileId="1" StartOffset="8801"/>
                                            </LocList>
                                        </BasicStmnt>
                                        <BasicStmnt CovItemId="S122" CovItemPrefix="org.jfree.data.test.DataUtilitiesTest.java" Intrnl_Id="185">
                                            <LocList>
                                                <Loc EndOffset="8867" SrcFileId="1" StartOffset="8845"/>
                                            </LocList>
                                        </BasicStmnt>
                                        <BasicStmnt CovItemId="S123" CovItemPrefix="org.jfree.data.test.DataUtilitiesTest.java" Intrnl_Id="186">
                                            <LocList>
                                                <Loc EndOffset="8894" SrcFileId="1" StartOffset="8871"/>
                                            </LocList>
                                        </BasicStmnt>
                                        <BasicStmnt CovItemId="S124" CovItemPrefix="org.jfree.data.test.DataUtilitiesTest.java" Intrnl_Id="187">
                                            <LocList>
                                                <Loc EndOffset="8919" SrcFileId="1" StartOffset="8898"/>
                                            </LocList>
                                        </BasicStmnt>
                                        <BasicStmnt CovItemId="S125" CovItemPrefix="org.jfree.data.test.DataUtilitiesTest.java" Intrnl_Id="188">
                                            <LocList>
                                                <Loc EndOffset="8946" SrcFileId="1" StartOffset="8923"/>
                                            </LocList>
                                        </BasicStmnt>
                                        <BasicStmnt CovItemId="S126" CovItemPrefix="org.jfree.data.test.DataUtilitiesTest.java" Intrnl_Id="189">
                                            <LocList>
                                                <Loc EndOffset="9022" SrcFileId="1" StartOffset="8965"/>
                                            </LocList>
                                        </BasicStmnt>
                                        <BasicStmnt CovItemId="S127" CovItemPrefix="org.jfree.data.test.DataUtilitiesTest.java" Intrnl_Id="190">
                                            <LocList>
                                                <Loc EndOffset="9120" SrcFileId="1" StartOffset="9044"/>
                                            </LocList>
                                        </BasicStmnt>
                                    </StmntSeq>
                                </HierarchyLvl>
                                <HierarchyLvl HierarchyLvlId="27" HierarchyLvlTypeId="5" Intrnl_Id="191" Name="NonEqualArraysOfDifferentColumnSizes">
                                    <Header>
                                        <Loc EndOffset="9270" SrcFileId="1" StartOffset="9137"/>
                                    </Header>
                                    <LocList>
                                        <Loc EndOffset="9694" SrcFileId="1" StartOffset="9137"/>
                                    </LocList>
                                    <StmntSeq Intrnl_Id="192">
                                        <LocList>
                                            <Loc EndOffset="9358" SrcFileId="1" StartOffset="9295"/>
                                            <Loc EndOffset="9404" SrcFileId="1" StartOffset="9364"/>
                                            <Loc EndOffset="9430" SrcFileId="1" StartOffset="9408"/>
                                            <Loc EndOffset="9457" SrcFileId="1" StartOffset="9434"/>
                                            <Loc EndOffset="9482" SrcFileId="1" StartOffset="9461"/>
                                            <Loc EndOffset="9509" SrcFileId="1" StartOffset="9486"/>
                                            <Loc EndOffset="9585" SrcFileId="1" StartOffset="9528"/>
                                            <Loc EndOffset="9686" SrcFileId="1" StartOffset="9607"/>
                                        </LocList>
                                        <BasicStmnt CovItemId="S128" CovItemPrefix="org.jfree.data.test.DataUtilitiesTest.java" Intrnl_Id="193">
                                            <LocList>
                                                <Loc EndOffset="9358" SrcFileId="1" StartOffset="9295"/>
                                            </LocList>
                                        </BasicStmnt>
                                        <BasicStmnt CovItemId="S129" CovItemPrefix="org.jfree.data.test.DataUtilitiesTest.java" Intrnl_Id="194">
                                            <LocList>
                                                <Loc EndOffset="9404" SrcFileId="1" StartOffset="9364"/>
                                            </LocList>
                                        </BasicStmnt>
                                        <BasicStmnt CovItemId="S130" CovItemPrefix="org.jfree.data.test.DataUtilitiesTest.java" Intrnl_Id="195">
                                            <LocList>
                                                <Loc EndOffset="9430" SrcFileId="1" StartOffset="9408"/>
                                            </LocList>
                                        </BasicStmnt>
                                        <BasicStmnt CovItemId="S131" CovItemPrefix="org.jfree.data.test.DataUtilitiesTest.java" Intrnl_Id="196">
                                            <LocList>
                                                <Loc EndOffset="9457" SrcFileId="1" StartOffset="9434"/>
                                            </LocList>
                                        </BasicStmnt>
                                        <BasicStmnt CovItemId="S132" CovItemPrefix="org.jfree.data.test.DataUtilitiesTest.java" Intrnl_Id="197">
                                            <LocList>
                                                <Loc EndOffset="9482" SrcFileId="1" StartOffset="9461"/>
                                            </LocList>
                                        </BasicStmnt>
                                        <BasicStmnt CovItemId="S133" CovItemPrefix="org.jfree.data.test.DataUtilitiesTest.java" Intrnl_Id="198">
                                            <LocList>
                                                <Loc EndOffset="9509" SrcFileId="1" StartOffset="9486"/>
                                            </LocList>
                                        </BasicStmnt>
                                        <BasicStmnt CovItemId="S134" CovItemPrefix="org.jfree.data.test.DataUtilitiesTest.java" Intrnl_Id="199">
                                            <LocList>
                                                <Loc EndOffset="9585" SrcFileId="1" StartOffset="9528"/>
                                            </LocList>
                                        </BasicStmnt>
                                        <BasicStmnt CovItemId="S135" CovItemPrefix="org.jfree.data.test.DataUtilitiesTest.java" Intrnl_Id="200">
                                            <LocList>
                                                <Loc EndOffset="9686" SrcFileId="1" StartOffset="9607"/>
                                            </LocList>
                                        </BasicStmnt>
                                    </StmntSeq>
                                </HierarchyLvl>
                                <HierarchyLvl HierarchyLvlId="28" HierarchyLvlTypeId="5" Intrnl_Id="201" Name="EqualArraysWithNegativeValues">
                                    <Header>
                                        <Loc EndOffset="9821" SrcFileId="1" StartOffset="9703"/>
                                    </Header>
                                    <LocList>
                                        <Loc EndOffset="10154" SrcFileId="1" StartOffset="9703"/>
                                    </LocList>
                                    <StmntSeq Intrnl_Id="202">
                                        <LocList>
                                            <Loc EndOffset="9911" SrcFileId="1" StartOffset="9846"/>
                                            <Loc EndOffset="9983" SrcFileId="1" StartOffset="9917"/>
                                            <Loc EndOffset="10059" SrcFileId="1" StartOffset="10002"/>
                                            <Loc EndOffset="10146" SrcFileId="1" StartOffset="10081"/>
                                        </LocList>
                                        <BasicStmnt CovItemId="S136" CovItemPrefix="org.jfree.data.test.DataUtilitiesTest.java" Intrnl_Id="203">
                                            <LocList>
                                                <Loc EndOffset="9911" SrcFileId="1" StartOffset="9846"/>
                                            </LocList>
                                        </BasicStmnt>
                                        <BasicStmnt CovItemId="S137" CovItemPrefix="org.jfree.data.test.DataUtilitiesTest.java" Intrnl_Id="204">
                                            <LocList>
                                                <Loc EndOffset="9983" SrcFileId="1" StartOffset="9917"/>
                                            </LocList>
                                        </BasicStmnt>
                                        <BasicStmnt CovItemId="S138" CovItemPrefix="org.jfree.data.test.DataUtilitiesTest.java" Intrnl_Id="205">
                                            <LocList>
                                                <Loc EndOffset="10059" SrcFileId="1" StartOffset="10002"/>
                                            </LocList>
                                        </BasicStmnt>
                                        <BasicStmnt CovItemId="S139" CovItemPrefix="org.jfree.data.test.DataUtilitiesTest.java" Intrnl_Id="206">
                                            <LocList>
                                                <Loc EndOffset="10146" SrcFileId="1" StartOffset="10081"/>
                                            </LocList>
                                        </BasicStmnt>
                                    </StmntSeq>
                                </HierarchyLvl>
                                <HierarchyLvl HierarchyLvlId="30" HierarchyLvlTypeId="5" Intrnl_Id="207" Name="testBasicCalculateColumnTotal">
                                    <Header>
                                        <Loc EndOffset="10306" SrcFileId="1" StartOffset="10157"/>
                                    </Header>
                                    <LocList>
                                        <Loc EndOffset="10767" SrcFileId="1" StartOffset="10157"/>
                                    </LocList>
                                    <StmntSeq Intrnl_Id="208">
                                        <LocList>
                                            <Loc EndOffset="10344" SrcFileId="1" StartOffset="10312"/>
                                            <Loc EndOffset="10401" SrcFileId="1" StartOffset="10348"/>
                                            <Loc EndOffset="10422" SrcFileId="1" StartOffset="10405"/>
                                            <Loc EndOffset="10652" SrcFileId="1" StartOffset="10650"/>
                                            <Loc EndOffset="10719" SrcFileId="1" StartOffset="10656"/>
                                            <Loc EndOffset="10763" SrcFileId="1" StartOffset="10723"/>
                                        </LocList>
                                        <BasicStmnt CovItemId="S140" CovItemPrefix="org.jfree.data.test.DataUtilitiesTest.java" Intrnl_Id="209">
                                            <LocList>
                                                <Loc EndOffset="10344" SrcFileId="1" StartOffset="10312"/>
                                            </LocList>
                                        </BasicStmnt>
                                        <BasicStmnt CovItemId="S141" CovItemPrefix="org.jfree.data.test.DataUtilitiesTest.java" Intrnl_Id="210">
                                            <LocList>
                                                <Loc EndOffset="10401" SrcFileId="1" StartOffset="10348"/>
                                            </LocList>
                                        </BasicStmnt>
                                        <BasicStmnt CovItemId="S142" CovItemPrefix="org.jfree.data.test.DataUtilitiesTest.java" Intrnl_Id="211">
                                            <LocList>
                                                <Loc EndOffset="10422" SrcFileId="1" StartOffset="10405"/>
                                                <Loc EndOffset="10652" SrcFileId="1" StartOffset="10650"/>
                                            </LocList>
                                        </BasicStmnt>
                                        <BasicStmnt CovItemId="S149" CovItemPrefix="org.jfree.data.test.DataUtilitiesTest.java" Intrnl_Id="212">
                                            <LocList>
                                                <Loc EndOffset="10719" SrcFileId="1" StartOffset="10656"/>
                                            </LocList>
                                        </BasicStmnt>
                                        <BasicStmnt CovItemId="S150" CovItemPrefix="org.jfree.data.test.DataUtilitiesTest.java" Intrnl_Id="213">
                                            <LocList>
                                                <Loc EndOffset="10763" SrcFileId="1" StartOffset="10723"/>
                                            </LocList>
                                        </BasicStmnt>
                                    </StmntSeq>
                                    <HierarchyLvl HierarchyLvlId="29" HierarchyLvlTypeId="4" Intrnl_Id="214" Name="org.jmock.Expectations">
                                        <Header>
                                            <Loc EndOffset="10450" SrcFileId="1" StartOffset="10426"/>
                                        </Header>
                                        <LocList>
                                            <Loc EndOffset="10650" SrcFileId="1" StartOffset="10422"/>
                                        </LocList>
                                        <StmntSeq Intrnl_Id="215">
                                            <LocList>
                                                <Loc EndOffset="10490" SrcFileId="1" StartOffset="10464"/>
                                                <Loc EndOffset="10517" SrcFileId="1" StartOffset="10496"/>
                                                <Loc EndOffset="10549" SrcFileId="1" StartOffset="10523"/>
                                                <Loc EndOffset="10578" SrcFileId="1" StartOffset="10555"/>
                                                <Loc EndOffset="10610" SrcFileId="1" StartOffset="10584"/>
                                                <Loc EndOffset="10639" SrcFileId="1" StartOffset="10616"/>
                                            </LocList>
                                            <BasicStmnt CovItemId="S143" CovItemPrefix="org.jfree.data.test.DataUtilitiesTest.java" Intrnl_Id="216">
                                                <LocList>
                                                    <Loc EndOffset="10490" SrcFileId="1" StartOffset="10464"/>
                                                </LocList>
                                            </BasicStmnt>
                                            <BasicStmnt CovItemId="S144" CovItemPrefix="org.jfree.data.test.DataUtilitiesTest.java" Intrnl_Id="217">
                                                <LocList>
                                                    <Loc EndOffset="10517" SrcFileId="1" StartOffset="10496"/>
                                                </LocList>
                                            </BasicStmnt>
                                            <BasicStmnt CovItemId="S145" CovItemPrefix="org.jfree.data.test.DataUtilitiesTest.java" Intrnl_Id="218">
                                                <LocList>
                                                    <Loc EndOffset="10549" SrcFileId="1" StartOffset="10523"/>
                                                </LocList>
                                            </BasicStmnt>
                                            <BasicStmnt CovItemId="S146" CovItemPrefix="org.jfree.data.test.DataUtilitiesTest.java" Intrnl_Id="219">
                                                <LocList>
                                                    <Loc EndOffset="10578" SrcFileId="1" StartOffset="10555"/>
                                                </LocList>
                                            </BasicStmnt>
                                            <BasicStmnt CovItemId="S147" CovItemPrefix="org.jfree.data.test.DataUtilitiesTest.java" Intrnl_Id="220">
                                                <LocList>
                                                    <Loc EndOffset="10610" SrcFileId="1" StartOffset="10584"/>
                                                </LocList>
                                            </BasicStmnt>
                                            <BasicStmnt CovItemId="S148" CovItemPrefix="org.jfree.data.test.DataUtilitiesTest.java" Intrnl_Id="221">
                                                <LocList>
                                                    <Loc EndOffset="10639" SrcFileId="1" StartOffset="10616"/>
                                                </LocList>
                                            </BasicStmnt>
                                        </StmntSeq>
                                    </HierarchyLvl>
                                </HierarchyLvl>
                                <HierarchyLvl HierarchyLvlId="32" HierarchyLvlTypeId="5" Intrnl_Id="222" Name="testCalculateColumnTotalWithNull">
                                    <Header>
                                        <Loc EndOffset="10947" SrcFileId="1" StartOffset="10773"/>
                                    </Header>
                                    <LocList>
                                        <Loc EndOffset="11408" SrcFileId="1" StartOffset="10773"/>
                                    </LocList>
                                    <StmntSeq Intrnl_Id="223">
                                        <LocList>
                                            <Loc EndOffset="10985" SrcFileId="1" StartOffset="10953"/>
                                            <Loc EndOffset="11042" SrcFileId="1" StartOffset="10989"/>
                                            <Loc EndOffset="11063" SrcFileId="1" StartOffset="11046"/>
                                            <Loc EndOffset="11294" SrcFileId="1" StartOffset="11292"/>
                                            <Loc EndOffset="11361" SrcFileId="1" StartOffset="11298"/>
                                            <Loc EndOffset="11404" SrcFileId="1" StartOffset="11365"/>
                                        </LocList>
                                        <BasicStmnt CovItemId="S151" CovItemPrefix="org.jfree.data.test.DataUtilitiesTest.java" Intrnl_Id="224">
                                            <LocList>
                                                <Loc EndOffset="10985" SrcFileId="1" StartOffset="10953"/>
                                            </LocList>
                                        </BasicStmnt>
                                        <BasicStmnt CovItemId="S152" CovItemPrefix="org.jfree.data.test.DataUtilitiesTest.java" Intrnl_Id="225">
                                            <LocList>
                                                <Loc EndOffset="11042" SrcFileId="1" StartOffset="10989"/>
                                            </LocList>
                                        </BasicStmnt>
                                        <BasicStmnt CovItemId="S153" CovItemPrefix="org.jfree.data.test.DataUtilitiesTest.java" Intrnl_Id="226">
                                            <LocList>
                                                <Loc EndOffset="11063" SrcFileId="1" StartOffset="11046"/>
                                                <Loc EndOffset="11294" SrcFileId="1" StartOffset="11292"/>
                                            </LocList>
                                        </BasicStmnt>
                                        <BasicStmnt CovItemId="S160" CovItemPrefix="org.jfree.data.test.DataUtilitiesTest.java" Intrnl_Id="227">
                                            <LocList>
                                                <Loc EndOffset="11361" SrcFileId="1" StartOffset="11298"/>
                                            </LocList>
                                        </BasicStmnt>
                                        <BasicStmnt CovItemId="S161" CovItemPrefix="org.jfree.data.test.DataUtilitiesTest.java" Intrnl_Id="228">
                                            <LocList>
                                                <Loc EndOffset="11404" SrcFileId="1" StartOffset="11365"/>
                                            </LocList>
                                        </BasicStmnt>
                                    </StmntSeq>
                                    <HierarchyLvl HierarchyLvlId="31" HierarchyLvlTypeId="4" Intrnl_Id="229" Name="org.jmock.Expectations">
                                        <Header>
                                            <Loc EndOffset="11091" SrcFileId="1" StartOffset="11067"/>
                                        </Header>
                                        <LocList>
                                            <Loc EndOffset="11292" SrcFileId="1" StartOffset="11063"/>
                                        </LocList>
                                        <StmntSeq Intrnl_Id="230">
                                            <LocList>
                                                <Loc EndOffset="11131" SrcFileId="1" StartOffset="11105"/>
                                                <Loc EndOffset="11158" SrcFileId="1" StartOffset="11137"/>
                                                <Loc EndOffset="11190" SrcFileId="1" StartOffset="11164"/>
                                                <Loc EndOffset="11219" SrcFileId="1" StartOffset="11196"/>
                                                <Loc EndOffset="11251" SrcFileId="1" StartOffset="11225"/>
                                                <Loc EndOffset="11281" SrcFileId="1" StartOffset="11257"/>
                                            </LocList>
                                            <BasicStmnt CovItemId="S154" CovItemPrefix="org.jfree.data.test.DataUtilitiesTest.java" Intrnl_Id="231">
                                                <LocList>
                                                    <Loc EndOffset="11131" SrcFileId="1" StartOffset="11105"/>
                                                </LocList>
                                            </BasicStmnt>
                                            <BasicStmnt CovItemId="S155" CovItemPrefix="org.jfree.data.test.DataUtilitiesTest.java" Intrnl_Id="232">
                                                <LocList>
                                                    <Loc EndOffset="11158" SrcFileId="1" StartOffset="11137"/>
                                                </LocList>
                                            </BasicStmnt>
                                            <BasicStmnt CovItemId="S156" CovItemPrefix="org.jfree.data.test.DataUtilitiesTest.java" Intrnl_Id="233">
                                                <LocList>
                                                    <Loc EndOffset="11190" SrcFileId="1" StartOffset="11164"/>
                                                </LocList>
                                            </BasicStmnt>
                                            <BasicStmnt CovItemId="S157" CovItemPrefix="org.jfree.data.test.DataUtilitiesTest.java" Intrnl_Id="234">
                                                <LocList>
                                                    <Loc EndOffset="11219" SrcFileId="1" StartOffset="11196"/>
                                                </LocList>
                                            </BasicStmnt>
                                            <BasicStmnt CovItemId="S158" CovItemPrefix="org.jfree.data.test.DataUtilitiesTest.java" Intrnl_Id="235">
                                                <LocList>
                                                    <Loc EndOffset="11251" SrcFileId="1" StartOffset="11225"/>
                                                </LocList>
                                            </BasicStmnt>
                                            <BasicStmnt CovItemId="S159" CovItemPrefix="org.jfree.data.test.DataUtilitiesTest.java" Intrnl_Id="236">
                                                <LocList>
                                                    <Loc EndOffset="11281" SrcFileId="1" StartOffset="11257"/>
                                                </LocList>
                                            </BasicStmnt>
                                        </StmntSeq>
                                    </HierarchyLvl>
                                </HierarchyLvl>
                                <HierarchyLvl HierarchyLvlId="34" HierarchyLvlTypeId="5" Intrnl_Id="237" Name="testCalculateColumnTotalWithAllNulls">
                                    <Header>
                                        <Loc EndOffset="11581" SrcFileId="1" StartOffset="11414"/>
                                    </Header>
                                    <LocList>
                                        <Loc EndOffset="12041" SrcFileId="1" StartOffset="11414"/>
                                    </LocList>
                                    <StmntSeq Intrnl_Id="238">
                                        <LocList>
                                            <Loc EndOffset="11619" SrcFileId="1" StartOffset="11587"/>
                                            <Loc EndOffset="11676" SrcFileId="1" StartOffset="11623"/>
                                            <Loc EndOffset="11697" SrcFileId="1" StartOffset="11680"/>
                                            <Loc EndOffset="11929" SrcFileId="1" StartOffset="11927"/>
                                            <Loc EndOffset="11996" SrcFileId="1" StartOffset="11933"/>
                                            <Loc EndOffset="12037" SrcFileId="1" StartOffset="12000"/>
                                        </LocList>
                                        <BasicStmnt CovItemId="S162" CovItemPrefix="org.jfree.data.test.DataUtilitiesTest.java" Intrnl_Id="239">
                                            <LocList>
                                                <Loc EndOffset="11619" SrcFileId="1" StartOffset="11587"/>
                                            </LocList>
                                        </BasicStmnt>
                                        <BasicStmnt CovItemId="S163" CovItemPrefix="org.jfree.data.test.DataUtilitiesTest.java" Intrnl_Id="240">
                                            <LocList>
                                                <Loc EndOffset="11676" SrcFileId="1" StartOffset="11623"/>
                                            </LocList>
                                        </BasicStmnt>
                                        <BasicStmnt CovItemId="S164" CovItemPrefix="org.jfree.data.test.DataUtilitiesTest.java" Intrnl_Id="241">
                                            <LocList>
                                                <Loc EndOffset="11697" SrcFileId="1" StartOffset="11680"/>
                                                <Loc EndOffset="11929" SrcFileId="1" StartOffset="11927"/>
                                            </LocList>
                                        </BasicStmnt>
                                        <BasicStmnt CovItemId="S171" CovItemPrefix="org.jfree.data.test.DataUtilitiesTest.java" Intrnl_Id="242">
                                            <LocList>
                                                <Loc EndOffset="11996" SrcFileId="1" StartOffset="11933"/>
                                            </LocList>
                                        </BasicStmnt>
                                        <BasicStmnt CovItemId="S172" CovItemPrefix="org.jfree.data.test.DataUtilitiesTest.java" Intrnl_Id="243">
                                            <LocList>
                                                <Loc EndOffset="12037" SrcFileId="1" StartOffset="12000"/>
                                            </LocList>
                                        </BasicStmnt>
                                    </StmntSeq>
                                    <HierarchyLvl HierarchyLvlId="33" HierarchyLvlTypeId="4" Intrnl_Id="244" Name="org.jmock.Expectations">
                                        <Header>
                                            <Loc EndOffset="11725" SrcFileId="1" StartOffset="11701"/>
                                        </Header>
                                        <LocList>
                                            <Loc EndOffset="11927" SrcFileId="1" StartOffset="11697"/>
                                        </LocList>
                                        <StmntSeq Intrnl_Id="245">
                                            <LocList>
                                                <Loc EndOffset="11765" SrcFileId="1" StartOffset="11739"/>
                                                <Loc EndOffset="11792" SrcFileId="1" StartOffset="11771"/>
                                                <Loc EndOffset="11824" SrcFileId="1" StartOffset="11798"/>
                                                <Loc EndOffset="11854" SrcFileId="1" StartOffset="11830"/>
                                                <Loc EndOffset="11886" SrcFileId="1" StartOffset="11860"/>
                                                <Loc EndOffset="11916" SrcFileId="1" StartOffset="11892"/>
                                            </LocList>
                                            <BasicStmnt CovItemId="S165" CovItemPrefix="org.jfree.data.test.DataUtilitiesTest.java" Intrnl_Id="246">
                                                <LocList>
                                                    <Loc EndOffset="11765" SrcFileId="1" StartOffset="11739"/>
                                                </LocList>
                                            </BasicStmnt>
                                            <BasicStmnt CovItemId="S166" CovItemPrefix="org.jfree.data.test.DataUtilitiesTest.java" Intrnl_Id="247">
                                                <LocList>
                                                    <Loc EndOffset="11792" SrcFileId="1" StartOffset="11771"/>
                                                </LocList>
                                            </BasicStmnt>
                                            <BasicStmnt CovItemId="S167" CovItemPrefix="org.jfree.data.test.DataUtilitiesTest.java" Intrnl_Id="248">
                                                <LocList>
                                                    <Loc EndOffset="11824" SrcFileId="1" StartOffset="11798"/>
                                                </LocList>
                                            </BasicStmnt>
                                            <BasicStmnt CovItemId="S168" CovItemPrefix="org.jfree.data.test.DataUtilitiesTest.java" Intrnl_Id="249">
                                                <LocList>
                                                    <Loc EndOffset="11854" SrcFileId="1" StartOffset="11830"/>
                                                </LocList>
                                            </BasicStmnt>
                                            <BasicStmnt CovItemId="S169" CovItemPrefix="org.jfree.data.test.DataUtilitiesTest.java" Intrnl_Id="250">
                                                <LocList>
                                                    <Loc EndOffset="11886" SrcFileId="1" StartOffset="11860"/>
                                                </LocList>
                                            </BasicStmnt>
                                            <BasicStmnt CovItemId="S170" CovItemPrefix="org.jfree.data.test.DataUtilitiesTest.java" Intrnl_Id="251">
                                                <LocList>
                                                    <Loc EndOffset="11916" SrcFileId="1" StartOffset="11892"/>
                                                </LocList>
                                            </BasicStmnt>
                                        </StmntSeq>
                                    </HierarchyLvl>
                                </HierarchyLvl>
                                <HierarchyLvl HierarchyLvlId="36" HierarchyLvlTypeId="5" Intrnl_Id="252" Name="testCalculateColumnTotalWithNoRows">
                                    <Header>
                                        <Loc EndOffset="12179" SrcFileId="1" StartOffset="12047"/>
                                    </Header>
                                    <LocList>
                                        <Loc EndOffset="12515" SrcFileId="1" StartOffset="12047"/>
                                    </LocList>
                                    <StmntSeq Intrnl_Id="253">
                                        <LocList>
                                            <Loc EndOffset="12217" SrcFileId="1" StartOffset="12185"/>
                                            <Loc EndOffset="12274" SrcFileId="1" StartOffset="12221"/>
                                            <Loc EndOffset="12295" SrcFileId="1" StartOffset="12278"/>
                                            <Loc EndOffset="12403" SrcFileId="1" StartOffset="12401"/>
                                            <Loc EndOffset="12470" SrcFileId="1" StartOffset="12407"/>
                                            <Loc EndOffset="12511" SrcFileId="1" StartOffset="12474"/>
                                        </LocList>
                                        <BasicStmnt CovItemId="S173" CovItemPrefix="org.jfree.data.test.DataUtilitiesTest.java" Intrnl_Id="254">
                                            <LocList>
                                                <Loc EndOffset="12217" SrcFileId="1" StartOffset="12185"/>
                                            </LocList>
                                        </BasicStmnt>
                                        <BasicStmnt CovItemId="S174" CovItemPrefix="org.jfree.data.test.DataUtilitiesTest.java" Intrnl_Id="255">
                                            <LocList>
                                                <Loc EndOffset="12274" SrcFileId="1" StartOffset="12221"/>
                                            </LocList>
                                        </BasicStmnt>
                                        <BasicStmnt CovItemId="S175" CovItemPrefix="org.jfree.data.test.DataUtilitiesTest.java" Intrnl_Id="256">
                                            <LocList>
                                                <Loc EndOffset="12295" SrcFileId="1" StartOffset="12278"/>
                                                <Loc EndOffset="12403" SrcFileId="1" StartOffset="12401"/>
                                            </LocList>
                                        </BasicStmnt>
                                        <BasicStmnt CovItemId="S178" CovItemPrefix="org.jfree.data.test.DataUtilitiesTest.java" Intrnl_Id="257">
                                            <LocList>
                                                <Loc EndOffset="12470" SrcFileId="1" StartOffset="12407"/>
                                            </LocList>
                                        </BasicStmnt>
                                        <BasicStmnt CovItemId="S179" CovItemPrefix="org.jfree.data.test.DataUtilitiesTest.java" Intrnl_Id="258">
                                            <LocList>
                                                <Loc EndOffset="12511" SrcFileId="1" StartOffset="12474"/>
                                            </LocList>
                                        </BasicStmnt>
                                    </StmntSeq>
                                    <HierarchyLvl HierarchyLvlId="35" HierarchyLvlTypeId="4" Intrnl_Id="259" Name="org.jmock.Expectations">
                                        <Header>
                                            <Loc EndOffset="12323" SrcFileId="1" StartOffset="12299"/>
                                        </Header>
                                        <LocList>
                                            <Loc EndOffset="12401" SrcFileId="1" StartOffset="12295"/>
                                        </LocList>
                                        <StmntSeq Intrnl_Id="260">
                                            <LocList>
                                                <Loc EndOffset="12363" SrcFileId="1" StartOffset="12337"/>
                                                <Loc EndOffset="12390" SrcFileId="1" StartOffset="12369"/>
                                            </LocList>
                                            <BasicStmnt CovItemId="S176" CovItemPrefix="org.jfree.data.test.DataUtilitiesTest.java" Intrnl_Id="261">
                                                <LocList>
                                                    <Loc EndOffset="12363" SrcFileId="1" StartOffset="12337"/>
                                                </LocList>
                                            </BasicStmnt>
                                            <BasicStmnt CovItemId="S177" CovItemPrefix="org.jfree.data.test.DataUtilitiesTest.java" Intrnl_Id="262">
                                                <LocList>
                                                    <Loc EndOffset="12390" SrcFileId="1" StartOffset="12369"/>
                                                </LocList>
                                            </BasicStmnt>
                                        </StmntSeq>
                                    </HierarchyLvl>
                                </HierarchyLvl>
                                <HierarchyLvl HierarchyLvlId="38" HierarchyLvlTypeId="5" Intrnl_Id="263" Name="testCalculateColumnTotalOutOfBoundsNegative">
                                    <Header>
                                        <Loc EndOffset="12723" SrcFileId="1" StartOffset="12521"/>
                                    </Header>
                                    <LocList>
                                        <Loc EndOffset="13188" SrcFileId="1" StartOffset="12521"/>
                                    </LocList>
                                    <StmntSeq Intrnl_Id="264">
                                        <LocList>
                                            <Loc EndOffset="12761" SrcFileId="1" StartOffset="12729"/>
                                            <Loc EndOffset="12818" SrcFileId="1" StartOffset="12765"/>
                                            <Loc EndOffset="12839" SrcFileId="1" StartOffset="12822"/>
                                            <Loc EndOffset="13075" SrcFileId="1" StartOffset="13073"/>
                                            <Loc EndOffset="13143" SrcFileId="1" StartOffset="13079"/>
                                            <Loc EndOffset="13184" SrcFileId="1" StartOffset="13147"/>
                                        </LocList>
                                        <BasicStmnt CovItemId="S180" CovItemPrefix="org.jfree.data.test.DataUtilitiesTest.java" Intrnl_Id="265">
                                            <LocList>
                                                <Loc EndOffset="12761" SrcFileId="1" StartOffset="12729"/>
                                            </LocList>
                                        </BasicStmnt>
                                        <BasicStmnt CovItemId="S181" CovItemPrefix="org.jfree.data.test.DataUtilitiesTest.java" Intrnl_Id="266">
                                            <LocList>
                                                <Loc EndOffset="12818" SrcFileId="1" StartOffset="12765"/>
                                            </LocList>
                                        </BasicStmnt>
                                        <BasicStmnt CovItemId="S182" CovItemPrefix="org.jfree.data.test.DataUtilitiesTest.java" Intrnl_Id="267">
                                            <LocList>
                                                <Loc EndOffset="12839" SrcFileId="1" StartOffset="12822"/>
                                                <Loc EndOffset="13075" SrcFileId="1" StartOffset="13073"/>
                                            </LocList>
                                        </BasicStmnt>
                                        <BasicStmnt CovItemId="S189" CovItemPrefix="org.jfree.data.test.DataUtilitiesTest.java" Intrnl_Id="268">
                                            <LocList>
                                                <Loc EndOffset="13143" SrcFileId="1" StartOffset="13079"/>
                                            </LocList>
                                        </BasicStmnt>
                                        <BasicStmnt CovItemId="S190" CovItemPrefix="org.jfree.data.test.DataUtilitiesTest.java" Intrnl_Id="269">
                                            <LocList>
                                                <Loc EndOffset="13184" SrcFileId="1" StartOffset="13147"/>
                                            </LocList>
                                        </BasicStmnt>
                                    </StmntSeq>
                                    <HierarchyLvl HierarchyLvlId="37" HierarchyLvlTypeId="4" Intrnl_Id="270" Name="org.jmock.Expectations">
                                        <Header>
                                            <Loc EndOffset="12867" SrcFileId="1" StartOffset="12843"/>
                                        </Header>
                                        <LocList>
                                            <Loc EndOffset="13073" SrcFileId="1" StartOffset="12839"/>
                                        </LocList>
                                        <StmntSeq Intrnl_Id="271">
                                            <LocList>
                                                <Loc EndOffset="12907" SrcFileId="1" StartOffset="12881"/>
                                                <Loc EndOffset="12934" SrcFileId="1" StartOffset="12913"/>
                                                <Loc EndOffset="12968" SrcFileId="1" StartOffset="12940"/>
                                                <Loc EndOffset="12998" SrcFileId="1" StartOffset="12974"/>
                                                <Loc EndOffset="13032" SrcFileId="1" StartOffset="13004"/>
                                                <Loc EndOffset="13062" SrcFileId="1" StartOffset="13038"/>
                                            </LocList>
                                            <BasicStmnt CovItemId="S183" CovItemPrefix="org.jfree.data.test.DataUtilitiesTest.java" Intrnl_Id="272">
                                                <LocList>
                                                    <Loc EndOffset="12907" SrcFileId="1" StartOffset="12881"/>
                                                </LocList>
                                            </BasicStmnt>
                                            <BasicStmnt CovItemId="S184" CovItemPrefix="org.jfree.data.test.DataUtilitiesTest.java" Intrnl_Id="273">
                                                <LocList>
                                                    <Loc EndOffset="12934" SrcFileId="1" StartOffset="12913"/>
                                                </LocList>
                                            </BasicStmnt>
                                            <BasicStmnt CovItemId="S185" CovItemPrefix="org.jfree.data.test.DataUtilitiesTest.java" Intrnl_Id="274">
                                                <LocList>
                                                    <Loc EndOffset="12968" SrcFileId="1" StartOffset="12940"/>
                                                </LocList>
                                            </BasicStmnt>
                                            <BasicStmnt CovItemId="S186" CovItemPrefix="org.jfree.data.test.DataUtilitiesTest.java" Intrnl_Id="275">
                                                <LocList>
                                                    <Loc EndOffset="12998" SrcFileId="1" StartOffset="12974"/>
                                                </LocList>
                                            </BasicStmnt>
                                            <BasicStmnt CovItemId="S187" CovItemPrefix="org.jfree.data.test.DataUtilitiesTest.java" Intrnl_Id="276">
                                                <LocList>
                                                    <Loc EndOffset="13032" SrcFileId="1" StartOffset="13004"/>
                                                </LocList>
                                            </BasicStmnt>
                                            <BasicStmnt CovItemId="S188" CovItemPrefix="org.jfree.data.test.DataUtilitiesTest.java" Intrnl_Id="277">
                                                <LocList>
                                                    <Loc EndOffset="13062" SrcFileId="1" StartOffset="13038"/>
                                                </LocList>
                                            </BasicStmnt>
                                        </StmntSeq>
                                    </HierarchyLvl>
                                </HierarchyLvl>
                                <HierarchyLvl HierarchyLvlId="40" HierarchyLvlTypeId="5" Intrnl_Id="278" Name="testCalculateColumnTotalOutOfBoundsPositive">
                                    <Header>
                                        <Loc EndOffset="13454" SrcFileId="1" StartOffset="13194"/>
                                    </Header>
                                    <LocList>
                                        <Loc EndOffset="13978" SrcFileId="1" StartOffset="13194"/>
                                    </LocList>
                                    <StmntSeq Intrnl_Id="279">
                                        <LocList>
                                            <Loc EndOffset="13492" SrcFileId="1" StartOffset="13460"/>
                                            <Loc EndOffset="13549" SrcFileId="1" StartOffset="13496"/>
                                            <Loc EndOffset="13570" SrcFileId="1" StartOffset="13553"/>
                                            <Loc EndOffset="13866" SrcFileId="1" StartOffset="13864"/>
                                            <Loc EndOffset="13933" SrcFileId="1" StartOffset="13870"/>
                                            <Loc EndOffset="13974" SrcFileId="1" StartOffset="13937"/>
                                        </LocList>
                                        <BasicStmnt CovItemId="S191" CovItemPrefix="org.jfree.data.test.DataUtilitiesTest.java" Intrnl_Id="280">
                                            <LocList>
                                                <Loc EndOffset="13492" SrcFileId="1" StartOffset="13460"/>
                                            </LocList>
                                        </BasicStmnt>
                                        <BasicStmnt CovItemId="S192" CovItemPrefix="org.jfree.data.test.DataUtilitiesTest.java" Intrnl_Id="281">
                                            <LocList>
                                                <Loc EndOffset="13549" SrcFileId="1" StartOffset="13496"/>
                                            </LocList>
                                        </BasicStmnt>
                                        <BasicStmnt CovItemId="S193" CovItemPrefix="org.jfree.data.test.DataUtilitiesTest.java" Intrnl_Id="282">
                                            <LocList>
                                                <Loc EndOffset="13570" SrcFileId="1" StartOffset="13553"/>
                                                <Loc EndOffset="13866" SrcFileId="1" StartOffset="13864"/>
                                            </LocList>
                                        </BasicStmnt>
                                        <BasicStmnt CovItemId="S202" CovItemPrefix="org.jfree.data.test.DataUtilitiesTest.java" Intrnl_Id="283">
                                            <LocList>
                                                <Loc EndOffset="13933" SrcFileId="1" StartOffset="13870"/>
                                            </LocList>
                                        </BasicStmnt>
                                        <BasicStmnt CovItemId="S203" CovItemPrefix="org.jfree.data.test.DataUtilitiesTest.java" Intrnl_Id="284">
                                            <LocList>
                                                <Loc EndOffset="13974" SrcFileId="1" StartOffset="13937"/>
                                            </LocList>
                                        </BasicStmnt>
                                    </StmntSeq>
                                    <HierarchyLvl HierarchyLvlId="39" HierarchyLvlTypeId="4" Intrnl_Id="285" Name="org.jmock.Expectations">
                                        <Header>
                                            <Loc EndOffset="13598" SrcFileId="1" StartOffset="13574"/>
                                        </Header>
                                        <LocList>
                                            <Loc EndOffset="13864" SrcFileId="1" StartOffset="13570"/>
                                        </LocList>
                                        <StmntSeq Intrnl_Id="286">
                                            <LocList>
                                                <Loc EndOffset="13638" SrcFileId="1" StartOffset="13612"/>
                                                <Loc EndOffset="13665" SrcFileId="1" StartOffset="13644"/>
                                                <Loc EndOffset="13700" SrcFileId="1" StartOffset="13671"/>
                                                <Loc EndOffset="13727" SrcFileId="1" StartOffset="13706"/>
                                                <Loc EndOffset="13760" SrcFileId="1" StartOffset="13733"/>
                                                <Loc EndOffset="13790" SrcFileId="1" StartOffset="13766"/>
                                                <Loc EndOffset="13823" SrcFileId="1" StartOffset="13796"/>
                                                <Loc EndOffset="13853" SrcFileId="1" StartOffset="13829"/>
                                            </LocList>
                                            <BasicStmnt CovItemId="S194" CovItemPrefix="org.jfree.data.test.DataUtilitiesTest.java" Intrnl_Id="287">
                                                <LocList>
                                                    <Loc EndOffset="13638" SrcFileId="1" StartOffset="13612"/>
                                                </LocList>
                                            </BasicStmnt>
                                            <BasicStmnt CovItemId="S195" CovItemPrefix="org.jfree.data.test.DataUtilitiesTest.java" Intrnl_Id="288">
                                                <LocList>
                                                    <Loc EndOffset="13665" SrcFileId="1" StartOffset="13644"/>
                                                </LocList>
                                            </BasicStmnt>
                                            <BasicStmnt CovItemId="S196" CovItemPrefix="org.jfree.data.test.DataUtilitiesTest.java" Intrnl_Id="289">
                                                <LocList>
                                                    <Loc EndOffset="13700" SrcFileId="1" StartOffset="13671"/>
                                                </LocList>
                                            </BasicStmnt>
                                            <BasicStmnt CovItemId="S197" CovItemPrefix="org.jfree.data.test.DataUtilitiesTest.java" Intrnl_Id="290">
                                                <LocList>
                                                    <Loc EndOffset="13727" SrcFileId="1" StartOffset="13706"/>
                                                </LocList>
                                            </BasicStmnt>
                                            <BasicStmnt CovItemId="S198" CovItemPrefix="org.jfree.data.test.DataUtilitiesTest.java" Intrnl_Id="291">
                                                <LocList>
                                                    <Loc EndOffset="13760" SrcFileId="1" StartOffset="13733"/>
                                                </LocList>
                                            </BasicStmnt>
                                            <BasicStmnt CovItemId="S199" CovItemPrefix="org.jfree.data.test.DataUtilitiesTest.java" Intrnl_Id="292">
                                                <LocList>
                                                    <Loc EndOffset="13790" SrcFileId="1" StartOffset="13766"/>
                                                </LocList>
                                            </BasicStmnt>
                                            <BasicStmnt CovItemId="S200" CovItemPrefix="org.jfree.data.test.DataUtilitiesTest.java" Intrnl_Id="293">
                                                <LocList>
                                                    <Loc EndOffset="13823" SrcFileId="1" StartOffset="13796"/>
                                                </LocList>
                                            </BasicStmnt>
                                            <BasicStmnt CovItemId="S201" CovItemPrefix="org.jfree.data.test.DataUtilitiesTest.java" Intrnl_Id="294">
                                                <LocList>
                                                    <Loc EndOffset="13853" SrcFileId="1" StartOffset="13829"/>
                                                </LocList>
                                            </BasicStmnt>
                                        </StmntSeq>
                                    </HierarchyLvl>
                                </HierarchyLvl>
                                <HierarchyLvl HierarchyLvlId="42" HierarchyLvlTypeId="5" Intrnl_Id="295" Name="testCalculateColumnPositiveBound">
                                    <Header>
                                        <Loc EndOffset="14158" SrcFileId="1" StartOffset="13984"/>
                                    </Header>
                                    <LocList>
                                        <Loc EndOffset="14685" SrcFileId="1" StartOffset="13984"/>
                                    </LocList>
                                    <StmntSeq Intrnl_Id="296">
                                        <LocList>
                                            <Loc EndOffset="14196" SrcFileId="1" StartOffset="14164"/>
                                            <Loc EndOffset="14253" SrcFileId="1" StartOffset="14200"/>
                                            <Loc EndOffset="14274" SrcFileId="1" StartOffset="14257"/>
                                            <Loc EndOffset="14569" SrcFileId="1" StartOffset="14567"/>
                                            <Loc EndOffset="14636" SrcFileId="1" StartOffset="14573"/>
                                            <Loc EndOffset="14681" SrcFileId="1" StartOffset="14640"/>
                                        </LocList>
                                        <BasicStmnt CovItemId="S204" CovItemPrefix="org.jfree.data.test.DataUtilitiesTest.java" Intrnl_Id="297">
                                            <LocList>
                                                <Loc EndOffset="14196" SrcFileId="1" StartOffset="14164"/>
                                            </LocList>
                                        </BasicStmnt>
                                        <BasicStmnt CovItemId="S205" CovItemPrefix="org.jfree.data.test.DataUtilitiesTest.java" Intrnl_Id="298">
                                            <LocList>
                                                <Loc EndOffset="14253" SrcFileId="1" StartOffset="14200"/>
                                            </LocList>
                                        </BasicStmnt>
                                        <BasicStmnt CovItemId="S206" CovItemPrefix="org.jfree.data.test.DataUtilitiesTest.java" Intrnl_Id="299">
                                            <LocList>
                                                <Loc EndOffset="14274" SrcFileId="1" StartOffset="14257"/>
                                                <Loc EndOffset="14569" SrcFileId="1" StartOffset="14567"/>
                                            </LocList>
                                        </BasicStmnt>
                                        <BasicStmnt CovItemId="S215" CovItemPrefix="org.jfree.data.test.DataUtilitiesTest.java" Intrnl_Id="300">
                                            <LocList>
                                                <Loc EndOffset="14636" SrcFileId="1" StartOffset="14573"/>
                                            </LocList>
                                        </BasicStmnt>
                                        <BasicStmnt CovItemId="S216" CovItemPrefix="org.jfree.data.test.DataUtilitiesTest.java" Intrnl_Id="301">
                                            <LocList>
                                                <Loc EndOffset="14681" SrcFileId="1" StartOffset="14640"/>
                                            </LocList>
                                        </BasicStmnt>
                                    </StmntSeq>
                                    <HierarchyLvl HierarchyLvlId="41" HierarchyLvlTypeId="4" Intrnl_Id="302" Name="org.jmock.Expectations">
                                        <Header>
                                            <Loc EndOffset="14302" SrcFileId="1" StartOffset="14278"/>
                                        </Header>
                                        <LocList>
                                            <Loc EndOffset="14567" SrcFileId="1" StartOffset="14274"/>
                                        </LocList>
                                        <StmntSeq Intrnl_Id="303">
                                            <LocList>
                                                <Loc EndOffset="14342" SrcFileId="1" StartOffset="14316"/>
                                                <Loc EndOffset="14369" SrcFileId="1" StartOffset="14348"/>
                                                <Loc EndOffset="14404" SrcFileId="1" StartOffset="14375"/>
                                                <Loc EndOffset="14431" SrcFileId="1" StartOffset="14410"/>
                                                <Loc EndOffset="14464" SrcFileId="1" StartOffset="14437"/>
                                                <Loc EndOffset="14492" SrcFileId="1" StartOffset="14470"/>
                                                <Loc EndOffset="14525" SrcFileId="1" StartOffset="14498"/>
                                                <Loc EndOffset="14556" SrcFileId="1" StartOffset="14531"/>
                                            </LocList>
                                            <BasicStmnt CovItemId="S207" CovItemPrefix="org.jfree.data.test.DataUtilitiesTest.java" Intrnl_Id="304">
                                                <LocList>
                                                    <Loc EndOffset="14342" SrcFileId="1" StartOffset="14316"/>
                                                </LocList>
                                            </BasicStmnt>
                                            <BasicStmnt CovItemId="S208" CovItemPrefix="org.jfree.data.test.DataUtilitiesTest.java" Intrnl_Id="305">
                                                <LocList>
                                                    <Loc EndOffset="14369" SrcFileId="1" StartOffset="14348"/>
                                                </LocList>
                                            </BasicStmnt>
                                            <BasicStmnt CovItemId="S209" CovItemPrefix="org.jfree.data.test.DataUtilitiesTest.java" Intrnl_Id="306">
                                                <LocList>
                                                    <Loc EndOffset="14404" SrcFileId="1" StartOffset="14375"/>
                                                </LocList>
                                            </BasicStmnt>
                                            <BasicStmnt CovItemId="S210" CovItemPrefix="org.jfree.data.test.DataUtilitiesTest.java" Intrnl_Id="307">
                                                <LocList>
                                                    <Loc EndOffset="14431" SrcFileId="1" StartOffset="14410"/>
                                                </LocList>
                                            </BasicStmnt>
                                            <BasicStmnt CovItemId="S211" CovItemPrefix="org.jfree.data.test.DataUtilitiesTest.java" Intrnl_Id="308">
                                                <LocList>
                                                    <Loc EndOffset="14464" SrcFileId="1" StartOffset="14437"/>
                                                </LocList>
                                            </BasicStmnt>
                                            <BasicStmnt CovItemId="S212" CovItemPrefix="org.jfree.data.test.DataUtilitiesTest.java" Intrnl_Id="309">
                                                <LocList>
                                                    <Loc EndOffset="14492" SrcFileId="1" StartOffset="14470"/>
                                                </LocList>
                                            </BasicStmnt>
                                            <BasicStmnt CovItemId="S213" CovItemPrefix="org.jfree.data.test.DataUtilitiesTest.java" Intrnl_Id="310">
                                                <LocList>
                                                    <Loc EndOffset="14525" SrcFileId="1" StartOffset="14498"/>
                                                </LocList>
                                            </BasicStmnt>
                                            <BasicStmnt CovItemId="S214" CovItemPrefix="org.jfree.data.test.DataUtilitiesTest.java" Intrnl_Id="311">
                                                <LocList>
                                                    <Loc EndOffset="14556" SrcFileId="1" StartOffset="14531"/>
                                                </LocList>
                                            </BasicStmnt>
                                        </StmntSeq>
                                    </HierarchyLvl>
                                </HierarchyLvl>
                                <HierarchyLvl HierarchyLvlId="43" HierarchyLvlTypeId="5" Intrnl_Id="312" Name="testCalculateColumnNullParameter">
                                    <Header>
                                        <Loc EndOffset="14904" SrcFileId="1" StartOffset="14691"/>
                                    </Header>
                                    <LocList>
                                        <Loc EndOffset="14975" SrcFileId="1" StartOffset="14691"/>
                                    </LocList>
                                    <StmntSeq Intrnl_Id="313">
                                        <LocList>
                                            <Loc EndOffset="14971" SrcFileId="1" StartOffset="14910"/>
                                        </LocList>
                                        <BasicStmnt CovItemId="S217" CovItemPrefix="org.jfree.data.test.DataUtilitiesTest.java" Intrnl_Id="314">
                                            <LocList>
                                                <Loc EndOffset="14971" SrcFileId="1" StartOffset="14910"/>
                                            </LocList>
                                        </BasicStmnt>
                                    </StmntSeq>
                                </HierarchyLvl>
                                <HierarchyLvl HierarchyLvlId="45" HierarchyLvlTypeId="5" Intrnl_Id="315" Name="testCalculateColumnValidRows">
                                    <Header>
                                        <Loc EndOffset="15151" SrcFileId="1" StartOffset="14981"/>
                                    </Header>
                                    <LocList>
                                        <Loc EndOffset="15844" SrcFileId="1" StartOffset="14981"/>
                                    </LocList>
                                    <StmntSeq Intrnl_Id="316">
                                        <LocList>
                                            <Loc EndOffset="15189" SrcFileId="1" StartOffset="15157"/>
                                            <Loc EndOffset="15246" SrcFileId="1" StartOffset="15193"/>
                                            <Loc EndOffset="15267" SrcFileId="1" StartOffset="15250"/>
                                            <Loc EndOffset="15686" SrcFileId="1" StartOffset="15684"/>
                                            <Loc EndOffset="15718" SrcFileId="1" StartOffset="15690"/>
                                            <Loc EndOffset="15796" SrcFileId="1" StartOffset="15722"/>
                                            <Loc EndOffset="15840" SrcFileId="1" StartOffset="15800"/>
                                        </LocList>
                                        <BasicStmnt CovItemId="S218" CovItemPrefix="org.jfree.data.test.DataUtilitiesTest.java" Intrnl_Id="317">
                                            <LocList>
                                                <Loc EndOffset="15189" SrcFileId="1" StartOffset="15157"/>
                                            </LocList>
                                        </BasicStmnt>
                                        <BasicStmnt CovItemId="S219" CovItemPrefix="org.jfree.data.test.DataUtilitiesTest.java" Intrnl_Id="318">
                                            <LocList>
                                                <Loc EndOffset="15246" SrcFileId="1" StartOffset="15193"/>
                                            </LocList>
                                        </BasicStmnt>
                                        <BasicStmnt CovItemId="S220" CovItemPrefix="org.jfree.data.test.DataUtilitiesTest.java" Intrnl_Id="319">
                                            <LocList>
                                                <Loc EndOffset="15267" SrcFileId="1" StartOffset="15250"/>
                                                <Loc EndOffset="15686" SrcFileId="1" StartOffset="15684"/>
                                            </LocList>
                                        </BasicStmnt>
                                        <BasicStmnt CovItemId="S233" CovItemPrefix="org.jfree.data.test.DataUtilitiesTest.java" Intrnl_Id="320">
                                            <LocList>
                                                <Loc EndOffset="15718" SrcFileId="1" StartOffset="15690"/>
                                            </LocList>
                                        </BasicStmnt>
                                        <BasicStmnt CovItemId="S234" CovItemPrefix="org.jfree.data.test.DataUtilitiesTest.java" Intrnl_Id="321">
                                            <LocList>
                                                <Loc EndOffset="15796" SrcFileId="1" StartOffset="15722"/>
                                            </LocList>
                                        </BasicStmnt>
                                        <BasicStmnt CovItemId="S235" CovItemPrefix="org.jfree.data.test.DataUtilitiesTest.java" Intrnl_Id="322">
                                            <LocList>
                                                <Loc EndOffset="15840" SrcFileId="1" StartOffset="15800"/>
                                            </LocList>
                                        </BasicStmnt>
                                    </StmntSeq>
                                    <HierarchyLvl HierarchyLvlId="44" HierarchyLvlTypeId="4" Intrnl_Id="323" Name="org.jmock.Expectations">
                                        <Header>
                                            <Loc EndOffset="15295" SrcFileId="1" StartOffset="15271"/>
                                        </Header>
                                        <LocList>
                                            <Loc EndOffset="15684" SrcFileId="1" StartOffset="15267"/>
                                        </LocList>
                                        <StmntSeq Intrnl_Id="324">
                                            <LocList>
                                                <Loc EndOffset="15335" SrcFileId="1" StartOffset="15309"/>
                                                <Loc EndOffset="15362" SrcFileId="1" StartOffset="15341"/>
                                                <Loc EndOffset="15395" SrcFileId="1" StartOffset="15368"/>
                                                <Loc EndOffset="15422" SrcFileId="1" StartOffset="15401"/>
                                                <Loc EndOffset="15455" SrcFileId="1" StartOffset="15428"/>
                                                <Loc EndOffset="15485" SrcFileId="1" StartOffset="15461"/>
                                                <Loc EndOffset="15518" SrcFileId="1" StartOffset="15491"/>
                                                <Loc EndOffset="15546" SrcFileId="1" StartOffset="15524"/>
                                                <Loc EndOffset="15579" SrcFileId="1" StartOffset="15552"/>
                                                <Loc EndOffset="15610" SrcFileId="1" StartOffset="15585"/>
                                                <Loc EndOffset="15643" SrcFileId="1" StartOffset="15616"/>
                                                <Loc EndOffset="15673" SrcFileId="1" StartOffset="15649"/>
                                            </LocList>
                                            <BasicStmnt CovItemId="S221" CovItemPrefix="org.jfree.data.test.DataUtilitiesTest.java" Intrnl_Id="325">
                                                <LocList>
                                                    <Loc EndOffset="15335" SrcFileId="1" StartOffset="15309"/>
                                                </LocList>
                                            </BasicStmnt>
                                            <BasicStmnt CovItemId="S222" CovItemPrefix="org.jfree.data.test.DataUtilitiesTest.java" Intrnl_Id="326">
                                                <LocList>
                                                    <Loc EndOffset="15362" SrcFileId="1" StartOffset="15341"/>
                                                </LocList>
                                            </BasicStmnt>
                                            <BasicStmnt CovItemId="S223" CovItemPrefix="org.jfree.data.test.DataUtilitiesTest.java" Intrnl_Id="327">
                                                <LocList>
                                                    <Loc EndOffset="15395" SrcFileId="1" StartOffset="15368"/>
                                                </LocList>
                                            </BasicStmnt>
                                            <BasicStmnt CovItemId="S224" CovItemPrefix="org.jfree.data.test.DataUtilitiesTest.java" Intrnl_Id="328">
                                                <LocList>
                                                    <Loc EndOffset="15422" SrcFileId="1" StartOffset="15401"/>
                                                </LocList>
                                            </BasicStmnt>
                                            <BasicStmnt CovItemId="S225" CovItemPrefix="org.jfree.data.test.DataUtilitiesTest.java" Intrnl_Id="329">
                                                <LocList>
                                                    <Loc EndOffset="15455" SrcFileId="1" StartOffset="15428"/>
                                                </LocList>
                                            </BasicStmnt>
                                            <BasicStmnt CovItemId="S226" CovItemPrefix="org.jfree.data.test.DataUtilitiesTest.java" Intrnl_Id="330">
                                                <LocList>
                                                    <Loc EndOffset="15485" SrcFileId="1" StartOffset="15461"/>
                                                </LocList>
                                            </BasicStmnt>
                                            <BasicStmnt CovItemId="S227" CovItemPrefix="org.jfree.data.test.DataUtilitiesTest.java" Intrnl_Id="331">
                                                <LocList>
                                                    <Loc EndOffset="15518" SrcFileId="1" StartOffset="15491"/>
                                                </LocList>
                                            </BasicStmnt>
                                            <BasicStmnt CovItemId="S228" CovItemPrefix="org.jfree.data.test.DataUtilitiesTest.java" Intrnl_Id="332">
                                                <LocList>
                                                    <Loc EndOffset="15546" SrcFileId="1" StartOffset="15524"/>
                                                </LocList>
                                            </BasicStmnt>
                                            <BasicStmnt CovItemId="S229" CovItemPrefix="org.jfree.data.test.DataUtilitiesTest.java" Intrnl_Id="333">
                                                <LocList>
                                                    <Loc EndOffset="15579" SrcFileId="1" StartOffset="15552"/>
                                                </LocList>
                                            </BasicStmnt>
                                            <BasicStmnt CovItemId="S230" CovItemPrefix="org.jfree.data.test.DataUtilitiesTest.java" Intrnl_Id="334">
                                                <LocList>
                                                    <Loc EndOffset="15610" SrcFileId="1" StartOffset="15585"/>
                                                </LocList>
                                            </BasicStmnt>
                                            <BasicStmnt CovItemId="S231" CovItemPrefix="org.jfree.data.test.DataUtilitiesTest.java" Intrnl_Id="335">
                                                <LocList>
                                                    <Loc EndOffset="15643" SrcFileId="1" StartOffset="15616"/>
                                                </LocList>
                                            </BasicStmnt>
                                            <BasicStmnt CovItemId="S232" CovItemPrefix="org.jfree.data.test.DataUtilitiesTest.java" Intrnl_Id="336">
                                                <LocList>
                                                    <Loc EndOffset="15673" SrcFileId="1" StartOffset="15649"/>
                                                </LocList>
                                            </BasicStmnt>
                                        </StmntSeq>
                                    </HierarchyLvl>
                                </HierarchyLvl>
                                <HierarchyLvl HierarchyLvlId="46" HierarchyLvlTypeId="5" Intrnl_Id="337" Name="testCreateNumberArrayPositiveValues">
                                    <Header>
                                        <Loc EndOffset="15971" SrcFileId="1" StartOffset="15850"/>
                                    </Header>
                                    <LocList>
                                        <Loc EndOffset="16595" SrcFileId="1" StartOffset="15850"/>
                                    </LocList>
                                    <StmntSeq Intrnl_Id="338">
                                        <LocList>
                                            <Loc EndOffset="16042" SrcFileId="1" StartOffset="15977"/>
                                            <Loc EndOffset="16108" SrcFileId="1" StartOffset="16046"/>
                                            <Loc EndOffset="16168" SrcFileId="1" StartOffset="16112"/>
                                            <Loc EndOffset="16230" SrcFileId="1" StartOffset="16172"/>
                                            <Loc EndOffset="16292" SrcFileId="1" StartOffset="16234"/>
                                            <Loc EndOffset="16350" SrcFileId="1" StartOffset="16296"/>
                                            <Loc EndOffset="16408" SrcFileId="1" StartOffset="16354"/>
                                            <Loc EndOffset="16469" SrcFileId="1" StartOffset="16412"/>
                                            <Loc EndOffset="16533" SrcFileId="1" StartOffset="16473"/>
                                            <Loc EndOffset="16591" SrcFileId="1" StartOffset="16537"/>
                                        </LocList>
                                        <BasicStmnt CovItemId="S236" CovItemPrefix="org.jfree.data.test.DataUtilitiesTest.java" Intrnl_Id="339">
                                            <LocList>
                                                <Loc EndOffset="16042" SrcFileId="1" StartOffset="15977"/>
                                            </LocList>
                                        </BasicStmnt>
                                        <BasicStmnt CovItemId="S237" CovItemPrefix="org.jfree.data.test.DataUtilitiesTest.java" Intrnl_Id="340">
                                            <LocList>
                                                <Loc EndOffset="16108" SrcFileId="1" StartOffset="16046"/>
                                            </LocList>
                                        </BasicStmnt>
                                        <BasicStmnt CovItemId="S238" CovItemPrefix="org.jfree.data.test.DataUtilitiesTest.java" Intrnl_Id="341">
                                            <LocList>
                                                <Loc EndOffset="16168" SrcFileId="1" StartOffset="16112"/>
                                            </LocList>
                                        </BasicStmnt>
                                        <BasicStmnt CovItemId="S239" CovItemPrefix="org.jfree.data.test.DataUtilitiesTest.java" Intrnl_Id="342">
                                            <LocList>
                                                <Loc EndOffset="16230" SrcFileId="1" StartOffset="16172"/>
                                            </LocList>
                                        </BasicStmnt>
                                        <BasicStmnt CovItemId="S240" CovItemPrefix="org.jfree.data.test.DataUtilitiesTest.java" Intrnl_Id="343">
                                            <LocList>
                                                <Loc EndOffset="16292" SrcFileId="1" StartOffset="16234"/>
                                            </LocList>
                                        </BasicStmnt>
                                        <BasicStmnt CovItemId="S241" CovItemPrefix="org.jfree.data.test.DataUtilitiesTest.java" Intrnl_Id="344">
                                            <LocList>
                                                <Loc EndOffset="16350" SrcFileId="1" StartOffset="16296"/>
                                            </LocList>
                                        </BasicStmnt>
                                        <BasicStmnt CovItemId="S242" CovItemPrefix="org.jfree.data.test.DataUtilitiesTest.java" Intrnl_Id="345">
                                            <LocList>
                                                <Loc EndOffset="16408" SrcFileId="1" StartOffset="16354"/>
                                            </LocList>
                                        </BasicStmnt>
                                        <BasicStmnt CovItemId="S243" CovItemPrefix="org.jfree.data.test.DataUtilitiesTest.java" Intrnl_Id="346">
                                            <LocList>
                                                <Loc EndOffset="16469" SrcFileId="1" StartOffset="16412"/>
                                            </LocList>
                                        </BasicStmnt>
                                        <BasicStmnt CovItemId="S244" CovItemPrefix="org.jfree.data.test.DataUtilitiesTest.java" Intrnl_Id="347">
                                            <LocList>
                                                <Loc EndOffset="16533" SrcFileId="1" StartOffset="16473"/>
                                            </LocList>
                                        </BasicStmnt>
                                        <BasicStmnt CovItemId="S245" CovItemPrefix="org.jfree.data.test.DataUtilitiesTest.java" Intrnl_Id="348">
                                            <LocList>
                                                <Loc EndOffset="16591" SrcFileId="1" StartOffset="16537"/>
                                            </LocList>
                                        </BasicStmnt>
                                    </StmntSeq>
                                </HierarchyLvl>
                                <HierarchyLvl HierarchyLvlId="47" HierarchyLvlTypeId="5" Intrnl_Id="349" Name="testCreateNumberArrayNegativeValues">
                                    <Header>
                                        <Loc EndOffset="16722" SrcFileId="1" StartOffset="16601"/>
                                    </Header>
                                    <LocList>
                                        <Loc EndOffset="17361" SrcFileId="1" StartOffset="16601"/>
                                    </LocList>
                                    <StmntSeq Intrnl_Id="350">
                                        <LocList>
                                            <Loc EndOffset="16800" SrcFileId="1" StartOffset="16728"/>
                                            <Loc EndOffset="16866" SrcFileId="1" StartOffset="16804"/>
                                            <Loc EndOffset="16927" SrcFileId="1" StartOffset="16870"/>
                                            <Loc EndOffset="16990" SrcFileId="1" StartOffset="16931"/>
                                            <Loc EndOffset="17053" SrcFileId="1" StartOffset="16994"/>
                                            <Loc EndOffset="17112" SrcFileId="1" StartOffset="17057"/>
                                            <Loc EndOffset="17171" SrcFileId="1" StartOffset="17116"/>
                                            <Loc EndOffset="17233" SrcFileId="1" StartOffset="17175"/>
                                            <Loc EndOffset="17298" SrcFileId="1" StartOffset="17237"/>
                                            <Loc EndOffset="17357" SrcFileId="1" StartOffset="17302"/>
                                        </LocList>
                                        <BasicStmnt CovItemId="S246" CovItemPrefix="org.jfree.data.test.DataUtilitiesTest.java" Intrnl_Id="351">
                                            <LocList>
                                                <Loc EndOffset="16800" SrcFileId="1" StartOffset="16728"/>
                                            </LocList>
                                        </BasicStmnt>
                                        <BasicStmnt CovItemId="S247" CovItemPrefix="org.jfree.data.test.DataUtilitiesTest.java" Intrnl_Id="352">
                                            <LocList>
                                                <Loc EndOffset="16866" SrcFileId="1" StartOffset="16804"/>
                                            </LocList>
                                        </BasicStmnt>
                                        <BasicStmnt CovItemId="S248" CovItemPrefix="org.jfree.data.test.DataUtilitiesTest.java" Intrnl_Id="353">
                                            <LocList>
                                                <Loc EndOffset="16927" SrcFileId="1" StartOffset="16870"/>
                                            </LocList>
                                        </BasicStmnt>
                                        <BasicStmnt CovItemId="S249" CovItemPrefix="org.jfree.data.test.DataUtilitiesTest.java" Intrnl_Id="354">
                                            <LocList>
                                                <Loc EndOffset="16990" SrcFileId="1" StartOffset="16931"/>
                                            </LocList>
                                        </BasicStmnt>
                                        <BasicStmnt CovItemId="S250" CovItemPrefix="org.jfree.data.test.DataUtilitiesTest.java" Intrnl_Id="355">
                                            <LocList>
                                                <Loc EndOffset="17053" SrcFileId="1" StartOffset="16994"/>
                                            </LocList>
                                        </BasicStmnt>
                                        <BasicStmnt CovItemId="S251" CovItemPrefix="org.jfree.data.test.DataUtilitiesTest.java" Intrnl_Id="356">
                                            <LocList>
                                                <Loc EndOffset="17112" SrcFileId="1" StartOffset="17057"/>
                                            </LocList>
                                        </BasicStmnt>
                                        <BasicStmnt CovItemId="S252" CovItemPrefix="org.jfree.data.test.DataUtilitiesTest.java" Intrnl_Id="357">
                                            <LocList>
                                                <Loc EndOffset="17171" SrcFileId="1" StartOffset="17116"/>
                                            </LocList>
                                        </BasicStmnt>
                                        <BasicStmnt CovItemId="S253" CovItemPrefix="org.jfree.data.test.DataUtilitiesTest.java" Intrnl_Id="358">
                                            <LocList>
                                                <Loc EndOffset="17233" SrcFileId="1" StartOffset="17175"/>
                                            </LocList>
                                        </BasicStmnt>
                                        <BasicStmnt CovItemId="S254" CovItemPrefix="org.jfree.data.test.DataUtilitiesTest.java" Intrnl_Id="359">
                                            <LocList>
                                                <Loc EndOffset="17298" SrcFileId="1" StartOffset="17237"/>
                                            </LocList>
                                        </BasicStmnt>
                                        <BasicStmnt CovItemId="S255" CovItemPrefix="org.jfree.data.test.DataUtilitiesTest.java" Intrnl_Id="360">
                                            <LocList>
                                                <Loc EndOffset="17357" SrcFileId="1" StartOffset="17302"/>
                                            </LocList>
                                        </BasicStmnt>
                                    </StmntSeq>
                                </HierarchyLvl>
                                <HierarchyLvl HierarchyLvlId="48" HierarchyLvlTypeId="5" Intrnl_Id="361" Name="testCreateNumberArrayNullParameter">
                                    <Header>
                                        <Loc EndOffset="17590" SrcFileId="1" StartOffset="17367"/>
                                    </Header>
                                    <LocList>
                                        <Loc EndOffset="17657" SrcFileId="1" StartOffset="17367"/>
                                    </LocList>
                                    <StmntSeq Intrnl_Id="362">
                                        <LocList>
                                            <Loc EndOffset="17653" SrcFileId="1" StartOffset="17596"/>
                                        </LocList>
                                        <BasicStmnt CovItemId="S256" CovItemPrefix="org.jfree.data.test.DataUtilitiesTest.java" Intrnl_Id="363">
                                            <LocList>
                                                <Loc EndOffset="17653" SrcFileId="1" StartOffset="17596"/>
                                            </LocList>
                                        </BasicStmnt>
                                    </StmntSeq>
                                </HierarchyLvl>
                                <HierarchyLvl HierarchyLvlId="50" HierarchyLvlTypeId="5" Intrnl_Id="364" Name="testGetCumulativePercentagesPositiveIntegers">
                                    <Header>
                                        <Loc EndOffset="17785" SrcFileId="1" StartOffset="17663"/>
                                    </Header>
                                    <LocList>
                                        <Loc EndOffset="19003" SrcFileId="1" StartOffset="17663"/>
                                    </LocList>
                                    <StmntSeq Intrnl_Id="365">
                                        <LocList>
                                            <Loc EndOffset="17823" SrcFileId="1" StartOffset="17791"/>
                                            <Loc EndOffset="17886" SrcFileId="1" StartOffset="17827"/>
                                            <Loc EndOffset="17907" SrcFileId="1" StartOffset="17890"/>
                                            <Loc EndOffset="18730" SrcFileId="1" StartOffset="18728"/>
                                            <Loc EndOffset="18803" SrcFileId="1" StartOffset="18734"/>
                                            <Loc EndOffset="18868" SrcFileId="1" StartOffset="18807"/>
                                            <Loc EndOffset="18934" SrcFileId="1" StartOffset="18872"/>
                                            <Loc EndOffset="18999" SrcFileId="1" StartOffset="18938"/>
                                        </LocList>
                                        <BasicStmnt CovItemId="S257" CovItemPrefix="org.jfree.data.test.DataUtilitiesTest.java" Intrnl_Id="366">
                                            <LocList>
                                                <Loc EndOffset="17823" SrcFileId="1" StartOffset="17791"/>
                                            </LocList>
                                        </BasicStmnt>
                                        <BasicStmnt CovItemId="S258" CovItemPrefix="org.jfree.data.test.DataUtilitiesTest.java" Intrnl_Id="367">
                                            <LocList>
                                                <Loc EndOffset="17886" SrcFileId="1" StartOffset="17827"/>
                                            </LocList>
                                        </BasicStmnt>
                                        <BasicStmnt CovItemId="S259" CovItemPrefix="org.jfree.data.test.DataUtilitiesTest.java" Intrnl_Id="368">
                                            <LocList>
                                                <Loc EndOffset="17907" SrcFileId="1" StartOffset="17890"/>
                                                <Loc EndOffset="18730" SrcFileId="1" StartOffset="18728"/>
                                            </LocList>
                                        </BasicStmnt>
                                        <BasicStmnt CovItemId="S280" CovItemPrefix="org.jfree.data.test.DataUtilitiesTest.java" Intrnl_Id="369">
                                            <LocList>
                                                <Loc EndOffset="18803" SrcFileId="1" StartOffset="18734"/>
                                            </LocList>
                                        </BasicStmnt>
                                        <BasicStmnt CovItemId="S281" CovItemPrefix="org.jfree.data.test.DataUtilitiesTest.java" Intrnl_Id="370">
                                            <LocList>
                                                <Loc EndOffset="18868" SrcFileId="1" StartOffset="18807"/>
                                            </LocList>
                                        </BasicStmnt>
                                        <BasicStmnt CovItemId="S282" CovItemPrefix="org.jfree.data.test.DataUtilitiesTest.java" Intrnl_Id="371">
                                            <LocList>
                                                <Loc EndOffset="18934" SrcFileId="1" StartOffset="18872"/>
                                            </LocList>
                                        </BasicStmnt>
                                        <BasicStmnt CovItemId="S283" CovItemPrefix="org.jfree.data.test.DataUtilitiesTest.java" Intrnl_Id="372">
                                            <LocList>
                                                <Loc EndOffset="18999" SrcFileId="1" StartOffset="18938"/>
                                            </LocList>
                                        </BasicStmnt>
                                    </StmntSeq>
                                    <HierarchyLvl HierarchyLvlId="49" HierarchyLvlTypeId="4" Intrnl_Id="373" Name="org.jmock.Expectations">
                                        <Header>
                                            <Loc EndOffset="17935" SrcFileId="1" StartOffset="17911"/>
                                        </Header>
                                        <LocList>
                                            <Loc EndOffset="18728" SrcFileId="1" StartOffset="17907"/>
                                        </LocList>
                                        <StmntSeq Intrnl_Id="374">
                                            <LocList>
                                                <Loc EndOffset="17981" SrcFileId="1" StartOffset="17949"/>
                                                <Loc EndOffset="18008" SrcFileId="1" StartOffset="17987"/>
                                                <Loc EndOffset="18041" SrcFileId="1" StartOffset="18014"/>
                                                <Loc EndOffset="18094" SrcFileId="1" StartOffset="18047"/>
                                                <Loc EndOffset="18127" SrcFileId="1" StartOffset="18100"/>
                                                <Loc EndOffset="18180" SrcFileId="1" StartOffset="18133"/>
                                                <Loc EndOffset="18213" SrcFileId="1" StartOffset="18186"/>
                                                <Loc EndOffset="18266" SrcFileId="1" StartOffset="18219"/>
                                                <Loc EndOffset="18327" SrcFileId="1" StartOffset="18272"/>
                                                <Loc EndOffset="18354" SrcFileId="1" StartOffset="18333"/>
                                                <Loc EndOffset="18415" SrcFileId="1" StartOffset="18360"/>
                                                <Loc EndOffset="18442" SrcFileId="1" StartOffset="18421"/>
                                                <Loc EndOffset="18503" SrcFileId="1" StartOffset="18448"/>
                                                <Loc EndOffset="18530" SrcFileId="1" StartOffset="18509"/>
                                                <Loc EndOffset="18565" SrcFileId="1" StartOffset="18536"/>
                                                <Loc EndOffset="18593" SrcFileId="1" StartOffset="18571"/>
                                                <Loc EndOffset="18628" SrcFileId="1" StartOffset="18599"/>
                                                <Loc EndOffset="18655" SrcFileId="1" StartOffset="18634"/>
                                                <Loc EndOffset="18690" SrcFileId="1" StartOffset="18661"/>
                                                <Loc EndOffset="18717" SrcFileId="1" StartOffset="18696"/>
                                            </LocList>
                                            <BasicStmnt CovItemId="S260" CovItemPrefix="org.jfree.data.test.DataUtilitiesTest.java" Intrnl_Id="375">
                                                <LocList>
                                                    <Loc EndOffset="17981" SrcFileId="1" StartOffset="17949"/>
                                                </LocList>
                                            </BasicStmnt>
                                            <BasicStmnt CovItemId="S261" CovItemPrefix="org.jfree.data.test.DataUtilitiesTest.java" Intrnl_Id="376">
                                                <LocList>
                                                    <Loc EndOffset="18008" SrcFileId="1" StartOffset="17987"/>
                                                </LocList>
                                            </BasicStmnt>
                                            <BasicStmnt CovItemId="S262" CovItemPrefix="org.jfree.data.test.DataUtilitiesTest.java" Intrnl_Id="377">
                                                <LocList>
                                                    <Loc EndOffset="18041" SrcFileId="1" StartOffset="18014"/>
                                                </LocList>
                                            </BasicStmnt>
                                            <BasicStmnt CovItemId="S263" CovItemPrefix="org.jfree.data.test.DataUtilitiesTest.java" Intrnl_Id="378">
                                                <LocList>
                                                    <Loc EndOffset="18094" SrcFileId="1" StartOffset="18047"/>
                                                </LocList>
                                            </BasicStmnt>
                                            <BasicStmnt CovItemId="S264" CovItemPrefix="org.jfree.data.test.DataUtilitiesTest.java" Intrnl_Id="379">
                                                <LocList>
                                                    <Loc EndOffset="18127" SrcFileId="1" StartOffset="18100"/>
                                                </LocList>
                                            </BasicStmnt>
                                            <BasicStmnt CovItemId="S265" CovItemPrefix="org.jfree.data.test.DataUtilitiesTest.java" Intrnl_Id="380">
                                                <LocList>
                                                    <Loc EndOffset="18180" SrcFileId="1" StartOffset="18133"/>
                                                </LocList>
                                            </BasicStmnt>
                                            <BasicStmnt CovItemId="S266" CovItemPrefix="org.jfree.data.test.DataUtilitiesTest.java" Intrnl_Id="381">
                                                <LocList>
                                                    <Loc EndOffset="18213" SrcFileId="1" StartOffset="18186"/>
                                                </LocList>
                                            </BasicStmnt>
                                            <BasicStmnt CovItemId="S267" CovItemPrefix="org.jfree.data.test.DataUtilitiesTest.java" Intrnl_Id="382">
                                                <LocList>
                                                    <Loc EndOffset="18266" SrcFileId="1" StartOffset="18219"/>
                                                </LocList>
                                            </BasicStmnt>
                                            <BasicStmnt CovItemId="S268" CovItemPrefix="org.jfree.data.test.DataUtilitiesTest.java" Intrnl_Id="383">
                                                <LocList>
                                                    <Loc EndOffset="18327" SrcFileId="1" StartOffset="18272"/>
                                                </LocList>
                                            </BasicStmnt>
                                            <BasicStmnt CovItemId="S269" CovItemPrefix="org.jfree.data.test.DataUtilitiesTest.java" Intrnl_Id="384">
                                                <LocList>
                                                    <Loc EndOffset="18354" SrcFileId="1" StartOffset="18333"/>
                                                </LocList>
                                            </BasicStmnt>
                                            <BasicStmnt CovItemId="S270" CovItemPrefix="org.jfree.data.test.DataUtilitiesTest.java" Intrnl_Id="385">
                                                <LocList>
                                                    <Loc EndOffset="18415" SrcFileId="1" StartOffset="18360"/>
                                                </LocList>
                                            </BasicStmnt>
                                            <BasicStmnt CovItemId="S271" CovItemPrefix="org.jfree.data.test.DataUtilitiesTest.java" Intrnl_Id="386">
                                                <LocList>
                                                    <Loc EndOffset="18442" SrcFileId="1" StartOffset="18421"/>
                                                </LocList>
                                            </BasicStmnt>
                                            <BasicStmnt CovItemId="S272" CovItemPrefix="org.jfree.data.test.DataUtilitiesTest.java" Intrnl_Id="387">
                                                <LocList>
                                                    <Loc EndOffset="18503" SrcFileId="1" StartOffset="18448"/>
                                                </LocList>
                                            </BasicStmnt>
                                            <BasicStmnt CovItemId="S273" CovItemPrefix="org.jfree.data.test.DataUtilitiesTest.java" Intrnl_Id="388">
                                                <LocList>
                                                    <Loc EndOffset="18530" SrcFileId="1" StartOffset="18509"/>
                                                </LocList>
                                            </BasicStmnt>
                                            <BasicStmnt CovItemId="S274" CovItemPrefix="org.jfree.data.test.DataUtilitiesTest.java" Intrnl_Id="389">
                                                <LocList>
                                                    <Loc EndOffset="18565" SrcFileId="1" StartOffset="18536"/>
                                                </LocList>
                                            </BasicStmnt>
                                            <BasicStmnt CovItemId="S275" CovItemPrefix="org.jfree.data.test.DataUtilitiesTest.java" Intrnl_Id="390">
                                                <LocList>
                                                    <Loc EndOffset="18593" SrcFileId="1" StartOffset="18571"/>
                                                </LocList>
                                            </BasicStmnt>
                                            <BasicStmnt CovItemId="S276" CovItemPrefix="org.jfree.data.test.DataUtilitiesTest.java" Intrnl_Id="391">
                                                <LocList>
                                                    <Loc EndOffset="18628" SrcFileId="1" StartOffset="18599"/>
                                                </LocList>
                                            </BasicStmnt>
                                            <BasicStmnt CovItemId="S277" CovItemPrefix="org.jfree.data.test.DataUtilitiesTest.java" Intrnl_Id="392">
                                                <LocList>
                                                    <Loc EndOffset="18655" SrcFileId="1" StartOffset="18634"/>
                                                </LocList>
                                            </BasicStmnt>
                                            <BasicStmnt CovItemId="S278" CovItemPrefix="org.jfree.data.test.DataUtilitiesTest.java" Intrnl_Id="393">
                                                <LocList>
                                                    <Loc EndOffset="18690" SrcFileId="1" StartOffset="18661"/>
                                                </LocList>
                                            </BasicStmnt>
                                            <BasicStmnt CovItemId="S279" CovItemPrefix="org.jfree.data.test.DataUtilitiesTest.java" Intrnl_Id="394">
                                                <LocList>
                                                    <Loc EndOffset="18717" SrcFileId="1" StartOffset="18696"/>
                                                </LocList>
                                            </BasicStmnt>
                                        </StmntSeq>
                                    </HierarchyLvl>
                                </HierarchyLvl>
                                <HierarchyLvl HierarchyLvlId="52" HierarchyLvlTypeId="5" Intrnl_Id="395" Name="testGetCumulativePercentagesDoubles">
                                    <Header>
                                        <Loc EndOffset="19107" SrcFileId="1" StartOffset="19009"/>
                                    </Header>
                                    <LocList>
                                        <Loc EndOffset="20254" SrcFileId="1" StartOffset="19009"/>
                                    </LocList>
                                    <StmntSeq Intrnl_Id="396">
                                        <LocList>
                                            <Loc EndOffset="19145" SrcFileId="1" StartOffset="19113"/>
                                            <Loc EndOffset="19208" SrcFileId="1" StartOffset="19149"/>
                                            <Loc EndOffset="19229" SrcFileId="1" StartOffset="19212"/>
                                            <Loc EndOffset="19976" SrcFileId="1" StartOffset="19974"/>
                                            <Loc EndOffset="20049" SrcFileId="1" StartOffset="19980"/>
                                            <Loc EndOffset="20117" SrcFileId="1" StartOffset="20053"/>
                                            <Loc EndOffset="20185" SrcFileId="1" StartOffset="20121"/>
                                            <Loc EndOffset="20250" SrcFileId="1" StartOffset="20189"/>
                                        </LocList>
                                        <BasicStmnt CovItemId="S284" CovItemPrefix="org.jfree.data.test.DataUtilitiesTest.java" Intrnl_Id="397">
                                            <LocList>
                                                <Loc EndOffset="19145" SrcFileId="1" StartOffset="19113"/>
                                            </LocList>
                                        </BasicStmnt>
                                        <BasicStmnt CovItemId="S285" CovItemPrefix="org.jfree.data.test.DataUtilitiesTest.java" Intrnl_Id="398">
                                            <LocList>
                                                <Loc EndOffset="19208" SrcFileId="1" StartOffset="19149"/>
                                            </LocList>
                                        </BasicStmnt>
                                        <BasicStmnt CovItemId="S286" CovItemPrefix="org.jfree.data.test.DataUtilitiesTest.java" Intrnl_Id="399">
                                            <LocList>
                                                <Loc EndOffset="19229" SrcFileId="1" StartOffset="19212"/>
                                                <Loc EndOffset="19976" SrcFileId="1" StartOffset="19974"/>
                                            </LocList>
                                        </BasicStmnt>
                                        <BasicStmnt CovItemId="S307" CovItemPrefix="org.jfree.data.test.DataUtilitiesTest.java" Intrnl_Id="400">
                                            <LocList>
                                                <Loc EndOffset="20049" SrcFileId="1" StartOffset="19980"/>
                                            </LocList>
                                        </BasicStmnt>
                                        <BasicStmnt CovItemId="S308" CovItemPrefix="org.jfree.data.test.DataUtilitiesTest.java" Intrnl_Id="401">
                                            <LocList>
                                                <Loc EndOffset="20117" SrcFileId="1" StartOffset="20053"/>
                                            </LocList>
                                        </BasicStmnt>
                                        <BasicStmnt CovItemId="S309" CovItemPrefix="org.jfree.data.test.DataUtilitiesTest.java" Intrnl_Id="402">
                                            <LocList>
                                                <Loc EndOffset="20185" SrcFileId="1" StartOffset="20121"/>
                                            </LocList>
                                        </BasicStmnt>
                                        <BasicStmnt CovItemId="S310" CovItemPrefix="org.jfree.data.test.DataUtilitiesTest.java" Intrnl_Id="403">
                                            <LocList>
                                                <Loc EndOffset="20250" SrcFileId="1" StartOffset="20189"/>
                                            </LocList>
                                        </BasicStmnt>
                                    </StmntSeq>
                                    <HierarchyLvl HierarchyLvlId="51" HierarchyLvlTypeId="4" Intrnl_Id="404" Name="org.jmock.Expectations">
                                        <Header>
                                            <Loc EndOffset="19257" SrcFileId="1" StartOffset="19233"/>
                                        </Header>
                                        <LocList>
                                            <Loc EndOffset="19974" SrcFileId="1" StartOffset="19229"/>
                                        </LocList>
                                        <StmntSeq Intrnl_Id="405">
                                            <LocList>
                                                <Loc EndOffset="19303" SrcFileId="1" StartOffset="19271"/>
                                                <Loc EndOffset="19330" SrcFileId="1" StartOffset="19309"/>
                                                <Loc EndOffset="19363" SrcFileId="1" StartOffset="19336"/>
                                                <Loc EndOffset="19401" SrcFileId="1" StartOffset="19369"/>
                                                <Loc EndOffset="19434" SrcFileId="1" StartOffset="19407"/>
                                                <Loc EndOffset="19472" SrcFileId="1" StartOffset="19440"/>
                                                <Loc EndOffset="19505" SrcFileId="1" StartOffset="19478"/>
                                                <Loc EndOffset="19543" SrcFileId="1" StartOffset="19511"/>
                                                <Loc EndOffset="19589" SrcFileId="1" StartOffset="19549"/>
                                                <Loc EndOffset="19616" SrcFileId="1" StartOffset="19595"/>
                                                <Loc EndOffset="19662" SrcFileId="1" StartOffset="19622"/>
                                                <Loc EndOffset="19689" SrcFileId="1" StartOffset="19668"/>
                                                <Loc EndOffset="19735" SrcFileId="1" StartOffset="19695"/>
                                                <Loc EndOffset="19762" SrcFileId="1" StartOffset="19741"/>
                                                <Loc EndOffset="19797" SrcFileId="1" StartOffset="19768"/>
                                                <Loc EndOffset="19831" SrcFileId="1" StartOffset="19803"/>
                                                <Loc EndOffset="19866" SrcFileId="1" StartOffset="19837"/>
                                                <Loc EndOffset="19898" SrcFileId="1" StartOffset="19872"/>
                                                <Loc EndOffset="19933" SrcFileId="1" StartOffset="19904"/>
                                                <Loc EndOffset="19963" SrcFileId="1" StartOffset="19939"/>
                                            </LocList>
                                            <BasicStmnt CovItemId="S287" CovItemPrefix="org.jfree.data.test.DataUtilitiesTest.java" Intrnl_Id="406">
                                                <LocList>
                                                    <Loc EndOffset="19303" SrcFileId="1" StartOffset="19271"/>
                                                </LocList>
                                            </BasicStmnt>
                                            <BasicStmnt CovItemId="S288" CovItemPrefix="org.jfree.data.test.DataUtilitiesTest.java" Intrnl_Id="407">
                                                <LocList>
                                                    <Loc EndOffset="19330" SrcFileId="1" StartOffset="19309"/>
                                                </LocList>
                                            </BasicStmnt>
                                            <BasicStmnt CovItemId="S289" CovItemPrefix="org.jfree.data.test.DataUtilitiesTest.java" Intrnl_Id="408">
                                                <LocList>
                                                    <Loc EndOffset="19363" SrcFileId="1" StartOffset="19336"/>
                                                </LocList>
                                            </BasicStmnt>
                                            <BasicStmnt CovItemId="S290" CovItemPrefix="org.jfree.data.test.DataUtilitiesTest.java" Intrnl_Id="409">
                                                <LocList>
                                                    <Loc EndOffset="19401" SrcFileId="1" StartOffset="19369"/>
                                                </LocList>
                                            </BasicStmnt>
                                            <BasicStmnt CovItemId="S291" CovItemPrefix="org.jfree.data.test.DataUtilitiesTest.java" Intrnl_Id="410">
                                                <LocList>
                                                    <Loc EndOffset="19434" SrcFileId="1" StartOffset="19407"/>
                                                </LocList>
                                            </BasicStmnt>
                                            <BasicStmnt CovItemId="S292" CovItemPrefix="org.jfree.data.test.DataUtilitiesTest.java" Intrnl_Id="411">
                                                <LocList>
                                                    <Loc EndOffset="19472" SrcFileId="1" StartOffset="19440"/>
                                                </LocList>
                                            </BasicStmnt>
                                            <BasicStmnt CovItemId="S293" CovItemPrefix="org.jfree.data.test.DataUtilitiesTest.java" Intrnl_Id="412">
                                                <LocList>
                                                    <Loc EndOffset="19505" SrcFileId="1" StartOffset="19478"/>
                                                </LocList>
                                            </BasicStmnt>
                                            <BasicStmnt CovItemId="S294" CovItemPrefix="org.jfree.data.test.DataUtilitiesTest.java" Intrnl_Id="413">
                                                <LocList>
                                                    <Loc EndOffset="19543" SrcFileId="1" StartOffset="19511"/>
                                                </LocList>
                                            </BasicStmnt>
                                            <BasicStmnt CovItemId="S295" CovItemPrefix="org.jfree.data.test.DataUtilitiesTest.java" Intrnl_Id="414">
                                                <LocList>
                                                    <Loc EndOffset="19589" SrcFileId="1" StartOffset="19549"/>
                                                </LocList>
                                            </BasicStmnt>
                                            <BasicStmnt CovItemId="S296" CovItemPrefix="org.jfree.data.test.DataUtilitiesTest.java" Intrnl_Id="415">
                                                <LocList>
                                                    <Loc EndOffset="19616" SrcFileId="1" StartOffset="19595"/>
                                                </LocList>
                                            </BasicStmnt>
                                            <BasicStmnt CovItemId="S297" CovItemPrefix="org.jfree.data.test.DataUtilitiesTest.java" Intrnl_Id="416">
                                                <LocList>
                                                    <Loc EndOffset="19662" SrcFileId="1" StartOffset="19622"/>
                                                </LocList>
                                            </BasicStmnt>
                                            <BasicStmnt CovItemId="S298" CovItemPrefix="org.jfree.data.test.DataUtilitiesTest.java" Intrnl_Id="417">
                                                <LocList>
                                                    <Loc EndOffset="19689" SrcFileId="1" StartOffset="19668"/>
                                                </LocList>
                                            </BasicStmnt>
                                            <BasicStmnt CovItemId="S299" CovItemPrefix="org.jfree.data.test.DataUtilitiesTest.java" Intrnl_Id="418">
                                                <LocList>
                                                    <Loc EndOffset="19735" SrcFileId="1" StartOffset="19695"/>
                                                </LocList>
                                            </BasicStmnt>
                                            <BasicStmnt CovItemId="S300" CovItemPrefix="org.jfree.data.test.DataUtilitiesTest.java" Intrnl_Id="419">
                                                <LocList>
                                                    <Loc EndOffset="19762" SrcFileId="1" StartOffset="19741"/>
                                                </LocList>
                                            </BasicStmnt>
                                            <BasicStmnt CovItemId="S301" CovItemPrefix="org.jfree.data.test.DataUtilitiesTest.java" Intrnl_Id="420">
                                                <LocList>
                                                    <Loc EndOffset="19797" SrcFileId="1" StartOffset="19768"/>
                                                </LocList>
                                            </BasicStmnt>
                                            <BasicStmnt CovItemId="S302" CovItemPrefix="org.jfree.data.test.DataUtilitiesTest.java" Intrnl_Id="421">
                                                <LocList>
                                                    <Loc EndOffset="19831" SrcFileId="1" StartOffset="19803"/>
                                                </LocList>
                                            </BasicStmnt>
                                            <BasicStmnt CovItemId="S303" CovItemPrefix="org.jfree.data.test.DataUtilitiesTest.java" Intrnl_Id="422">
                                                <LocList>
                                                    <Loc EndOffset="19866" SrcFileId="1" StartOffset="19837"/>
                                                </LocList>
                                            </BasicStmnt>
                                            <BasicStmnt CovItemId="S304" CovItemPrefix="org.jfree.data.test.DataUtilitiesTest.java" Intrnl_Id="423">
                                                <LocList>
                                                    <Loc EndOffset="19898" SrcFileId="1" StartOffset="19872"/>
                                                </LocList>
                                            </BasicStmnt>
                                            <BasicStmnt CovItemId="S305" CovItemPrefix="org.jfree.data.test.DataUtilitiesTest.java" Intrnl_Id="424">
                                                <LocList>
                                                    <Loc EndOffset="19933" SrcFileId="1" StartOffset="19904"/>
                                                </LocList>
                                            </BasicStmnt>
                                            <BasicStmnt CovItemId="S306" CovItemPrefix="org.jfree.data.test.DataUtilitiesTest.java" Intrnl_Id="425">
                                                <LocList>
                                                    <Loc EndOffset="19963" SrcFileId="1" StartOffset="19939"/>
                                                </LocList>
                                            </BasicStmnt>
                                        </StmntSeq>
                                    </HierarchyLvl>
                                </HierarchyLvl>
                                <HierarchyLvl HierarchyLvlId="54" HierarchyLvlTypeId="5" Intrnl_Id="426" Name="testGetCumulativePercentagesNegativeIntegers">
                                    <Header>
                                        <Loc EndOffset="20416" SrcFileId="1" StartOffset="20260"/>
                                    </Header>
                                    <LocList>
                                        <Loc EndOffset="21634" SrcFileId="1" StartOffset="20260"/>
                                    </LocList>
                                    <StmntSeq Intrnl_Id="427">
                                        <LocList>
                                            <Loc EndOffset="20454" SrcFileId="1" StartOffset="20422"/>
                                            <Loc EndOffset="20517" SrcFileId="1" StartOffset="20458"/>
                                            <Loc EndOffset="20538" SrcFileId="1" StartOffset="20521"/>
                                            <Loc EndOffset="21362" SrcFileId="1" StartOffset="21360"/>
                                            <Loc EndOffset="21435" SrcFileId="1" StartOffset="21366"/>
                                            <Loc EndOffset="21500" SrcFileId="1" StartOffset="21439"/>
                                            <Loc EndOffset="21565" SrcFileId="1" StartOffset="21504"/>
                                            <Loc EndOffset="21630" SrcFileId="1" StartOffset="21569"/>
                                        </LocList>
                                        <BasicStmnt CovItemId="S311" CovItemPrefix="org.jfree.data.test.DataUtilitiesTest.java" Intrnl_Id="428">
                                            <LocList>
                                                <Loc EndOffset="20454" SrcFileId="1" StartOffset="20422"/>
                                            </LocList>
                                        </BasicStmnt>
                                        <BasicStmnt CovItemId="S312" CovItemPrefix="org.jfree.data.test.DataUtilitiesTest.java" Intrnl_Id="429">
                                            <LocList>
                                                <Loc EndOffset="20517" SrcFileId="1" StartOffset="20458"/>
                                            </LocList>
                                        </BasicStmnt>
                                        <BasicStmnt CovItemId="S313" CovItemPrefix="org.jfree.data.test.DataUtilitiesTest.java" Intrnl_Id="430">
                                            <LocList>
                                                <Loc EndOffset="20538" SrcFileId="1" StartOffset="20521"/>
                                                <Loc EndOffset="21362" SrcFileId="1" StartOffset="21360"/>
                                            </LocList>
                                        </BasicStmnt>
                                        <BasicStmnt CovItemId="S334" CovItemPrefix="org.jfree.data.test.DataUtilitiesTest.java" Intrnl_Id="431">
                                            <LocList>
                                                <Loc EndOffset="21435" SrcFileId="1" StartOffset="21366"/>
                                            </LocList>
                                        </BasicStmnt>
                                        <BasicStmnt CovItemId="S335" CovItemPrefix="org.jfree.data.test.DataUtilitiesTest.java" Intrnl_Id="432">
                                            <LocList>
                                                <Loc EndOffset="21500" SrcFileId="1" StartOffset="21439"/>
                                            </LocList>
                                        </BasicStmnt>
                                        <BasicStmnt CovItemId="S336" CovItemPrefix="org.jfree.data.test.DataUtilitiesTest.java" Intrnl_Id="433">
                                            <LocList>
                                                <Loc EndOffset="21565" SrcFileId="1" StartOffset="21504"/>
                                            </LocList>
                                        </BasicStmnt>
                                        <BasicStmnt CovItemId="S337" CovItemPrefix="org.jfree.data.test.DataUtilitiesTest.java" Intrnl_Id="434">
                                            <LocList>
                                                <Loc EndOffset="21630" SrcFileId="1" StartOffset="21569"/>
                                            </LocList>
                                        </BasicStmnt>
                                    </StmntSeq>
                                    <HierarchyLvl HierarchyLvlId="53" HierarchyLvlTypeId="4" Intrnl_Id="435" Name="org.jmock.Expectations">
                                        <Header>
                                            <Loc EndOffset="20566" SrcFileId="1" StartOffset="20542"/>
                                        </Header>
                                        <LocList>
                                            <Loc EndOffset="21360" SrcFileId="1" StartOffset="20538"/>
                                        </LocList>
                                        <StmntSeq Intrnl_Id="436">
                                            <LocList>
                                                <Loc EndOffset="20612" SrcFileId="1" StartOffset="20580"/>
                                                <Loc EndOffset="20639" SrcFileId="1" StartOffset="20618"/>
                                                <Loc EndOffset="20672" SrcFileId="1" StartOffset="20645"/>
                                                <Loc EndOffset="20725" SrcFileId="1" StartOffset="20678"/>
                                                <Loc EndOffset="20758" SrcFileId="1" StartOffset="20731"/>
                                                <Loc EndOffset="20811" SrcFileId="1" StartOffset="20764"/>
                                                <Loc EndOffset="20844" SrcFileId="1" StartOffset="20817"/>
                                                <Loc EndOffset="20897" SrcFileId="1" StartOffset="20850"/>
                                                <Loc EndOffset="20958" SrcFileId="1" StartOffset="20903"/>
                                                <Loc EndOffset="20985" SrcFileId="1" StartOffset="20964"/>
                                                <Loc EndOffset="21046" SrcFileId="1" StartOffset="20991"/>
                                                <Loc EndOffset="21073" SrcFileId="1" StartOffset="21052"/>
                                                <Loc EndOffset="21134" SrcFileId="1" StartOffset="21079"/>
                                                <Loc EndOffset="21161" SrcFileId="1" StartOffset="21140"/>
                                                <Loc EndOffset="21196" SrcFileId="1" StartOffset="21167"/>
                                                <Loc EndOffset="21224" SrcFileId="1" StartOffset="21202"/>
                                                <Loc EndOffset="21259" SrcFileId="1" StartOffset="21230"/>
                                                <Loc EndOffset="21286" SrcFileId="1" StartOffset="21265"/>
                                                <Loc EndOffset="21321" SrcFileId="1" StartOffset="21292"/>
                                                <Loc EndOffset="21349" SrcFileId="1" StartOffset="21327"/>
                                            </LocList>
                                            <BasicStmnt CovItemId="S314" CovItemPrefix="org.jfree.data.test.DataUtilitiesTest.java" Intrnl_Id="437">
                                                <LocList>
                                                    <Loc EndOffset="20612" SrcFileId="1" StartOffset="20580"/>
                                                </LocList>
                                            </BasicStmnt>
                                            <BasicStmnt CovItemId="S315" CovItemPrefix="org.jfree.data.test.DataUtilitiesTest.java" Intrnl_Id="438">
                                                <LocList>
                                                    <Loc EndOffset="20639" SrcFileId="1" StartOffset="20618"/>
                                                </LocList>
                                            </BasicStmnt>
                                            <BasicStmnt CovItemId="S316" CovItemPrefix="org.jfree.data.test.DataUtilitiesTest.java" Intrnl_Id="439">
                                                <LocList>
                                                    <Loc EndOffset="20672" SrcFileId="1" StartOffset="20645"/>
                                                </LocList>
                                            </BasicStmnt>
                                            <BasicStmnt CovItemId="S317" CovItemPrefix="org.jfree.data.test.DataUtilitiesTest.java" Intrnl_Id="440">
                                                <LocList>
                                                    <Loc EndOffset="20725" SrcFileId="1" StartOffset="20678"/>
                                                </LocList>
                                            </BasicStmnt>
                                            <BasicStmnt CovItemId="S318" CovItemPrefix="org.jfree.data.test.DataUtilitiesTest.java" Intrnl_Id="441">
                                                <LocList>
                                                    <Loc EndOffset="20758" SrcFileId="1" StartOffset="20731"/>
                                                </LocList>
                                            </BasicStmnt>
                                            <BasicStmnt CovItemId="S319" CovItemPrefix="org.jfree.data.test.DataUtilitiesTest.java" Intrnl_Id="442">
                                                <LocList>
                                                    <Loc EndOffset="20811" SrcFileId="1" StartOffset="20764"/>
                                                </LocList>
                                            </BasicStmnt>
                                            <BasicStmnt CovItemId="S320" CovItemPrefix="org.jfree.data.test.DataUtilitiesTest.java" Intrnl_Id="443">
                                                <LocList>
                                                    <Loc EndOffset="20844" SrcFileId="1" StartOffset="20817"/>
                                                </LocList>
                                            </BasicStmnt>
                                            <BasicStmnt CovItemId="S321" CovItemPrefix="org.jfree.data.test.DataUtilitiesTest.java" Intrnl_Id="444">
                                                <LocList>
                                                    <Loc EndOffset="20897" SrcFileId="1" StartOffset="20850"/>
                                                </LocList>
                                            </BasicStmnt>
                                            <BasicStmnt CovItemId="S322" CovItemPrefix="org.jfree.data.test.DataUtilitiesTest.java" Intrnl_Id="445">
                                                <LocList>
                                                    <Loc EndOffset="20958" SrcFileId="1" StartOffset="20903"/>
                                                </LocList>
                                            </BasicStmnt>
                                            <BasicStmnt CovItemId="S323" CovItemPrefix="org.jfree.data.test.DataUtilitiesTest.java" Intrnl_Id="446">
                                                <LocList>
                                                    <Loc EndOffset="20985" SrcFileId="1" StartOffset="20964"/>
                                                </LocList>
                                            </BasicStmnt>
                                            <BasicStmnt CovItemId="S324" CovItemPrefix="org.jfree.data.test.DataUtilitiesTest.java" Intrnl_Id="447">
                                                <LocList>
                                                    <Loc EndOffset="21046" SrcFileId="1" StartOffset="20991"/>
                                                </LocList>
                                            </BasicStmnt>
                                            <BasicStmnt CovItemId="S325" CovItemPrefix="org.jfree.data.test.DataUtilitiesTest.java" Intrnl_Id="448">
                                                <LocList>
                                                    <Loc EndOffset="21073" SrcFileId="1" StartOffset="21052"/>
                                                </LocList>
                                            </BasicStmnt>
                                            <BasicStmnt CovItemId="S326" CovItemPrefix="org.jfree.data.test.DataUtilitiesTest.java" Intrnl_Id="449">
                                                <LocList>
                                                    <Loc EndOffset="21134" SrcFileId="1" StartOffset="21079"/>
                                                </LocList>
                                            </BasicStmnt>
                                            <BasicStmnt CovItemId="S327" CovItemPrefix="org.jfree.data.test.DataUtilitiesTest.java" Intrnl_Id="450">
                                                <LocList>
                                                    <Loc EndOffset="21161" SrcFileId="1" StartOffset="21140"/>
                                                </LocList>
                                            </BasicStmnt>
                                            <BasicStmnt CovItemId="S328" CovItemPrefix="org.jfree.data.test.DataUtilitiesTest.java" Intrnl_Id="451">
                                                <LocList>
                                                    <Loc EndOffset="21196" SrcFileId="1" StartOffset="21167"/>
                                                </LocList>
                                            </BasicStmnt>
                                            <BasicStmnt CovItemId="S329" CovItemPrefix="org.jfree.data.test.DataUtilitiesTest.java" Intrnl_Id="452">
                                                <LocList>
                                                    <Loc EndOffset="21224" SrcFileId="1" StartOffset="21202"/>
                                                </LocList>
                                            </BasicStmnt>
                                            <BasicStmnt CovItemId="S330" CovItemPrefix="org.jfree.data.test.DataUtilitiesTest.java" Intrnl_Id="453">
                                                <LocList>
                                                    <Loc EndOffset="21259" SrcFileId="1" StartOffset="21230"/>
                                                </LocList>
                                            </BasicStmnt>
                                            <BasicStmnt CovItemId="S331" CovItemPrefix="org.jfree.data.test.DataUtilitiesTest.java" Intrnl_Id="454">
                                                <LocList>
                                                    <Loc EndOffset="21286" SrcFileId="1" StartOffset="21265"/>
                                                </LocList>
                                            </BasicStmnt>
                                            <BasicStmnt CovItemId="S332" CovItemPrefix="org.jfree.data.test.DataUtilitiesTest.java" Intrnl_Id="455">
                                                <LocList>
                                                    <Loc EndOffset="21321" SrcFileId="1" StartOffset="21292"/>
                                                </LocList>
                                            </BasicStmnt>
                                            <BasicStmnt CovItemId="S333" CovItemPrefix="org.jfree.data.test.DataUtilitiesTest.java" Intrnl_Id="456">
                                                <LocList>
                                                    <Loc EndOffset="21349" SrcFileId="1" StartOffset="21327"/>
                                                </LocList>
                                            </BasicStmnt>
                                        </StmntSeq>
                                    </HierarchyLvl>
                                </HierarchyLvl>
                            </HierarchyLvl>
                            <HierarchyLvl HierarchyLvlId="98" HierarchyLvlTypeId="6" Intrnl_Id="457" Name="RangeTest">
                                <Header>
                                    <Loc EndOffset="140" SrcFileId="2" StartOffset="118"/>
                                </Header>
                                <LocList>
                                    <Loc EndOffset="11862" SrcFileId="2" StartOffset="118"/>
                                </LocList>
                                <HierarchyLvl HierarchyLvlId="56" HierarchyLvlTypeId="5" Intrnl_Id="458" Name="setUpBeforeClass">
                                    <Header>
                                        <Loc EndOffset="342" SrcFileId="2" StartOffset="275"/>
                                    </Header>
                                    <LocList>
                                        <Loc EndOffset="351" SrcFileId="2" StartOffset="275"/>
                                    </LocList>
                                </HierarchyLvl>
                                <HierarchyLvl HierarchyLvlId="57" HierarchyLvlTypeId="5" Intrnl_Id="459" Name="setUp">
                                    <Header>
                                        <Loc EndOffset="410" SrcFileId="2" StartOffset="361"/>
                                    </Header>
                                    <LocList>
                                        <Loc EndOffset="701" SrcFileId="2" StartOffset="361"/>
                                    </LocList>
                                    <StmntSeq Intrnl_Id="460">
                                        <LocList>
                                            <Loc EndOffset="454" SrcFileId="2" StartOffset="420"/>
                                            <Loc EndOffset="501" SrcFileId="2" StartOffset="461"/>
                                            <Loc EndOffset="550" SrcFileId="2" StartOffset="508"/>
                                            <Loc EndOffset="591" SrcFileId="2" StartOffset="557"/>
                                            <Loc EndOffset="652" SrcFileId="2" StartOffset="598"/>
                                            <Loc EndOffset="694" SrcFileId="2" StartOffset="655"/>
                                        </LocList>
                                        <BasicStmnt CovItemId="S1" CovItemPrefix="org.jfree.data.test.RangeTest.java" Intrnl_Id="461">
                                            <LocList>
                                                <Loc EndOffset="454" SrcFileId="2" StartOffset="420"/>
                                            </LocList>
                                        </BasicStmnt>
                                        <BasicStmnt CovItemId="S2" CovItemPrefix="org.jfree.data.test.RangeTest.java" Intrnl_Id="462">
                                            <LocList>
                                                <Loc EndOffset="501" SrcFileId="2" StartOffset="461"/>
                                            </LocList>
                                        </BasicStmnt>
                                        <BasicStmnt CovItemId="S3" CovItemPrefix="org.jfree.data.test.RangeTest.java" Intrnl_Id="463">
                                            <LocList>
                                                <Loc EndOffset="550" SrcFileId="2" StartOffset="508"/>
                                            </LocList>
                                        </BasicStmnt>
                                        <BasicStmnt CovItemId="S4" CovItemPrefix="org.jfree.data.test.RangeTest.java" Intrnl_Id="464">
                                            <LocList>
                                                <Loc EndOffset="591" SrcFileId="2" StartOffset="557"/>
                                            </LocList>
                                        </BasicStmnt>
                                        <BasicStmnt CovItemId="S5" CovItemPrefix="org.jfree.data.test.RangeTest.java" Intrnl_Id="465">
                                            <LocList>
                                                <Loc EndOffset="652" SrcFileId="2" StartOffset="598"/>
                                            </LocList>
                                        </BasicStmnt>
                                        <BasicStmnt CovItemId="S6" CovItemPrefix="org.jfree.data.test.RangeTest.java" Intrnl_Id="466">
                                            <LocList>
                                                <Loc EndOffset="694" SrcFileId="2" StartOffset="655"/>
                                            </LocList>
                                        </BasicStmnt>
                                    </StmntSeq>
                                </HierarchyLvl>
                                <HierarchyLvl HierarchyLvlId="58" HierarchyLvlTypeId="5" Intrnl_Id="467" Name="centralValueMixedRange">
                                    <Header>
                                        <Loc EndOffset="894" SrcFileId="2" StartOffset="753"/>
                                    </Header>
                                    <LocList>
                                        <Loc EndOffset="1030" SrcFileId="2" StartOffset="753"/>
                                    </LocList>
                                    <StmntSeq Intrnl_Id="468">
                                        <LocList>
                                            <Loc EndOffset="1023" SrcFileId="2" StartOffset="906"/>
                                        </LocList>
                                        <BasicStmnt CovItemId="S7" CovItemPrefix="org.jfree.data.test.RangeTest.java" Intrnl_Id="469">
                                            <LocList>
                                                <Loc EndOffset="1023" SrcFileId="2" StartOffset="906"/>
                                            </LocList>
                                        </BasicStmnt>
                                    </StmntSeq>
                                </HierarchyLvl>
                                <HierarchyLvl HierarchyLvlId="59" HierarchyLvlTypeId="5" Intrnl_Id="470" Name="centralValuePositiveRange">
                                    <Header>
                                        <Loc EndOffset="1168" SrcFileId="2" StartOffset="1036"/>
                                    </Header>
                                    <LocList>
                                        <Loc EndOffset="1317" SrcFileId="2" StartOffset="1036"/>
                                    </LocList>
                                    <StmntSeq Intrnl_Id="471">
                                        <LocList>
                                            <Loc EndOffset="1310" SrcFileId="2" StartOffset="1180"/>
                                        </LocList>
                                        <BasicStmnt CovItemId="S8" CovItemPrefix="org.jfree.data.test.RangeTest.java" Intrnl_Id="472">
                                            <LocList>
                                                <Loc EndOffset="1310" SrcFileId="2" StartOffset="1180"/>
                                            </LocList>
                                        </BasicStmnt>
                                    </StmntSeq>
                                </HierarchyLvl>
                                <HierarchyLvl HierarchyLvlId="60" HierarchyLvlTypeId="5" Intrnl_Id="473" Name="centralValueZeroWidthRange">
                                    <Header>
                                        <Loc EndOffset="1456" SrcFileId="2" StartOffset="1329"/>
                                    </Header>
                                    <LocList>
                                        <Loc EndOffset="1590" SrcFileId="2" StartOffset="1329"/>
                                    </LocList>
                                    <StmntSeq Intrnl_Id="474">
                                        <LocList>
                                            <Loc EndOffset="1583" SrcFileId="2" StartOffset="1465"/>
                                        </LocList>
                                        <BasicStmnt CovItemId="S9" CovItemPrefix="org.jfree.data.test.RangeTest.java" Intrnl_Id="475">
                                            <LocList>
                                                <Loc EndOffset="1583" SrcFileId="2" StartOffset="1465"/>
                                            </LocList>
                                        </BasicStmnt>
                                    </StmntSeq>
                                </HierarchyLvl>
                                <HierarchyLvl HierarchyLvlId="61" HierarchyLvlTypeId="5" Intrnl_Id="476" Name="centralValueNegativeRange">
                                    <Header>
                                        <Loc EndOffset="1729" SrcFileId="2" StartOffset="1596"/>
                                    </Header>
                                    <LocList>
                                        <Loc EndOffset="1882" SrcFileId="2" StartOffset="1596"/>
                                    </LocList>
                                    <StmntSeq Intrnl_Id="477">
                                        <LocList>
                                            <Loc EndOffset="1875" SrcFileId="2" StartOffset="1741"/>
                                        </LocList>
                                        <BasicStmnt CovItemId="S10" CovItemPrefix="org.jfree.data.test.RangeTest.java" Intrnl_Id="478">
                                            <LocList>
                                                <Loc EndOffset="1875" SrcFileId="2" StartOffset="1741"/>
                                            </LocList>
                                        </BasicStmnt>
                                    </StmntSeq>
                                </HierarchyLvl>
                                <HierarchyLvl HierarchyLvlId="62" HierarchyLvlTypeId="5" Intrnl_Id="479" Name="centralValueLargeRange">
                                    <Header>
                                        <Loc EndOffset="2018" SrcFileId="2" StartOffset="1888"/>
                                    </Header>
                                    <LocList>
                                        <Loc EndOffset="2175" SrcFileId="2" StartOffset="1888"/>
                                    </LocList>
                                    <StmntSeq Intrnl_Id="480">
                                        <LocList>
                                            <Loc EndOffset="2168" SrcFileId="2" StartOffset="2030"/>
                                        </LocList>
                                        <BasicStmnt CovItemId="S11" CovItemPrefix="org.jfree.data.test.RangeTest.java" Intrnl_Id="481">
                                            <LocList>
                                                <Loc EndOffset="2168" SrcFileId="2" StartOffset="2030"/>
                                            </LocList>
                                        </BasicStmnt>
                                    </StmntSeq>
                                </HierarchyLvl>
                                <HierarchyLvl HierarchyLvlId="63" HierarchyLvlTypeId="5" Intrnl_Id="482" Name="centralValueNonIntRange">
                                    <Header>
                                        <Loc EndOffset="2329" SrcFileId="2" StartOffset="2178"/>
                                    </Header>
                                    <LocList>
                                        <Loc EndOffset="2481" SrcFileId="2" StartOffset="2178"/>
                                    </LocList>
                                    <StmntSeq Intrnl_Id="483">
                                        <LocList>
                                            <Loc EndOffset="2474" SrcFileId="2" StartOffset="2341"/>
                                        </LocList>
                                        <BasicStmnt CovItemId="S12" CovItemPrefix="org.jfree.data.test.RangeTest.java" Intrnl_Id="484">
                                            <LocList>
                                                <Loc EndOffset="2474" SrcFileId="2" StartOffset="2341"/>
                                            </LocList>
                                        </BasicStmnt>
                                    </StmntSeq>
                                </HierarchyLvl>
                                <HierarchyLvl HierarchyLvlId="64" HierarchyLvlTypeId="5" Intrnl_Id="485" Name="containsValueInRange">
                                    <Header>
                                        <Loc EndOffset="2651" SrcFileId="2" StartOffset="2531"/>
                                    </Header>
                                    <LocList>
                                        <Loc EndOffset="2745" SrcFileId="2" StartOffset="2531"/>
                                    </LocList>
                                    <StmntSeq Intrnl_Id="486">
                                        <LocList>
                                            <Loc EndOffset="2738" SrcFileId="2" StartOffset="2660"/>
                                        </LocList>
                                        <BasicStmnt CovItemId="S13" CovItemPrefix="org.jfree.data.test.RangeTest.java" Intrnl_Id="487">
                                            <LocList>
                                                <Loc EndOffset="2738" SrcFileId="2" StartOffset="2660"/>
                                            </LocList>
                                        </BasicStmnt>
                                    </StmntSeq>
                                </HierarchyLvl>
                                <HierarchyLvl HierarchyLvlId="65" HierarchyLvlTypeId="5" Intrnl_Id="488" Name="containsValueLessThanRange">
                                    <Header>
                                        <Loc EndOffset="2881" SrcFileId="2" StartOffset="2829"/>
                                    </Header>
                                    <LocList>
                                        <Loc EndOffset="2984" SrcFileId="2" StartOffset="2829"/>
                                    </LocList>
                                    <StmntSeq Intrnl_Id="489">
                                        <LocList>
                                            <Loc EndOffset="2977" SrcFileId="2" StartOffset="2890"/>
                                        </LocList>
                                        <BasicStmnt CovItemId="S14" CovItemPrefix="org.jfree.data.test.RangeTest.java" Intrnl_Id="490">
                                            <LocList>
                                                <Loc EndOffset="2977" SrcFileId="2" StartOffset="2890"/>
                                            </LocList>
                                        </BasicStmnt>
                                    </StmntSeq>
                                </HierarchyLvl>
                                <HierarchyLvl HierarchyLvlId="66" HierarchyLvlTypeId="5" Intrnl_Id="491" Name="containsValueGreaterThanRange">
                                    <Header>
                                        <Loc EndOffset="3125" SrcFileId="2" StartOffset="3071"/>
                                    </Header>
                                    <LocList>
                                        <Loc EndOffset="3226" SrcFileId="2" StartOffset="3071"/>
                                    </LocList>
                                    <StmntSeq Intrnl_Id="492">
                                        <LocList>
                                            <Loc EndOffset="3219" SrcFileId="2" StartOffset="3134"/>
                                        </LocList>
                                        <BasicStmnt CovItemId="S15" CovItemPrefix="org.jfree.data.test.RangeTest.java" Intrnl_Id="493">
                                            <LocList>
                                                <Loc EndOffset="3219" SrcFileId="2" StartOffset="3134"/>
                                            </LocList>
                                        </BasicStmnt>
                                    </StmntSeq>
                                </HierarchyLvl>
                                <HierarchyLvl HierarchyLvlId="67" HierarchyLvlTypeId="5" Intrnl_Id="494" Name="containsValueIsLowerBound">
                                    <Header>
                                        <Loc EndOffset="3353" SrcFileId="2" StartOffset="3232"/>
                                    </Header>
                                    <LocList>
                                        <Loc EndOffset="3451" SrcFileId="2" StartOffset="3232"/>
                                    </LocList>
                                    <StmntSeq Intrnl_Id="495">
                                        <LocList>
                                            <Loc EndOffset="3444" SrcFileId="2" StartOffset="3362"/>
                                        </LocList>
                                        <BasicStmnt CovItemId="S16" CovItemPrefix="org.jfree.data.test.RangeTest.java" Intrnl_Id="496">
                                            <LocList>
                                                <Loc EndOffset="3444" SrcFileId="2" StartOffset="3362"/>
                                            </LocList>
                                        </BasicStmnt>
                                    </StmntSeq>
                                </HierarchyLvl>
                                <HierarchyLvl HierarchyLvlId="68" HierarchyLvlTypeId="5" Intrnl_Id="497" Name="containsValueisUpperBound">
                                    <Header>
                                        <Loc EndOffset="3578" SrcFileId="2" StartOffset="3457"/>
                                    </Header>
                                    <LocList>
                                        <Loc EndOffset="3674" SrcFileId="2" StartOffset="3457"/>
                                    </LocList>
                                    <StmntSeq Intrnl_Id="498">
                                        <LocList>
                                            <Loc EndOffset="3667" SrcFileId="2" StartOffset="3587"/>
                                        </LocList>
                                        <BasicStmnt CovItemId="S17" CovItemPrefix="org.jfree.data.test.RangeTest.java" Intrnl_Id="499">
                                            <LocList>
                                                <Loc EndOffset="3667" SrcFileId="2" StartOffset="3587"/>
                                            </LocList>
                                        </BasicStmnt>
                                    </StmntSeq>
                                </HierarchyLvl>
                                <HierarchyLvl HierarchyLvlId="69" HierarchyLvlTypeId="5" Intrnl_Id="500" Name="containsValueisUpperAndLowerBound">
                                    <Header>
                                        <Loc EndOffset="3834" SrcFileId="2" StartOffset="3680"/>
                                    </Header>
                                    <LocList>
                                        <Loc EndOffset="3929" SrcFileId="2" StartOffset="3680"/>
                                    </LocList>
                                    <StmntSeq Intrnl_Id="501">
                                        <LocList>
                                            <Loc EndOffset="3922" SrcFileId="2" StartOffset="3843"/>
                                        </LocList>
                                        <BasicStmnt CovItemId="S18" CovItemPrefix="org.jfree.data.test.RangeTest.java" Intrnl_Id="502">
                                            <LocList>
                                                <Loc EndOffset="3922" SrcFileId="2" StartOffset="3843"/>
                                            </LocList>
                                        </BasicStmnt>
                                    </StmntSeq>
                                </HierarchyLvl>
                                <HierarchyLvl HierarchyLvlId="70" HierarchyLvlTypeId="5" Intrnl_Id="503" Name="getLengthMixedRange">
                                    <Header>
                                        <Loc EndOffset="4087" SrcFileId="2" StartOffset="3979"/>
                                    </Header>
                                    <LocList>
                                        <Loc EndOffset="4212" SrcFileId="2" StartOffset="3979"/>
                                    </LocList>
                                    <StmntSeq Intrnl_Id="504">
                                        <LocList>
                                            <Loc EndOffset="4205" SrcFileId="2" StartOffset="4099"/>
                                        </LocList>
                                        <BasicStmnt CovItemId="S19" CovItemPrefix="org.jfree.data.test.RangeTest.java" Intrnl_Id="505">
                                            <LocList>
                                                <Loc EndOffset="4205" SrcFileId="2" StartOffset="4099"/>
                                            </LocList>
                                        </BasicStmnt>
                                    </StmntSeq>
                                </HierarchyLvl>
                                <HierarchyLvl HierarchyLvlId="71" HierarchyLvlTypeId="5" Intrnl_Id="506" Name="getLengthNegativeRange">
                                    <Header>
                                        <Loc EndOffset="4331" SrcFileId="2" StartOffset="4218"/>
                                    </Header>
                                    <LocList>
                                        <Loc EndOffset="4465" SrcFileId="2" StartOffset="4218"/>
                                    </LocList>
                                    <StmntSeq Intrnl_Id="507">
                                        <LocList>
                                            <Loc EndOffset="4458" SrcFileId="2" StartOffset="4343"/>
                                        </LocList>
                                        <BasicStmnt CovItemId="S20" CovItemPrefix="org.jfree.data.test.RangeTest.java" Intrnl_Id="508">
                                            <LocList>
                                                <Loc EndOffset="4458" SrcFileId="2" StartOffset="4343"/>
                                            </LocList>
                                        </BasicStmnt>
                                    </StmntSeq>
                                </HierarchyLvl>
                                <HierarchyLvl HierarchyLvlId="72" HierarchyLvlTypeId="5" Intrnl_Id="509" Name="getLengthPositiveRange">
                                    <Header>
                                        <Loc EndOffset="4584" SrcFileId="2" StartOffset="4471"/>
                                    </Header>
                                    <LocList>
                                        <Loc EndOffset="4717" SrcFileId="2" StartOffset="4471"/>
                                    </LocList>
                                    <StmntSeq Intrnl_Id="510">
                                        <LocList>
                                            <Loc EndOffset="4710" SrcFileId="2" StartOffset="4596"/>
                                        </LocList>
                                        <BasicStmnt CovItemId="S21" CovItemPrefix="org.jfree.data.test.RangeTest.java" Intrnl_Id="511">
                                            <LocList>
                                                <Loc EndOffset="4710" SrcFileId="2" StartOffset="4596"/>
                                            </LocList>
                                        </BasicStmnt>
                                    </StmntSeq>
                                </HierarchyLvl>
                                <HierarchyLvl HierarchyLvlId="73" HierarchyLvlTypeId="5" Intrnl_Id="512" Name="getLengthZeroRange">
                                    <Header>
                                        <Loc EndOffset="4816" SrcFileId="2" StartOffset="4723"/>
                                    </Header>
                                    <LocList>
                                        <Loc EndOffset="4940" SrcFileId="2" StartOffset="4723"/>
                                    </LocList>
                                    <StmntSeq Intrnl_Id="513">
                                        <LocList>
                                            <Loc EndOffset="4933" SrcFileId="2" StartOffset="4828"/>
                                        </LocList>
                                        <BasicStmnt CovItemId="S22" CovItemPrefix="org.jfree.data.test.RangeTest.java" Intrnl_Id="514">
                                            <LocList>
                                                <Loc EndOffset="4933" SrcFileId="2" StartOffset="4828"/>
                                            </LocList>
                                        </BasicStmnt>
                                    </StmntSeq>
                                </HierarchyLvl>
                                <HierarchyLvl HierarchyLvlId="74" HierarchyLvlTypeId="5" Intrnl_Id="515" Name="getLengthLargeRange">
                                    <Header>
                                        <Loc EndOffset="5040" SrcFileId="2" StartOffset="4946"/>
                                    </Header>
                                    <LocList>
                                        <Loc EndOffset="5174" SrcFileId="2" StartOffset="4946"/>
                                    </LocList>
                                    <StmntSeq Intrnl_Id="516">
                                        <LocList>
                                            <Loc EndOffset="5167" SrcFileId="2" StartOffset="5052"/>
                                        </LocList>
                                        <BasicStmnt CovItemId="S23" CovItemPrefix="org.jfree.data.test.RangeTest.java" Intrnl_Id="517">
                                            <LocList>
                                                <Loc EndOffset="5167" SrcFileId="2" StartOffset="5052"/>
                                            </LocList>
                                        </BasicStmnt>
                                    </StmntSeq>
                                </HierarchyLvl>
                                <HierarchyLvl HierarchyLvlId="75" HierarchyLvlTypeId="5" Intrnl_Id="518" Name="getLengthNonIntRange">
                                    <Header>
                                        <Loc EndOffset="5277" SrcFileId="2" StartOffset="5177"/>
                                    </Header>
                                    <LocList>
                                        <Loc EndOffset="5416" SrcFileId="2" StartOffset="5177"/>
                                    </LocList>
                                    <StmntSeq Intrnl_Id="519">
                                        <LocList>
                                            <Loc EndOffset="5409" SrcFileId="2" StartOffset="5289"/>
                                        </LocList>
                                        <BasicStmnt CovItemId="S24" CovItemPrefix="org.jfree.data.test.RangeTest.java" Intrnl_Id="520">
                                            <LocList>
                                                <Loc EndOffset="5409" SrcFileId="2" StartOffset="5289"/>
                                            </LocList>
                                        </BasicStmnt>
                                    </StmntSeq>
                                </HierarchyLvl>
                                <HierarchyLvl HierarchyLvlId="76" HierarchyLvlTypeId="5" Intrnl_Id="521" Name="testNegativeLowerBound">
                                    <Header>
                                        <Loc EndOffset="5557" SrcFileId="2" StartOffset="5460"/>
                                    </Header>
                                    <LocList>
                                        <Loc EndOffset="5728" SrcFileId="2" StartOffset="5460"/>
                                    </LocList>
                                    <StmntSeq Intrnl_Id="522">
                                        <LocList>
                                            <Loc EndOffset="5598" SrcFileId="2" StartOffset="5566"/>
                                            <Loc EndOffset="5721" SrcFileId="2" StartOffset="5608"/>
                                        </LocList>
                                        <BasicStmnt CovItemId="S25" CovItemPrefix="org.jfree.data.test.RangeTest.java" Intrnl_Id="523">
                                            <LocList>
                                                <Loc EndOffset="5598" SrcFileId="2" StartOffset="5566"/>
                                            </LocList>
                                        </BasicStmnt>
                                        <BasicStmnt CovItemId="S26" CovItemPrefix="org.jfree.data.test.RangeTest.java" Intrnl_Id="524">
                                            <LocList>
                                                <Loc EndOffset="5721" SrcFileId="2" StartOffset="5608"/>
                                            </LocList>
                                        </BasicStmnt>
                                    </StmntSeq>
                                </HierarchyLvl>
                                <HierarchyLvl HierarchyLvlId="77" HierarchyLvlTypeId="5" Intrnl_Id="525" Name="testPositiveLowerBound">
                                    <Header>
                                        <Loc EndOffset="5837" SrcFileId="2" StartOffset="5740"/>
                                    </Header>
                                    <LocList>
                                        <Loc EndOffset="6006" SrcFileId="2" StartOffset="5740"/>
                                    </LocList>
                                    <StmntSeq Intrnl_Id="526">
                                        <LocList>
                                            <Loc EndOffset="5878" SrcFileId="2" StartOffset="5846"/>
                                            <Loc EndOffset="5999" SrcFileId="2" StartOffset="5888"/>
                                        </LocList>
                                        <BasicStmnt CovItemId="S27" CovItemPrefix="org.jfree.data.test.RangeTest.java" Intrnl_Id="527">
                                            <LocList>
                                                <Loc EndOffset="5878" SrcFileId="2" StartOffset="5846"/>
                                            </LocList>
                                        </BasicStmnt>
                                        <BasicStmnt CovItemId="S28" CovItemPrefix="org.jfree.data.test.RangeTest.java" Intrnl_Id="528">
                                            <LocList>
                                                <Loc EndOffset="5999" SrcFileId="2" StartOffset="5888"/>
                                            </LocList>
                                        </BasicStmnt>
                                    </StmntSeq>
                                </HierarchyLvl>
                                <HierarchyLvl HierarchyLvlId="78" HierarchyLvlTypeId="5" Intrnl_Id="529" Name="testSamePositiveValuesLowerBound">
                                    <Header>
                                        <Loc EndOffset="6142" SrcFileId="2" StartOffset="6018"/>
                                    </Header>
                                    <LocList>
                                        <Loc EndOffset="6303" SrcFileId="2" StartOffset="6018"/>
                                    </LocList>
                                    <StmntSeq Intrnl_Id="530">
                                        <LocList>
                                            <Loc EndOffset="6182" SrcFileId="2" StartOffset="6151"/>
                                            <Loc EndOffset="6296" SrcFileId="2" StartOffset="6189"/>
                                        </LocList>
                                        <BasicStmnt CovItemId="S29" CovItemPrefix="org.jfree.data.test.RangeTest.java" Intrnl_Id="531">
                                            <LocList>
                                                <Loc EndOffset="6182" SrcFileId="2" StartOffset="6151"/>
                                            </LocList>
                                        </BasicStmnt>
                                        <BasicStmnt CovItemId="S30" CovItemPrefix="org.jfree.data.test.RangeTest.java" Intrnl_Id="532">
                                            <LocList>
                                                <Loc EndOffset="6296" SrcFileId="2" StartOffset="6189"/>
                                            </LocList>
                                        </BasicStmnt>
                                    </StmntSeq>
                                </HierarchyLvl>
                                <HierarchyLvl HierarchyLvlId="79" HierarchyLvlTypeId="5" Intrnl_Id="533" Name="testSameNegativeValuesLowerBound">
                                    <Header>
                                        <Loc EndOffset="6439" SrcFileId="2" StartOffset="6315"/>
                                    </Header>
                                    <LocList>
                                        <Loc EndOffset="6606" SrcFileId="2" StartOffset="6315"/>
                                    </LocList>
                                    <StmntSeq Intrnl_Id="534">
                                        <LocList>
                                            <Loc EndOffset="6481" SrcFileId="2" StartOffset="6448"/>
                                            <Loc EndOffset="6599" SrcFileId="2" StartOffset="6488"/>
                                        </LocList>
                                        <BasicStmnt CovItemId="S31" CovItemPrefix="org.jfree.data.test.RangeTest.java" Intrnl_Id="535">
                                            <LocList>
                                                <Loc EndOffset="6481" SrcFileId="2" StartOffset="6448"/>
                                            </LocList>
                                        </BasicStmnt>
                                        <BasicStmnt CovItemId="S32" CovItemPrefix="org.jfree.data.test.RangeTest.java" Intrnl_Id="536">
                                            <LocList>
                                                <Loc EndOffset="6599" SrcFileId="2" StartOffset="6488"/>
                                            </LocList>
                                        </BasicStmnt>
                                    </StmntSeq>
                                </HierarchyLvl>
                                <HierarchyLvl HierarchyLvlId="80" HierarchyLvlTypeId="5" Intrnl_Id="537" Name="testNegativeDecimalLowerBound">
                                    <Header>
                                        <Loc EndOffset="6730" SrcFileId="2" StartOffset="6618"/>
                                    </Header>
                                    <LocList>
                                        <Loc EndOffset="6919" SrcFileId="2" StartOffset="6618"/>
                                    </LocList>
                                    <StmntSeq Intrnl_Id="538">
                                        <LocList>
                                            <Loc EndOffset="6777" SrcFileId="2" StartOffset="6739"/>
                                            <Loc EndOffset="6912" SrcFileId="2" StartOffset="6787"/>
                                        </LocList>
                                        <BasicStmnt CovItemId="S33" CovItemPrefix="org.jfree.data.test.RangeTest.java" Intrnl_Id="539">
                                            <LocList>
                                                <Loc EndOffset="6777" SrcFileId="2" StartOffset="6739"/>
                                            </LocList>
                                        </BasicStmnt>
                                        <BasicStmnt CovItemId="S34" CovItemPrefix="org.jfree.data.test.RangeTest.java" Intrnl_Id="540">
                                            <LocList>
                                                <Loc EndOffset="6912" SrcFileId="2" StartOffset="6787"/>
                                            </LocList>
                                        </BasicStmnt>
                                    </StmntSeq>
                                </HierarchyLvl>
                                <HierarchyLvl HierarchyLvlId="81" HierarchyLvlTypeId="5" Intrnl_Id="541" Name="testPositiveDecimalLowerBound">
                                    <Header>
                                        <Loc EndOffset="7043" SrcFileId="2" StartOffset="6931"/>
                                    </Header>
                                    <LocList>
                                        <Loc EndOffset="7232" SrcFileId="2" StartOffset="6931"/>
                                    </LocList>
                                    <StmntSeq Intrnl_Id="542">
                                        <LocList>
                                            <Loc EndOffset="7091" SrcFileId="2" StartOffset="7052"/>
                                            <Loc EndOffset="7225" SrcFileId="2" StartOffset="7101"/>
                                        </LocList>
                                        <BasicStmnt CovItemId="S35" CovItemPrefix="org.jfree.data.test.RangeTest.java" Intrnl_Id="543">
                                            <LocList>
                                                <Loc EndOffset="7091" SrcFileId="2" StartOffset="7052"/>
                                            </LocList>
                                        </BasicStmnt>
                                        <BasicStmnt CovItemId="S36" CovItemPrefix="org.jfree.data.test.RangeTest.java" Intrnl_Id="544">
                                            <LocList>
                                                <Loc EndOffset="7225" SrcFileId="2" StartOffset="7101"/>
                                            </LocList>
                                        </BasicStmnt>
                                    </StmntSeq>
                                </HierarchyLvl>
                                <HierarchyLvl HierarchyLvlId="82" HierarchyLvlTypeId="5" Intrnl_Id="545" Name="testSamePositiveValuesDecimalLowerBound">
                                    <Header>
                                        <Loc EndOffset="7383" SrcFileId="2" StartOffset="7244"/>
                                    </Header>
                                    <LocList>
                                        <Loc EndOffset="7568" SrcFileId="2" StartOffset="7244"/>
                                    </LocList>
                                    <StmntSeq Intrnl_Id="546">
                                        <LocList>
                                            <Loc EndOffset="7431" SrcFileId="2" StartOffset="7392"/>
                                            <Loc EndOffset="7561" SrcFileId="2" StartOffset="7438"/>
                                        </LocList>
                                        <BasicStmnt CovItemId="S37" CovItemPrefix="org.jfree.data.test.RangeTest.java" Intrnl_Id="547">
                                            <LocList>
                                                <Loc EndOffset="7431" SrcFileId="2" StartOffset="7392"/>
                                            </LocList>
                                        </BasicStmnt>
                                        <BasicStmnt CovItemId="S38" CovItemPrefix="org.jfree.data.test.RangeTest.java" Intrnl_Id="548">
                                            <LocList>
                                                <Loc EndOffset="7561" SrcFileId="2" StartOffset="7438"/>
                                            </LocList>
                                        </BasicStmnt>
                                    </StmntSeq>
                                </HierarchyLvl>
                                <HierarchyLvl HierarchyLvlId="83" HierarchyLvlTypeId="5" Intrnl_Id="549" Name="testSameNegativeValuesDecimalLowerBound">
                                    <Header>
                                        <Loc EndOffset="7719" SrcFileId="2" StartOffset="7580"/>
                                    </Header>
                                    <LocList>
                                        <Loc EndOffset="7910" SrcFileId="2" StartOffset="7580"/>
                                    </LocList>
                                    <StmntSeq Intrnl_Id="550">
                                        <LocList>
                                            <Loc EndOffset="7769" SrcFileId="2" StartOffset="7728"/>
                                            <Loc EndOffset="7903" SrcFileId="2" StartOffset="7776"/>
                                        </LocList>
                                        <BasicStmnt CovItemId="S39" CovItemPrefix="org.jfree.data.test.RangeTest.java" Intrnl_Id="551">
                                            <LocList>
                                                <Loc EndOffset="7769" SrcFileId="2" StartOffset="7728"/>
                                            </LocList>
                                        </BasicStmnt>
                                        <BasicStmnt CovItemId="S40" CovItemPrefix="org.jfree.data.test.RangeTest.java" Intrnl_Id="552">
                                            <LocList>
                                                <Loc EndOffset="7903" SrcFileId="2" StartOffset="7776"/>
                                            </LocList>
                                        </BasicStmnt>
                                    </StmntSeq>
                                </HierarchyLvl>
                                <HierarchyLvl HierarchyLvlId="84" HierarchyLvlTypeId="5" Intrnl_Id="553" Name="testLargeLowerBound">
                                    <Header>
                                        <Loc EndOffset="8018" SrcFileId="2" StartOffset="7922"/>
                                    </Header>
                                    <LocList>
                                        <Loc EndOffset="8233" SrcFileId="2" StartOffset="7922"/>
                                    </LocList>
                                    <StmntSeq Intrnl_Id="554">
                                        <LocList>
                                            <Loc EndOffset="8076" SrcFileId="2" StartOffset="8027"/>
                                            <Loc EndOffset="8226" SrcFileId="2" StartOffset="8083"/>
                                        </LocList>
                                        <BasicStmnt CovItemId="S41" CovItemPrefix="org.jfree.data.test.RangeTest.java" Intrnl_Id="555">
                                            <LocList>
                                                <Loc EndOffset="8076" SrcFileId="2" StartOffset="8027"/>
                                            </LocList>
                                        </BasicStmnt>
                                        <BasicStmnt CovItemId="S42" CovItemPrefix="org.jfree.data.test.RangeTest.java" Intrnl_Id="556">
                                            <LocList>
                                                <Loc EndOffset="8226" SrcFileId="2" StartOffset="8083"/>
                                            </LocList>
                                        </BasicStmnt>
                                    </StmntSeq>
                                </HierarchyLvl>
                                <HierarchyLvl HierarchyLvlId="85" HierarchyLvlTypeId="5" Intrnl_Id="557" Name="testSmallLowerBound">
                                    <Header>
                                        <Loc EndOffset="8341" SrcFileId="2" StartOffset="8245"/>
                                    </Header>
                                    <LocList>
                                        <Loc EndOffset="8560" SrcFileId="2" StartOffset="8245"/>
                                    </LocList>
                                    <StmntSeq Intrnl_Id="558">
                                        <LocList>
                                            <Loc EndOffset="8400" SrcFileId="2" StartOffset="8350"/>
                                            <Loc EndOffset="8553" SrcFileId="2" StartOffset="8407"/>
                                        </LocList>
                                        <BasicStmnt CovItemId="S43" CovItemPrefix="org.jfree.data.test.RangeTest.java" Intrnl_Id="559">
                                            <LocList>
                                                <Loc EndOffset="8400" SrcFileId="2" StartOffset="8350"/>
                                            </LocList>
                                        </BasicStmnt>
                                        <BasicStmnt CovItemId="S44" CovItemPrefix="org.jfree.data.test.RangeTest.java" Intrnl_Id="560">
                                            <LocList>
                                                <Loc EndOffset="8553" SrcFileId="2" StartOffset="8407"/>
                                            </LocList>
                                        </BasicStmnt>
                                    </StmntSeq>
                                </HierarchyLvl>
                                <HierarchyLvl HierarchyLvlId="86" HierarchyLvlTypeId="5" Intrnl_Id="561" Name="testNegativeUpperBound">
                                    <Header>
                                        <Loc EndOffset="8701" SrcFileId="2" StartOffset="8604"/>
                                    </Header>
                                    <LocList>
                                        <Loc EndOffset="8870" SrcFileId="2" StartOffset="8604"/>
                                    </LocList>
                                    <StmntSeq Intrnl_Id="562">
                                        <LocList>
                                            <Loc EndOffset="8742" SrcFileId="2" StartOffset="8710"/>
                                            <Loc EndOffset="8863" SrcFileId="2" StartOffset="8752"/>
                                        </LocList>
                                        <BasicStmnt CovItemId="S45" CovItemPrefix="org.jfree.data.test.RangeTest.java" Intrnl_Id="563">
                                            <LocList>
                                                <Loc EndOffset="8742" SrcFileId="2" StartOffset="8710"/>
                                            </LocList>
                                        </BasicStmnt>
                                        <BasicStmnt CovItemId="S46" CovItemPrefix="org.jfree.data.test.RangeTest.java" Intrnl_Id="564">
                                            <LocList>
                                                <Loc EndOffset="8863" SrcFileId="2" StartOffset="8752"/>
                                            </LocList>
                                        </BasicStmnt>
                                    </StmntSeq>
                                </HierarchyLvl>
                                <HierarchyLvl HierarchyLvlId="87" HierarchyLvlTypeId="5" Intrnl_Id="565" Name="testPositiveUpperBound">
                                    <Header>
                                        <Loc EndOffset="8979" SrcFileId="2" StartOffset="8882"/>
                                    </Header>
                                    <LocList>
                                        <Loc EndOffset="9150" SrcFileId="2" StartOffset="8882"/>
                                    </LocList>
                                    <StmntSeq Intrnl_Id="566">
                                        <LocList>
                                            <Loc EndOffset="9020" SrcFileId="2" StartOffset="8988"/>
                                            <Loc EndOffset="9143" SrcFileId="2" StartOffset="9030"/>
                                        </LocList>
                                        <BasicStmnt CovItemId="S47" CovItemPrefix="org.jfree.data.test.RangeTest.java" Intrnl_Id="567">
                                            <LocList>
                                                <Loc EndOffset="9020" SrcFileId="2" StartOffset="8988"/>
                                            </LocList>
                                        </BasicStmnt>
                                        <BasicStmnt CovItemId="S48" CovItemPrefix="org.jfree.data.test.RangeTest.java" Intrnl_Id="568">
                                            <LocList>
                                                <Loc EndOffset="9143" SrcFileId="2" StartOffset="9030"/>
                                            </LocList>
                                        </BasicStmnt>
                                    </StmntSeq>
                                </HierarchyLvl>
                                <HierarchyLvl HierarchyLvlId="88" HierarchyLvlTypeId="5" Intrnl_Id="569" Name="testSamePositiveValuesUpperBound">
                                    <Header>
                                        <Loc EndOffset="9286" SrcFileId="2" StartOffset="9162"/>
                                    </Header>
                                    <LocList>
                                        <Loc EndOffset="9446" SrcFileId="2" StartOffset="9162"/>
                                    </LocList>
                                    <StmntSeq Intrnl_Id="570">
                                        <LocList>
                                            <Loc EndOffset="9325" SrcFileId="2" StartOffset="9295"/>
                                            <Loc EndOffset="9439" SrcFileId="2" StartOffset="9332"/>
                                        </LocList>
                                        <BasicStmnt CovItemId="S49" CovItemPrefix="org.jfree.data.test.RangeTest.java" Intrnl_Id="571">
                                            <LocList>
                                                <Loc EndOffset="9325" SrcFileId="2" StartOffset="9295"/>
                                            </LocList>
                                        </BasicStmnt>
                                        <BasicStmnt CovItemId="S50" CovItemPrefix="org.jfree.data.test.RangeTest.java" Intrnl_Id="572">
                                            <LocList>
                                                <Loc EndOffset="9439" SrcFileId="2" StartOffset="9332"/>
                                            </LocList>
                                        </BasicStmnt>
                                    </StmntSeq>
                                </HierarchyLvl>
                                <HierarchyLvl HierarchyLvlId="89" HierarchyLvlTypeId="5" Intrnl_Id="573" Name="testSameNegativeValuesUpperBound">
                                    <Header>
                                        <Loc EndOffset="9582" SrcFileId="2" StartOffset="9458"/>
                                    </Header>
                                    <LocList>
                                        <Loc EndOffset="9749" SrcFileId="2" StartOffset="9458"/>
                                    </LocList>
                                    <StmntSeq Intrnl_Id="574">
                                        <LocList>
                                            <Loc EndOffset="9624" SrcFileId="2" StartOffset="9591"/>
                                            <Loc EndOffset="9742" SrcFileId="2" StartOffset="9631"/>
                                        </LocList>
                                        <BasicStmnt CovItemId="S51" CovItemPrefix="org.jfree.data.test.RangeTest.java" Intrnl_Id="575">
                                            <LocList>
                                                <Loc EndOffset="9624" SrcFileId="2" StartOffset="9591"/>
                                            </LocList>
                                        </BasicStmnt>
                                        <BasicStmnt CovItemId="S52" CovItemPrefix="org.jfree.data.test.RangeTest.java" Intrnl_Id="576">
                                            <LocList>
                                                <Loc EndOffset="9742" SrcFileId="2" StartOffset="9631"/>
                                            </LocList>
                                        </BasicStmnt>
                                    </StmntSeq>
                                </HierarchyLvl>
                                <HierarchyLvl HierarchyLvlId="90" HierarchyLvlTypeId="5" Intrnl_Id="577" Name="testNegativeDecimalUpperBound">
                                    <Header>
                                        <Loc EndOffset="9873" SrcFileId="2" StartOffset="9761"/>
                                    </Header>
                                    <LocList>
                                        <Loc EndOffset="10064" SrcFileId="2" StartOffset="9761"/>
                                    </LocList>
                                    <StmntSeq Intrnl_Id="578">
                                        <LocList>
                                            <Loc EndOffset="9921" SrcFileId="2" StartOffset="9882"/>
                                            <Loc EndOffset="10057" SrcFileId="2" StartOffset="9931"/>
                                        </LocList>
                                        <BasicStmnt CovItemId="S53" CovItemPrefix="org.jfree.data.test.RangeTest.java" Intrnl_Id="579">
                                            <LocList>
                                                <Loc EndOffset="9921" SrcFileId="2" StartOffset="9882"/>
                                            </LocList>
                                        </BasicStmnt>
                                        <BasicStmnt CovItemId="S54" CovItemPrefix="org.jfree.data.test.RangeTest.java" Intrnl_Id="580">
                                            <LocList>
                                                <Loc EndOffset="10057" SrcFileId="2" StartOffset="9931"/>
                                            </LocList>
                                        </BasicStmnt>
                                    </StmntSeq>
                                </HierarchyLvl>
                                <HierarchyLvl HierarchyLvlId="91" HierarchyLvlTypeId="5" Intrnl_Id="581" Name="testPositiveDecimalUpperBound">
                                    <Header>
                                        <Loc EndOffset="10188" SrcFileId="2" StartOffset="10076"/>
                                    </Header>
                                    <LocList>
                                        <Loc EndOffset="10377" SrcFileId="2" StartOffset="10076"/>
                                    </LocList>
                                    <StmntSeq Intrnl_Id="582">
                                        <LocList>
                                            <Loc EndOffset="10235" SrcFileId="2" StartOffset="10197"/>
                                            <Loc EndOffset="10370" SrcFileId="2" StartOffset="10245"/>
                                        </LocList>
                                        <BasicStmnt CovItemId="S55" CovItemPrefix="org.jfree.data.test.RangeTest.java" Intrnl_Id="583">
                                            <LocList>
                                                <Loc EndOffset="10235" SrcFileId="2" StartOffset="10197"/>
                                            </LocList>
                                        </BasicStmnt>
                                        <BasicStmnt CovItemId="S56" CovItemPrefix="org.jfree.data.test.RangeTest.java" Intrnl_Id="584">
                                            <LocList>
                                                <Loc EndOffset="10370" SrcFileId="2" StartOffset="10245"/>
                                            </LocList>
                                        </BasicStmnt>
                                    </StmntSeq>
                                </HierarchyLvl>
                                <HierarchyLvl HierarchyLvlId="92" HierarchyLvlTypeId="5" Intrnl_Id="585" Name="testSamePositiveValuesDecimalUpperBound">
                                    <Header>
                                        <Loc EndOffset="10528" SrcFileId="2" StartOffset="10389"/>
                                    </Header>
                                    <LocList>
                                        <Loc EndOffset="10707" SrcFileId="2" StartOffset="10389"/>
                                    </LocList>
                                    <StmntSeq Intrnl_Id="586">
                                        <LocList>
                                            <Loc EndOffset="10574" SrcFileId="2" StartOffset="10537"/>
                                            <Loc EndOffset="10700" SrcFileId="2" StartOffset="10581"/>
                                        </LocList>
                                        <BasicStmnt CovItemId="S57" CovItemPrefix="org.jfree.data.test.RangeTest.java" Intrnl_Id="587">
                                            <LocList>
                                                <Loc EndOffset="10574" SrcFileId="2" StartOffset="10537"/>
                                            </LocList>
                                        </BasicStmnt>
                                        <BasicStmnt CovItemId="S58" CovItemPrefix="org.jfree.data.test.RangeTest.java" Intrnl_Id="588">
                                            <LocList>
                                                <Loc EndOffset="10700" SrcFileId="2" StartOffset="10581"/>
                                            </LocList>
                                        </BasicStmnt>
                                    </StmntSeq>
                                </HierarchyLvl>
                                <HierarchyLvl HierarchyLvlId="93" HierarchyLvlTypeId="5" Intrnl_Id="589" Name="testSameNegativeValuesDecimalUpperBound">
                                    <Header>
                                        <Loc EndOffset="10858" SrcFileId="2" StartOffset="10719"/>
                                    </Header>
                                    <LocList>
                                        <Loc EndOffset="11043" SrcFileId="2" StartOffset="10719"/>
                                    </LocList>
                                    <StmntSeq Intrnl_Id="590">
                                        <LocList>
                                            <Loc EndOffset="10906" SrcFileId="2" StartOffset="10867"/>
                                            <Loc EndOffset="11036" SrcFileId="2" StartOffset="10913"/>
                                        </LocList>
                                        <BasicStmnt CovItemId="S59" CovItemPrefix="org.jfree.data.test.RangeTest.java" Intrnl_Id="591">
                                            <LocList>
                                                <Loc EndOffset="10906" SrcFileId="2" StartOffset="10867"/>
                                            </LocList>
                                        </BasicStmnt>
                                        <BasicStmnt CovItemId="S60" CovItemPrefix="org.jfree.data.test.RangeTest.java" Intrnl_Id="592">
                                            <LocList>
                                                <Loc EndOffset="11036" SrcFileId="2" StartOffset="10913"/>
                                            </LocList>
                                        </BasicStmnt>
                                    </StmntSeq>
                                </HierarchyLvl>
                                <HierarchyLvl HierarchyLvlId="94" HierarchyLvlTypeId="5" Intrnl_Id="593" Name="testLargeUpperBound">
                                    <Header>
                                        <Loc EndOffset="11151" SrcFileId="2" StartOffset="11055"/>
                                    </Header>
                                    <LocList>
                                        <Loc EndOffset="11366" SrcFileId="2" StartOffset="11055"/>
                                    </LocList>
                                    <StmntSeq Intrnl_Id="594">
                                        <LocList>
                                            <Loc EndOffset="11209" SrcFileId="2" StartOffset="11160"/>
                                            <Loc EndOffset="11359" SrcFileId="2" StartOffset="11216"/>
                                        </LocList>
                                        <BasicStmnt CovItemId="S61" CovItemPrefix="org.jfree.data.test.RangeTest.java" Intrnl_Id="595">
                                            <LocList>
                                                <Loc EndOffset="11209" SrcFileId="2" StartOffset="11160"/>
                                            </LocList>
                                        </BasicStmnt>
                                        <BasicStmnt CovItemId="S62" CovItemPrefix="org.jfree.data.test.RangeTest.java" Intrnl_Id="596">
                                            <LocList>
                                                <Loc EndOffset="11359" SrcFileId="2" StartOffset="11216"/>
                                            </LocList>
                                        </BasicStmnt>
                                    </StmntSeq>
                                </HierarchyLvl>
                                <HierarchyLvl HierarchyLvlId="95" HierarchyLvlTypeId="5" Intrnl_Id="597" Name="testSmallUpperBound">
                                    <Header>
                                        <Loc EndOffset="11474" SrcFileId="2" StartOffset="11378"/>
                                    </Header>
                                    <LocList>
                                        <Loc EndOffset="11695" SrcFileId="2" StartOffset="11378"/>
                                    </LocList>
                                    <StmntSeq Intrnl_Id="598">
                                        <LocList>
                                            <Loc EndOffset="11534" SrcFileId="2" StartOffset="11483"/>
                                            <Loc EndOffset="11688" SrcFileId="2" StartOffset="11541"/>
                                        </LocList>
                                        <BasicStmnt CovItemId="S63" CovItemPrefix="org.jfree.data.test.RangeTest.java" Intrnl_Id="599">
                                            <LocList>
                                                <Loc EndOffset="11534" SrcFileId="2" StartOffset="11483"/>
                                            </LocList>
                                        </BasicStmnt>
                                        <BasicStmnt CovItemId="S64" CovItemPrefix="org.jfree.data.test.RangeTest.java" Intrnl_Id="600">
                                            <LocList>
                                                <Loc EndOffset="11688" SrcFileId="2" StartOffset="11541"/>
                                            </LocList>
                                        </BasicStmnt>
                                    </StmntSeq>
                                </HierarchyLvl>
                                <HierarchyLvl HierarchyLvlId="96" HierarchyLvlTypeId="5" Intrnl_Id="601" Name="tearDown">
                                    <Header>
                                        <Loc EndOffset="11760" SrcFileId="2" StartOffset="11709"/>
                                    </Header>
                                    <LocList>
                                        <Loc EndOffset="11769" SrcFileId="2" StartOffset="11709"/>
                                    </LocList>
                                </HierarchyLvl>
                                <HierarchyLvl HierarchyLvlId="97" HierarchyLvlTypeId="5" Intrnl_Id="602" Name="tearDownAfterClass">
                                    <Header>
                                        <Loc EndOffset="11850" SrcFileId="2" StartOffset="11777"/>
                                    </Header>
                                    <LocList>
                                        <Loc EndOffset="11859" SrcFileId="2" StartOffset="11777"/>
                                    </LocList>
                                </HierarchyLvl>
                            </HierarchyLvl>
                        </HierarchyLvl>
                    </HierarchyLvl>
                </HierarchyLvl>
            </HierarchyLvl>
        </HierarchyLvl>
    </MASTRoot>
</TestSessionContainer>
